{"H:\\3YP\\e20-3yp-Cattle-Management-System\\cms-backend\\src\\app.ts": {"path":"H:\\3YP\\e20-3yp-Cattle-Management-System\\cms-backend\\src\\app.ts","statementMap":{"0":{"start":{"line":1,"column":0},"end":{"line":1,"column":30}},"1":{"start":{"line":2,"column":0},"end":{"line":2,"column":24}},"2":{"start":{"line":3,"column":0},"end":{"line":3,"column":41}},"3":{"start":{"line":4,"column":0},"end":{"line":4,"column":49}},"4":{"start":{"line":6,"column":12},"end":{"line":6,"column":21}},"5":{"start":{"line":9,"column":0},"end":{"line":12,"column":4}},"6":{"start":{"line":13,"column":0},"end":{"line":13,"column":24}},"7":{"start":{"line":14,"column":0},"end":{"line":14,"column":24}},"8":{"start":{"line":17,"column":0},"end":{"line":17,"column":33}},"9":{"start":{"line":19,"column":0},"end":{"line":19,"column":19}}},"fnMap":{},"branchMap":{},"s":{"0":1,"1":1,"2":1,"3":1,"4":1,"5":1,"6":1,"7":1,"8":1,"9":1},"f":{},"b":{}}
,"H:\\3YP\\e20-3yp-Cattle-Management-System\\cms-backend\\src\\controller\\authController.ts": {"path":"H:\\3YP\\e20-3yp-Cattle-Management-System\\cms-backend\\src\\controller\\authController.ts","statementMap":{"0":{"start":{"line":2,"column":0},"end":{"line":2,"column":38}},"1":{"start":{"line":3,"column":0},"end":{"line":3,"column":28}},"2":{"start":{"line":4,"column":0},"end":{"line":4,"column":31}},"3":{"start":{"line":15,"column":21},"end":{"line":33,"column":1}},"4":{"start":{"line":16,"column":2},"end":{"line":16,"column":37}},"5":{"start":{"line":17,"column":41},"end":{"line":17,"column":43}},"6":{"start":{"line":20,"column":2},"end":{"line":23,"column":3}},"7":{"start":{"line":21,"column":4},"end":{"line":21,"column":46}},"8":{"start":{"line":22,"column":4},"end":{"line":22,"column":18}},"9":{"start":{"line":26,"column":2},"end":{"line":30,"column":3}},"10":{"start":{"line":27,"column":4},"end":{"line":29,"column":7}},"11":{"start":{"line":28,"column":6},"end":{"line":28,"column":74}},"12":{"start":{"line":32,"column":2},"end":{"line":32,"column":16}},"13":{"start":{"line":36,"column":21},"end":{"line":91,"column":2}},"14":{"start":{"line":36,"column":74},"end":{"line":91,"column":2}},"15":{"start":{"line":37,"column":2},"end":{"line":37,"column":42}},"16":{"start":{"line":38,"column":2},"end":{"line":41,"column":5}},"17":{"start":{"line":43,"column":30},"end":{"line":43,"column":38}},"18":{"start":{"line":45,"column":2},"end":{"line":90,"column":3}},"19":{"start":{"line":46,"column":4},"end":{"line":48,"column":5}},"20":{"start":{"line":47,"column":6},"end":{"line":47,"column":56}},"21":{"start":{"line":50,"column":17},"end":{"line":50,"column":46}},"22":{"start":{"line":51,"column":4},"end":{"line":51,"column":52}},"23":{"start":{"line":53,"column":4},"end":{"line":53,"column":74}},"24":{"start":{"line":53,"column":15},"end":{"line":53,"column":74}},"25":{"start":{"line":55,"column":28},"end":{"line":55,"column":73}},"26":{"start":{"line":56,"column":4},"end":{"line":56,"column":52}},"27":{"start":{"line":58,"column":4},"end":{"line":58,"column":90}},"28":{"start":{"line":58,"column":26},"end":{"line":58,"column":90}},"29":{"start":{"line":61,"column":24},"end":{"line":64,"column":null}},"30":{"start":{"line":67,"column":25},"end":{"line":70,"column":null}},"31":{"start":{"line":74,"column":4},"end":{"line":74,"column":37}},"32":{"start":{"line":75,"column":4},"end":{"line":75,"column":22}},"33":{"start":{"line":76,"column":4},"end":{"line":76,"column":46}},"34":{"start":{"line":78,"column":4},"end":{"line":83,"column":7}},"35":{"start":{"line":85,"column":4},"end":{"line":85,"column":49}},"36":{"start":{"line":87,"column":4},"end":{"line":87,"column":41}},"37":{"start":{"line":88,"column":19},"end":{"line":88,"column":38}},"38":{"start":{"line":89,"column":4},"end":{"line":89,"column":37}},"39":{"start":{"line":36,"column":13},"end":{"line":36,"column":21}},"40":{"start":{"line":94,"column":22},"end":{"line":115,"column":2}},"41":{"start":{"line":94,"column":60},"end":{"line":115,"column":2}},"42":{"start":{"line":95,"column":60},"end":{"line":95,"column":68}},"43":{"start":{"line":97,"column":2},"end":{"line":114,"column":3}},"44":{"start":{"line":98,"column":17},"end":{"line":98,"column":41}},"45":{"start":{"line":99,"column":27},"end":{"line":99,"column":60}},"46":{"start":{"line":101,"column":20},"end":{"line":107,"column":6}},"47":{"start":{"line":109,"column":4},"end":{"line":109,"column":25}},"48":{"start":{"line":110,"column":4},"end":{"line":110,"column":82}},"49":{"start":{"line":112,"column":19},"end":{"line":112,"column":38}},"50":{"start":{"line":113,"column":4},"end":{"line":113,"column":37}},"51":{"start":{"line":94,"column":13},"end":{"line":94,"column":22}},"52":{"start":{"line":118,"column":22},"end":{"line":139,"column":2}},"53":{"start":{"line":118,"column":60},"end":{"line":139,"column":2}},"54":{"start":{"line":119,"column":18},"end":{"line":119,"column":29}},"55":{"start":{"line":120,"column":2},"end":{"line":120,"column":48}},"56":{"start":{"line":120,"column":21},"end":{"line":120,"column":48}},"57":{"start":{"line":122,"column":23},"end":{"line":122,"column":34}},"58":{"start":{"line":125,"column":15},"end":{"line":125,"column":58}},"59":{"start":{"line":126,"column":2},"end":{"line":129,"column":3}},"60":{"start":{"line":127,"column":2},"end":{"line":127,"column":25}},"61":{"start":{"line":128,"column":2},"end":{"line":128,"column":20}},"62":{"start":{"line":132,"column":2},"end":{"line":136,"column":5}},"63":{"start":{"line":138,"column":2},"end":{"line":138,"column":22}},"64":{"start":{"line":118,"column":13},"end":{"line":118,"column":22}},"65":{"start":{"line":142,"column":30},"end":{"line":166,"column":2}},"66":{"start":{"line":142,"column":68},"end":{"line":166,"column":2}},"67":{"start":{"line":143,"column":43},"end":{"line":143,"column":51}},"68":{"start":{"line":144,"column":17},"end":{"line":144,"column":33}},"69":{"start":{"line":146,"column":2},"end":{"line":165,"column":3}},"70":{"start":{"line":147,"column":17},"end":{"line":147,"column":44}},"71":{"start":{"line":148,"column":4},"end":{"line":148,"column":74}},"72":{"start":{"line":148,"column":15},"end":{"line":148,"column":74}},"73":{"start":{"line":151,"column":28},"end":{"line":151,"column":80}},"74":{"start":{"line":152,"column":4},"end":{"line":154,"column":5}},"75":{"start":{"line":153,"column":6},"end":{"line":153,"column":80}},"76":{"start":{"line":157,"column":17},"end":{"line":157,"column":41}},"77":{"start":{"line":158,"column":4},"end":{"line":158,"column":57}},"78":{"start":{"line":159,"column":4},"end":{"line":159,"column":22}},"79":{"start":{"line":161,"column":4},"end":{"line":161,"column":71}},"80":{"start":{"line":163,"column":19},"end":{"line":163,"column":38}},"81":{"start":{"line":164,"column":4},"end":{"line":164,"column":37}},"82":{"start":{"line":142,"column":13},"end":{"line":142,"column":30}},"83":{"start":{"line":169,"column":30},"end":{"line":183,"column":2}},"84":{"start":{"line":169,"column":68},"end":{"line":183,"column":2}},"85":{"start":{"line":170,"column":17},"end":{"line":170,"column":33}},"86":{"start":{"line":172,"column":2},"end":{"line":182,"column":3}},"87":{"start":{"line":173,"column":17},"end":{"line":173,"column":78}},"88":{"start":{"line":175,"column":4},"end":{"line":177,"column":5}},"89":{"start":{"line":176,"column":6},"end":{"line":176,"column":65}},"90":{"start":{"line":178,"column":4},"end":{"line":178,"column":31}},"91":{"start":{"line":180,"column":19},"end":{"line":180,"column":38}},"92":{"start":{"line":181,"column":4},"end":{"line":181,"column":37}},"93":{"start":{"line":169,"column":13},"end":{"line":169,"column":30}},"94":{"start":{"line":186,"column":33},"end":{"line":216,"column":2}},"95":{"start":{"line":186,"column":71},"end":{"line":216,"column":2}},"96":{"start":{"line":187,"column":17},"end":{"line":187,"column":33}},"97":{"start":{"line":188,"column":50},"end":{"line":188,"column":58}},"98":{"start":{"line":190,"column":2},"end":{"line":215,"column":3}},"99":{"start":{"line":191,"column":17},"end":{"line":191,"column":44}},"100":{"start":{"line":192,"column":4},"end":{"line":194,"column":5}},"101":{"start":{"line":193,"column":6},"end":{"line":193,"column":65}},"102":{"start":{"line":197,"column":4},"end":{"line":202,"column":5}},"103":{"start":{"line":198,"column":27},"end":{"line":198,"column":56}},"104":{"start":{"line":199,"column":6},"end":{"line":201,"column":7}},"105":{"start":{"line":200,"column":8},"end":{"line":200,"column":73}},"106":{"start":{"line":205,"column":4},"end":{"line":205,"column":31}},"107":{"start":{"line":206,"column":4},"end":{"line":206,"column":29}},"108":{"start":{"line":207,"column":4},"end":{"line":207,"column":23}},"109":{"start":{"line":208,"column":4},"end":{"line":208,"column":27}},"110":{"start":{"line":210,"column":4},"end":{"line":210,"column":22}},"111":{"start":{"line":211,"column":4},"end":{"line":211,"column":81}},"112":{"start":{"line":213,"column":19},"end":{"line":213,"column":38}},"113":{"start":{"line":214,"column":4},"end":{"line":214,"column":37}},"114":{"start":{"line":186,"column":13},"end":{"line":186,"column":33}}},"fnMap":{"0":{"name":"(anonymous_8)","decl":{"start":{"line":15,"column":21},"end":{"line":15,"column":22}},"loc":{"start":{"line":15,"column":58},"end":{"line":33,"column":1}}},"1":{"name":"(anonymous_9)","decl":{"start":{"line":27,"column":38},"end":{"line":27,"column":39}},"loc":{"start":{"line":27,"column":62},"end":{"line":29,"column":5}}},"2":{"name":"(anonymous_10)","decl":{"start":{"line":36,"column":21},"end":{"line":36,"column":28}},"loc":{"start":{"line":36,"column":74},"end":{"line":91,"column":2}}},"3":{"name":"(anonymous_11)","decl":{"start":{"line":36,"column":74},"end":{"line":36,"column":null}},"loc":{"start":{"line":36,"column":74},"end":{"line":91,"column":1}}},"4":{"name":"(anonymous_12)","decl":{"start":{"line":94,"column":22},"end":{"line":94,"column":29}},"loc":{"start":{"line":94,"column":60},"end":{"line":115,"column":2}}},"5":{"name":"(anonymous_13)","decl":{"start":{"line":94,"column":60},"end":{"line":94,"column":null}},"loc":{"start":{"line":94,"column":60},"end":{"line":115,"column":1}}},"6":{"name":"(anonymous_14)","decl":{"start":{"line":118,"column":22},"end":{"line":118,"column":29}},"loc":{"start":{"line":118,"column":60},"end":{"line":139,"column":2}}},"7":{"name":"(anonymous_15)","decl":{"start":{"line":118,"column":60},"end":{"line":118,"column":null}},"loc":{"start":{"line":118,"column":60},"end":{"line":139,"column":1}}},"8":{"name":"(anonymous_16)","decl":{"start":{"line":142,"column":30},"end":{"line":142,"column":37}},"loc":{"start":{"line":142,"column":68},"end":{"line":166,"column":2}}},"9":{"name":"(anonymous_17)","decl":{"start":{"line":142,"column":68},"end":{"line":142,"column":null}},"loc":{"start":{"line":142,"column":68},"end":{"line":166,"column":1}}},"10":{"name":"(anonymous_18)","decl":{"start":{"line":169,"column":30},"end":{"line":169,"column":37}},"loc":{"start":{"line":169,"column":68},"end":{"line":183,"column":2}}},"11":{"name":"(anonymous_19)","decl":{"start":{"line":169,"column":68},"end":{"line":169,"column":null}},"loc":{"start":{"line":169,"column":68},"end":{"line":183,"column":1}}},"12":{"name":"(anonymous_20)","decl":{"start":{"line":186,"column":33},"end":{"line":186,"column":40}},"loc":{"start":{"line":186,"column":71},"end":{"line":216,"column":2}}},"13":{"name":"(anonymous_21)","decl":{"start":{"line":186,"column":71},"end":{"line":186,"column":null}},"loc":{"start":{"line":186,"column":71},"end":{"line":216,"column":1}}}},"branchMap":{"0":{"loc":{"start":{"line":20,"column":2},"end":{"line":23,"column":3}},"type":"if","locations":[{"start":{"line":20,"column":2},"end":{"line":23,"column":3}}]},"1":{"loc":{"start":{"line":26,"column":2},"end":{"line":30,"column":3}},"type":"if","locations":[{"start":{"line":26,"column":2},"end":{"line":30,"column":3}}]},"2":{"loc":{"start":{"line":39,"column":23},"end":{"line":39,"column":74}},"type":"cond-expr","locations":[{"start":{"line":39,"column":57},"end":{"line":39,"column":62}},{"start":{"line":39,"column":65},"end":{"line":39,"column":74}}]},"3":{"loc":{"start":{"line":40,"column":24},"end":{"line":40,"column":76}},"type":"cond-expr","locations":[{"start":{"line":40,"column":59},"end":{"line":40,"column":64}},{"start":{"line":40,"column":67},"end":{"line":40,"column":76}}]},"4":{"loc":{"start":{"line":46,"column":4},"end":{"line":48,"column":5}},"type":"if","locations":[{"start":{"line":46,"column":4},"end":{"line":48,"column":5}}]},"5":{"loc":{"start":{"line":46,"column":8},"end":{"line":46,"column":77}},"type":"binary-expr","locations":[{"start":{"line":46,"column":8},"end":{"line":46,"column":40}},{"start":{"line":46,"column":44},"end":{"line":46,"column":77}}]},"6":{"loc":{"start":{"line":51,"column":31},"end":{"line":51,"column":50}},"type":"cond-expr","locations":[{"start":{"line":51,"column":38},"end":{"line":51,"column":43}},{"start":{"line":51,"column":46},"end":{"line":51,"column":50}}]},"7":{"loc":{"start":{"line":53,"column":4},"end":{"line":53,"column":74}},"type":"if","locations":[{"start":{"line":53,"column":4},"end":{"line":53,"column":74}}]},"8":{"loc":{"start":{"line":58,"column":4},"end":{"line":58,"column":90}},"type":"if","locations":[{"start":{"line":58,"column":4},"end":{"line":58,"column":90}}]},"9":{"loc":{"start":{"line":120,"column":2},"end":{"line":120,"column":48}},"type":"if","locations":[{"start":{"line":120,"column":2},"end":{"line":120,"column":48}}]},"10":{"loc":{"start":{"line":120,"column":7},"end":{"line":120,"column":19}},"type":"cond-expr","locations":[{"start":{"line":120,"column":14},"end":{"line":120,"column":16}},{"start":{"line":120,"column":7},"end":{"line":120,"column":19}}]},"11":{"loc":{"start":{"line":120,"column":7},"end":{"line":120,"column":16}},"type":"binary-expr","locations":[{"start":{"line":120,"column":7},"end":{"line":120,"column":16}},{"start":{"line":120,"column":7},"end":{"line":120,"column":16}}]},"12":{"loc":{"start":{"line":126,"column":2},"end":{"line":129,"column":3}},"type":"if","locations":[{"start":{"line":126,"column":2},"end":{"line":129,"column":3}}]},"13":{"loc":{"start":{"line":144,"column":17},"end":{"line":144,"column":33}},"type":"cond-expr","locations":[{"start":{"line":144,"column":25},"end":{"line":144,"column":27}},{"start":{"line":144,"column":25},"end":{"line":144,"column":33}}]},"14":{"loc":{"start":{"line":144,"column":17},"end":{"line":144,"column":27}},"type":"binary-expr","locations":[{"start":{"line":144,"column":17},"end":{"line":144,"column":27}},{"start":{"line":144,"column":25},"end":{"line":144,"column":27}}]},"15":{"loc":{"start":{"line":148,"column":4},"end":{"line":148,"column":74}},"type":"if","locations":[{"start":{"line":148,"column":4},"end":{"line":148,"column":74}}]},"16":{"loc":{"start":{"line":152,"column":4},"end":{"line":154,"column":5}},"type":"if","locations":[{"start":{"line":152,"column":4},"end":{"line":154,"column":5}}]},"17":{"loc":{"start":{"line":170,"column":17},"end":{"line":170,"column":33}},"type":"cond-expr","locations":[{"start":{"line":170,"column":25},"end":{"line":170,"column":27}},{"start":{"line":170,"column":25},"end":{"line":170,"column":33}}]},"18":{"loc":{"start":{"line":170,"column":17},"end":{"line":170,"column":27}},"type":"binary-expr","locations":[{"start":{"line":170,"column":17},"end":{"line":170,"column":27}},{"start":{"line":170,"column":25},"end":{"line":170,"column":27}}]},"19":{"loc":{"start":{"line":175,"column":4},"end":{"line":177,"column":5}},"type":"if","locations":[{"start":{"line":175,"column":4},"end":{"line":177,"column":5}}]},"20":{"loc":{"start":{"line":187,"column":17},"end":{"line":187,"column":33}},"type":"cond-expr","locations":[{"start":{"line":187,"column":25},"end":{"line":187,"column":27}},{"start":{"line":187,"column":25},"end":{"line":187,"column":33}}]},"21":{"loc":{"start":{"line":187,"column":17},"end":{"line":187,"column":27}},"type":"binary-expr","locations":[{"start":{"line":187,"column":17},"end":{"line":187,"column":27}},{"start":{"line":187,"column":25},"end":{"line":187,"column":27}}]},"22":{"loc":{"start":{"line":192,"column":4},"end":{"line":194,"column":5}},"type":"if","locations":[{"start":{"line":192,"column":4},"end":{"line":194,"column":5}}]},"23":{"loc":{"start":{"line":197,"column":4},"end":{"line":202,"column":5}},"type":"if","locations":[{"start":{"line":197,"column":4},"end":{"line":202,"column":5}}]},"24":{"loc":{"start":{"line":199,"column":6},"end":{"line":201,"column":7}},"type":"if","locations":[{"start":{"line":199,"column":6},"end":{"line":201,"column":7}}]}},"s":{"0":1,"1":1,"2":1,"3":1,"4":1,"5":1,"6":1,"7":1,"8":1,"9":0,"10":0,"11":0,"12":0,"13":1,"14":4,"15":4,"16":4,"17":4,"18":4,"19":4,"20":0,"21":4,"22":4,"23":4,"24":0,"25":4,"26":4,"27":4,"28":1,"29":3,"30":3,"31":3,"32":3,"33":3,"34":3,"35":3,"36":0,"37":0,"38":0,"39":1,"40":1,"41":3,"42":3,"43":3,"44":3,"45":3,"46":3,"47":3,"48":2,"49":1,"50":1,"51":1,"52":1,"53":0,"54":0,"55":0,"56":0,"57":0,"58":0,"59":0,"60":0,"61":0,"62":0,"63":0,"64":1,"65":1,"66":0,"67":0,"68":0,"69":0,"70":0,"71":0,"72":0,"73":0,"74":0,"75":0,"76":0,"77":0,"78":0,"79":0,"80":0,"81":0,"82":1,"83":1,"84":1,"85":1,"86":1,"87":1,"88":1,"89":0,"90":1,"91":0,"92":0,"93":1,"94":1,"95":0,"96":0,"97":0,"98":0,"99":0,"100":0,"101":0,"102":0,"103":0,"104":0,"105":0,"106":0,"107":0,"108":0,"109":0,"110":0,"111":0,"112":0,"113":0,"114":1},"f":{"0":1,"1":0,"2":4,"3":4,"4":3,"5":3,"6":0,"7":0,"8":0,"9":0,"10":1,"11":1,"12":0,"13":0},"b":{"0":[1],"1":[0],"2":[4,0],"3":[4,0],"4":[0],"5":[4,4],"6":[4,0],"7":[0],"8":[1],"9":[0],"10":[0,0],"11":[0,0],"12":[0],"13":[0,0],"14":[0,0],"15":[0],"16":[0],"17":[0,1],"18":[1,1],"19":[0],"20":[0,0],"21":[0,0],"22":[0],"23":[0],"24":[0]}}
,"H:\\3YP\\e20-3yp-Cattle-Management-System\\cms-backend\\src\\controller\\geoFenceController.ts": {"path":"H:\\3YP\\e20-3yp-Cattle-Management-System\\cms-backend\\src\\controller\\geoFenceController.ts","statementMap":{"0":{"start":{"line":1,"column":0},"end":{"line":1,"column":51}},"1":{"start":{"line":3,"column":0},"end":{"line":13,"column":2}},"2":{"start":{"line":3,"column":53},"end":{"line":13,"column":2}},"3":{"start":{"line":4,"column":2},"end":{"line":12,"column":3}},"4":{"start":{"line":5,"column":21},"end":{"line":5,"column":47}},"5":{"start":{"line":6,"column":4},"end":{"line":6,"column":35}},"6":{"start":{"line":8,"column":4},"end":{"line":11,"column":7}},"7":{"start":{"line":15,"column":0},"end":{"line":32,"column":2}},"8":{"start":{"line":15,"column":50},"end":{"line":32,"column":2}},"9":{"start":{"line":16,"column":62},"end":{"line":16,"column":70}},"10":{"start":{"line":17,"column":2},"end":{"line":31,"column":3}},"11":{"start":{"line":18,"column":21},"end":{"line":24,"column":6}},"12":{"start":{"line":25,"column":4},"end":{"line":25,"column":26}},"13":{"start":{"line":26,"column":4},"end":{"line":26,"column":71}},"14":{"start":{"line":28,"column":4},"end":{"line":30,"column":75}}},"fnMap":{"0":{"name":"(anonymous_8)","decl":{"start":{"line":3,"column":24},"end":{"line":3,"column":31}},"loc":{"start":{"line":3,"column":53},"end":{"line":13,"column":2}}},"1":{"name":"(anonymous_9)","decl":{"start":{"line":3,"column":53},"end":{"line":3,"column":null}},"loc":{"start":{"line":3,"column":53},"end":{"line":13,"column":1}}},"2":{"name":"(anonymous_10)","decl":{"start":{"line":15,"column":21},"end":{"line":15,"column":28}},"loc":{"start":{"line":15,"column":50},"end":{"line":32,"column":2}}},"3":{"name":"(anonymous_11)","decl":{"start":{"line":15,"column":50},"end":{"line":15,"column":null}},"loc":{"start":{"line":15,"column":50},"end":{"line":32,"column":1}}}},"branchMap":{},"s":{"0":0,"1":0,"2":0,"3":0,"4":0,"5":0,"6":0,"7":0,"8":0,"9":0,"10":0,"11":0,"12":0,"13":0,"14":0},"f":{"0":0,"1":0,"2":0,"3":0},"b":{}}
,"H:\\3YP\\e20-3yp-Cattle-Management-System\\cms-backend\\src\\controller\\refreshTokenController.ts": {"path":"H:\\3YP\\e20-3yp-Cattle-Management-System\\cms-backend\\src\\controller\\refreshTokenController.ts","statementMap":{"0":{"start":{"line":2,"column":0},"end":{"line":2,"column":38}},"1":{"start":{"line":3,"column":0},"end":{"line":3,"column":31}},"2":{"start":{"line":5,"column":34},"end":{"line":35,"column":2}},"3":{"start":{"line":5,"column":72},"end":{"line":35,"column":2}},"4":{"start":{"line":6,"column":17},"end":{"line":6,"column":28}},"5":{"start":{"line":7,"column":2},"end":{"line":9,"column":3}},"6":{"start":{"line":8,"column":4},"end":{"line":8,"column":31}},"7":{"start":{"line":10,"column":2},"end":{"line":10,"column":26}},"8":{"start":{"line":11,"column":23},"end":{"line":11,"column":33}},"9":{"start":{"line":12,"column":15},"end":{"line":12,"column":70}},"10":{"start":{"line":13,"column":2},"end":{"line":15,"column":3}},"11":{"start":{"line":14,"column":4},"end":{"line":14,"column":27}},"12":{"start":{"line":17,"column":2},"end":{"line":19,"column":3}},"13":{"start":{"line":18,"column":4},"end":{"line":18,"column":77}},"14":{"start":{"line":20,"column":2},"end":{"line":34,"column":4}},"15":{"start":{"line":24,"column":6},"end":{"line":26,"column":7}},"16":{"start":{"line":25,"column":8},"end":{"line":25,"column":62}},"17":{"start":{"line":27,"column":26},"end":{"line":30,"column":null}},"18":{"start":{"line":32,"column":6},"end":{"line":32,"column":51}},"19":{"start":{"line":5,"column":13},"end":{"line":5,"column":34}}},"fnMap":{"0":{"name":"(anonymous_8)","decl":{"start":{"line":5,"column":34},"end":{"line":5,"column":41}},"loc":{"start":{"line":5,"column":72},"end":{"line":35,"column":2}}},"1":{"name":"(anonymous_9)","decl":{"start":{"line":5,"column":72},"end":{"line":5,"column":null}},"loc":{"start":{"line":5,"column":72},"end":{"line":35,"column":1}}},"2":{"name":"(anonymous_10)","decl":{"start":{"line":23,"column":4},"end":{"line":23,"column":5}},"loc":{"start":{"line":23,"column":31},"end":{"line":33,"column":5}}}},"branchMap":{"0":{"loc":{"start":{"line":7,"column":2},"end":{"line":9,"column":3}},"type":"if","locations":[{"start":{"line":7,"column":2},"end":{"line":9,"column":3}}]},"1":{"loc":{"start":{"line":7,"column":7},"end":{"line":7,"column":18}},"type":"cond-expr","locations":[{"start":{"line":7,"column":13},"end":{"line":7,"column":15}},{"start":{"line":7,"column":7},"end":{"line":7,"column":18}}]},"2":{"loc":{"start":{"line":7,"column":7},"end":{"line":7,"column":15}},"type":"binary-expr","locations":[{"start":{"line":7,"column":7},"end":{"line":7,"column":15}},{"start":{"line":7,"column":7},"end":{"line":7,"column":15}}]},"3":{"loc":{"start":{"line":13,"column":2},"end":{"line":15,"column":3}},"type":"if","locations":[{"start":{"line":13,"column":2},"end":{"line":15,"column":3}}]},"4":{"loc":{"start":{"line":17,"column":2},"end":{"line":19,"column":3}},"type":"if","locations":[{"start":{"line":17,"column":2},"end":{"line":19,"column":3}}]},"5":{"loc":{"start":{"line":24,"column":6},"end":{"line":26,"column":7}},"type":"if","locations":[{"start":{"line":24,"column":6},"end":{"line":26,"column":7}}]}},"s":{"0":1,"1":1,"2":1,"3":0,"4":0,"5":0,"6":0,"7":0,"8":0,"9":0,"10":0,"11":0,"12":0,"13":0,"14":0,"15":0,"16":0,"17":0,"18":0,"19":1},"f":{"0":0,"1":0,"2":0},"b":{"0":[0],"1":[0,0],"2":[0,0],"3":[0],"4":[0],"5":[0]}}
,"H:\\3YP\\e20-3yp-Cattle-Management-System\\cms-backend\\src\\middlewear\\verifyJWT.ts": {"path":"H:\\3YP\\e20-3yp-Cattle-Management-System\\cms-backend\\src\\middlewear\\verifyJWT.ts","statementMap":{"0":{"start":{"line":2,"column":0},"end":{"line":2,"column":31}},"1":{"start":{"line":3,"column":0},"end":{"line":3,"column":23}},"2":{"start":{"line":18,"column":18},"end":{"line":31,"column":1}},"3":{"start":{"line":19,"column":21},"end":{"line":19,"column":49}},"4":{"start":{"line":20,"column":2},"end":{"line":20,"column":76}},"5":{"start":{"line":20,"column":19},"end":{"line":20,"column":76}},"6":{"start":{"line":21,"column":16},"end":{"line":21,"column":40}},"7":{"start":{"line":22,"column":2},"end":{"line":30,"column":4}},"8":{"start":{"line":26,"column":6},"end":{"line":26,"column":69}},"9":{"start":{"line":26,"column":15},"end":{"line":26,"column":69}},"10":{"start":{"line":27,"column":6},"end":{"line":27,"column":25}},"11":{"start":{"line":28,"column":6},"end":{"line":28,"column":13}},"12":{"start":{"line":33,"column":0},"end":{"line":33,"column":25}}},"fnMap":{"0":{"name":"(anonymous_1)","decl":{"start":{"line":18,"column":18},"end":{"line":18,"column":19}},"loc":{"start":{"line":18,"column":70},"end":{"line":31,"column":1}}},"1":{"name":"(anonymous_2)","decl":{"start":{"line":25,"column":4},"end":{"line":25,"column":5}},"loc":{"start":{"line":25,"column":31},"end":{"line":29,"column":5}}}},"branchMap":{"0":{"loc":{"start":{"line":20,"column":2},"end":{"line":20,"column":76}},"type":"if","locations":[{"start":{"line":20,"column":2},"end":{"line":20,"column":76}}]},"1":{"loc":{"start":{"line":26,"column":6},"end":{"line":26,"column":69}},"type":"if","locations":[{"start":{"line":26,"column":6},"end":{"line":26,"column":69}}]}},"s":{"0":1,"1":1,"2":1,"3":2,"4":2,"5":1,"6":1,"7":1,"8":1,"9":0,"10":1,"11":1,"12":1},"f":{"0":2,"1":1},"b":{"0":[1],"1":[0]}}
,"H:\\3YP\\e20-3yp-Cattle-Management-System\\cms-backend\\src\\model\\UserModel.ts": {"path":"H:\\3YP\\e20-3yp-Cattle-Management-System\\cms-backend\\src\\model\\UserModel.ts","statementMap":{"0":{"start":{"line":1,"column":0},"end":{"line":1,"column":32}},"1":{"start":{"line":2,"column":15},"end":{"line":2,"column":32}},"2":{"start":{"line":3,"column":20},"end":{"line":3,"column":40}},"3":{"start":{"line":18,"column":19},"end":{"line":45,"column":2}},"4":{"start":{"line":47,"column":13},"end":{"line":49,"column":null}},"5":{"start":{"line":51,"column":0},"end":{"line":51,"column":20}}},"fnMap":{},"branchMap":{},"s":{"0":1,"1":1,"2":1,"3":1,"4":1,"5":1},"f":{},"b":{}}
,"H:\\3YP\\e20-3yp-Cattle-Management-System\\cms-backend\\src\\model\\cattle.ts": {"path":"H:\\3YP\\e20-3yp-Cattle-Management-System\\cms-backend\\src\\model\\cattle.ts","statementMap":{"0":{"start":{"line":1,"column":0},"end":{"line":1,"column":32}},"1":{"start":{"line":3,"column":21},"end":{"line":17,"column":null}},"2":{"start":{"line":21,"column":15},"end":{"line":21,"column":52}},"3":{"start":{"line":22,"column":0},"end":{"line":22,"column":22}}},"fnMap":{},"branchMap":{},"s":{"0":0,"1":0,"2":0,"3":0},"f":{},"b":{}}
,"H:\\3YP\\e20-3yp-Cattle-Management-System\\cms-backend\\src\\model\\geoFenceModel.ts": {"path":"H:\\3YP\\e20-3yp-Cattle-Management-System\\cms-backend\\src\\model\\geoFenceModel.ts","statementMap":{"0":{"start":{"line":1,"column":0},"end":{"line":1,"column":32}},"1":{"start":{"line":3,"column":0},"end":{"line":3,"column":null}},"2":{"start":{"line":4,"column":2},"end":{"line":4,"column":null}},"3":{"start":{"line":5,"column":2},"end":{"line":5,"column":null}},"4":{"start":{"line":8,"column":23},"end":{"line":30,"column":2}},"5":{"start":{"line":32,"column":22},"end":{"line":32,"column":64}},"6":{"start":{"line":33,"column":0},"end":{"line":33,"column":29}}},"fnMap":{"0":{"name":"(anonymous_1)","decl":{"start":{"line":3,"column":0},"end":{"line":3,"column":12}},"loc":{"start":{"line":3,"column":20},"end":{"line":6,"column":1}}}},"branchMap":{"0":{"loc":{"start":{"line":3,"column":12},"end":{"line":3,"column":null}},"type":"binary-expr","locations":[{"start":{"line":3,"column":12},"end":{"line":3,"column":20}},{"start":{"line":3,"column":20},"end":{"line":3,"column":null}}]}},"s":{"0":0,"1":0,"2":0,"3":0,"4":0,"5":0,"6":0},"f":{"0":0},"b":{"0":[0,0]}}
,"H:\\3YP\\e20-3yp-Cattle-Management-System\\cms-backend\\src\\model\\latestSensorData.ts": {"path":"H:\\3YP\\e20-3yp-Cattle-Management-System\\cms-backend\\src\\model\\latestSensorData.ts","statementMap":{"0":{"start":{"line":1,"column":0},"end":{"line":1,"column":32}},"1":{"start":{"line":3,"column":20},"end":{"line":14,"column":2}},"2":{"start":{"line":16,"column":25},"end":{"line":40,"column":null}},"3":{"start":{"line":44,"column":19},"end":{"line":44,"column":70}},"4":{"start":{"line":45,"column":0},"end":{"line":45,"column":26}}},"fnMap":{},"branchMap":{},"s":{"0":0,"1":0,"2":0,"3":0,"4":0},"f":{},"b":{}}
,"H:\\3YP\\e20-3yp-Cattle-Management-System\\cms-backend\\src\\model\\sensorData.ts": {"path":"H:\\3YP\\e20-3yp-Cattle-Management-System\\cms-backend\\src\\model\\sensorData.ts","statementMap":{"0":{"start":{"line":1,"column":0},"end":{"line":1,"column":32}},"1":{"start":{"line":3,"column":20},"end":{"line":14,"column":2}},"2":{"start":{"line":16,"column":25},"end":{"line":40,"column":null}},"3":{"start":{"line":44,"column":19},"end":{"line":44,"column":64}},"4":{"start":{"line":45,"column":0},"end":{"line":45,"column":26}}},"fnMap":{},"branchMap":{},"s":{"0":0,"1":0,"2":0,"3":0,"4":0},"f":{},"b":{}}
,"H:\\3YP\\e20-3yp-Cattle-Management-System\\cms-backend\\src\\routes\\api\\authRoutes.ts": {"path":"H:\\3YP\\e20-3yp-Cattle-Management-System\\cms-backend\\src\\routes\\api\\authRoutes.ts","statementMap":{"0":{"start":{"line":1,"column":0},"end":{"line":1,"column":49}},"1":{"start":{"line":2,"column":0},"end":{"line":2,"column":null}},"2":{"start":{"line":10,"column":0},"end":{"line":10,"column":77}},"3":{"start":{"line":11,"column":0},"end":{"line":11,"column":51}},"4":{"start":{"line":13,"column":15},"end":{"line":13,"column":23}},"5":{"start":{"line":16,"column":0},"end":{"line":16,"column":47}},"6":{"start":{"line":17,"column":0},"end":{"line":17,"column":49}},"7":{"start":{"line":18,"column":0},"end":{"line":18,"column":95}},"8":{"start":{"line":19,"column":0},"end":{"line":19,"column":61}},"9":{"start":{"line":20,"column":0},"end":{"line":20,"column":48}},"10":{"start":{"line":21,"column":0},"end":{"line":21,"column":91}},"11":{"start":{"line":22,"column":0},"end":{"line":22,"column":96}},"12":{"start":{"line":24,"column":0},"end":{"line":24,"column":22}}},"fnMap":{},"branchMap":{},"s":{"0":1,"1":1,"2":1,"3":1,"4":1,"5":1,"6":1,"7":1,"8":1,"9":1,"10":1,"11":1,"12":1},"f":{},"b":{}}
,"H:\\3YP\\e20-3yp-Cattle-Management-System\\cms-backend\\src\\routes\\api\\cattleRoutes.ts": {"path":"H:\\3YP\\e20-3yp-Cattle-Management-System\\cms-backend\\src\\routes\\api\\cattleRoutes.ts","statementMap":{"0":{"start":{"line":1,"column":0},"end":{"line":1,"column":53}},"1":{"start":{"line":2,"column":0},"end":{"line":2,"column":40}},"2":{"start":{"line":5,"column":15},"end":{"line":5,"column":31}},"3":{"start":{"line":96,"column":19},"end":{"line":96,"column":31}},"4":{"start":{"line":7,"column":0},"end":{"line":15,"column":3}},"5":{"start":{"line":7,"column":54},"end":{"line":15,"column":2}},"6":{"start":{"line":8,"column":4},"end":{"line":14,"column":5}},"7":{"start":{"line":9,"column":23},"end":{"line":9,"column":42}},"8":{"start":{"line":10,"column":8},"end":{"line":10,"column":37}},"9":{"start":{"line":12,"column":8},"end":{"line":12,"column":55}},"10":{"start":{"line":13,"column":8},"end":{"line":13,"column":94}},"11":{"start":{"line":17,"column":0},"end":{"line":28,"column":3}},"12":{"start":{"line":17,"column":51},"end":{"line":28,"column":2}},"13":{"start":{"line":18,"column":4},"end":{"line":27,"column":5}},"14":{"start":{"line":19,"column":23},"end":{"line":19,"column":72}},"15":{"start":{"line":20,"column":8},"end":{"line":22,"column":9}},"16":{"start":{"line":21,"column":12},"end":{"line":21,"column":73}},"17":{"start":{"line":23,"column":8},"end":{"line":23,"column":37}},"18":{"start":{"line":25,"column":8},"end":{"line":25,"column":55}},"19":{"start":{"line":26,"column":8},"end":{"line":26,"column":94}},"20":{"start":{"line":31,"column":0},"end":{"line":51,"column":3}},"21":{"start":{"line":31,"column":46},"end":{"line":51,"column":2}},"22":{"start":{"line":32,"column":45},"end":{"line":32,"column":53}},"23":{"start":{"line":34,"column":4},"end":{"line":36,"column":5}},"24":{"start":{"line":35,"column":8},"end":{"line":35,"column":75}},"25":{"start":{"line":38,"column":4},"end":{"line":50,"column":5}},"26":{"start":{"line":39,"column":31},"end":{"line":39,"column":62}},"27":{"start":{"line":40,"column":8},"end":{"line":42,"column":9}},"28":{"start":{"line":41,"column":12},"end":{"line":41,"column":94}},"29":{"start":{"line":44,"column":26},"end":{"line":44,"column":53}},"30":{"start":{"line":45,"column":8},"end":{"line":45,"column":31}},"31":{"start":{"line":46,"column":8},"end":{"line":46,"column":90}},"32":{"start":{"line":48,"column":8},"end":{"line":48,"column":55}},"33":{"start":{"line":49,"column":8},"end":{"line":49,"column":89}},"34":{"start":{"line":53,"column":0},"end":{"line":78,"column":3}},"35":{"start":{"line":53,"column":47},"end":{"line":78,"column":2}},"36":{"start":{"line":54,"column":4},"end":{"line":77,"column":5}},"37":{"start":{"line":55,"column":49},"end":{"line":55,"column":57}},"38":{"start":{"line":57,"column":8},"end":{"line":59,"column":9}},"39":{"start":{"line":58,"column":12},"end":{"line":58,"column":80}},"40":{"start":{"line":61,"column":31},"end":{"line":61,"column":80}},"41":{"start":{"line":62,"column":8},"end":{"line":64,"column":9}},"42":{"start":{"line":63,"column":12},"end":{"line":63,"column":73}},"43":{"start":{"line":66,"column":30},"end":{"line":69,"column":null}},"44":{"start":{"line":72,"column":8},"end":{"line":72,"column":96}},"45":{"start":{"line":75,"column":8},"end":{"line":75,"column":55}},"46":{"start":{"line":76,"column":8},"end":{"line":76,"column":89}},"47":{"start":{"line":80,"column":0},"end":{"line":93,"column":3}},"48":{"start":{"line":80,"column":48},"end":{"line":93,"column":2}},"49":{"start":{"line":81,"column":4},"end":{"line":92,"column":5}},"50":{"start":{"line":83,"column":30},"end":{"line":83,"column":86}},"51":{"start":{"line":84,"column":8},"end":{"line":86,"column":9}},"52":{"start":{"line":85,"column":12},"end":{"line":85,"column":73}},"53":{"start":{"line":87,"column":8},"end":{"line":87,"column":73}},"54":{"start":{"line":90,"column":8},"end":{"line":90,"column":55}},"55":{"start":{"line":91,"column":8},"end":{"line":91,"column":89}}},"fnMap":{"0":{"name":"(anonymous_8)","decl":{"start":{"line":7,"column":16},"end":{"line":7,"column":23}},"loc":{"start":{"line":7,"column":54},"end":{"line":15,"column":2}}},"1":{"name":"(anonymous_9)","decl":{"start":{"line":7,"column":54},"end":{"line":7,"column":null}},"loc":{"start":{"line":7,"column":54},"end":{"line":15,"column":1}}},"2":{"name":"(anonymous_10)","decl":{"start":{"line":17,"column":22},"end":{"line":17,"column":29}},"loc":{"start":{"line":17,"column":51},"end":{"line":28,"column":2}}},"3":{"name":"(anonymous_11)","decl":{"start":{"line":17,"column":51},"end":{"line":17,"column":null}},"loc":{"start":{"line":17,"column":51},"end":{"line":28,"column":1}}},"4":{"name":"(anonymous_12)","decl":{"start":{"line":31,"column":17},"end":{"line":31,"column":24}},"loc":{"start":{"line":31,"column":46},"end":{"line":51,"column":2}}},"5":{"name":"(anonymous_13)","decl":{"start":{"line":31,"column":46},"end":{"line":31,"column":null}},"loc":{"start":{"line":31,"column":46},"end":{"line":51,"column":1}}},"6":{"name":"(anonymous_14)","decl":{"start":{"line":53,"column":21},"end":{"line":53,"column":27}},"loc":{"start":{"line":53,"column":47},"end":{"line":78,"column":2}}},"7":{"name":"(anonymous_15)","decl":{"start":{"line":53,"column":47},"end":{"line":53,"column":null}},"loc":{"start":{"line":53,"column":47},"end":{"line":78,"column":1}}},"8":{"name":"(anonymous_16)","decl":{"start":{"line":80,"column":24},"end":{"line":80,"column":30}},"loc":{"start":{"line":80,"column":48},"end":{"line":93,"column":2}}},"9":{"name":"(anonymous_17)","decl":{"start":{"line":80,"column":48},"end":{"line":80,"column":null}},"loc":{"start":{"line":80,"column":48},"end":{"line":93,"column":1}}}},"branchMap":{"0":{"loc":{"start":{"line":20,"column":8},"end":{"line":22,"column":9}},"type":"if","locations":[{"start":{"line":20,"column":8},"end":{"line":22,"column":9}}]},"1":{"loc":{"start":{"line":34,"column":4},"end":{"line":36,"column":5}},"type":"if","locations":[{"start":{"line":34,"column":4},"end":{"line":36,"column":5}}]},"2":{"loc":{"start":{"line":34,"column":8},"end":{"line":34,"column":23}},"type":"binary-expr","locations":[{"start":{"line":34,"column":8},"end":{"line":34,"column":14}},{"start":{"line":34,"column":18},"end":{"line":34,"column":23}}]},"3":{"loc":{"start":{"line":40,"column":8},"end":{"line":42,"column":9}},"type":"if","locations":[{"start":{"line":40,"column":8},"end":{"line":42,"column":9}}]},"4":{"loc":{"start":{"line":57,"column":8},"end":{"line":59,"column":9}},"type":"if","locations":[{"start":{"line":57,"column":8},"end":{"line":59,"column":9}}]},"5":{"loc":{"start":{"line":57,"column":12},"end":{"line":57,"column":27}},"type":"binary-expr","locations":[{"start":{"line":57,"column":12},"end":{"line":57,"column":18}},{"start":{"line":57,"column":22},"end":{"line":57,"column":27}}]},"6":{"loc":{"start":{"line":62,"column":8},"end":{"line":64,"column":9}},"type":"if","locations":[{"start":{"line":62,"column":8},"end":{"line":64,"column":9}}]},"7":{"loc":{"start":{"line":84,"column":8},"end":{"line":86,"column":9}},"type":"if","locations":[{"start":{"line":84,"column":8},"end":{"line":86,"column":9}}]}},"s":{"0":0,"1":0,"2":0,"3":0,"4":0,"5":0,"6":0,"7":0,"8":0,"9":0,"10":0,"11":0,"12":0,"13":0,"14":0,"15":0,"16":0,"17":0,"18":0,"19":0,"20":0,"21":0,"22":0,"23":0,"24":0,"25":0,"26":0,"27":0,"28":0,"29":0,"30":0,"31":0,"32":0,"33":0,"34":0,"35":0,"36":0,"37":0,"38":0,"39":0,"40":0,"41":0,"42":0,"43":0,"44":0,"45":0,"46":0,"47":0,"48":0,"49":0,"50":0,"51":0,"52":0,"53":0,"54":0,"55":0},"f":{"0":0,"1":0,"2":0,"3":0,"4":0,"5":0,"6":0,"7":0,"8":0,"9":0},"b":{"0":[0],"1":[0],"2":[0,0],"3":[0],"4":[0],"5":[0,0],"6":[0],"7":[0]}}
,"H:\\3YP\\e20-3yp-Cattle-Management-System\\cms-backend\\src\\routes\\api\\geoFenceRoutes.ts": {"path":"H:\\3YP\\e20-3yp-Cattle-Management-System\\cms-backend\\src\\routes\\api\\geoFenceRoutes.ts","statementMap":{"0":{"start":{"line":1,"column":0},"end":{"line":1,"column":33}},"1":{"start":{"line":2,"column":27},"end":{"line":2,"column":73}},"2":{"start":{"line":4,"column":15},"end":{"line":4,"column":23}},"3":{"start":{"line":9,"column":19},"end":{"line":9,"column":33}},"4":{"start":{"line":6,"column":0},"end":{"line":6,"column":44}},"5":{"start":{"line":7,"column":0},"end":{"line":7,"column":43}}},"fnMap":{},"branchMap":{},"s":{"0":0,"1":0,"2":0,"3":0,"4":0,"5":0},"f":{},"b":{}}
,"H:\\3YP\\e20-3yp-Cattle-Management-System\\cms-backend\\src\\routes\\api\\sensorDataRoutes.ts": {"path":"H:\\3YP\\e20-3yp-Cattle-Management-System\\cms-backend\\src\\routes\\api\\sensorDataRoutes.ts","statementMap":{"0":{"start":{"line":1,"column":0},"end":{"line":1,"column":48}},"1":{"start":{"line":2,"column":0},"end":{"line":2,"column":55}},"2":{"start":{"line":4,"column":0},"end":{"line":4,"column":26}},"3":{"start":{"line":5,"column":16},"end":{"line":5,"column":34}},"4":{"start":{"line":6,"column":0},"end":{"line":6,"column":40}},"5":{"start":{"line":7,"column":0},"end":{"line":7,"column":59}},"6":{"start":{"line":8,"column":15},"end":{"line":8,"column":31}},"7":{"start":{"line":351,"column":18},"end":{"line":351,"column":34}},"8":{"start":{"line":10,"column":0},"end":{"line":17,"column":null}},"9":{"start":{"line":10,"column":40},"end":{"line":17,"column":2}},"10":{"start":{"line":11,"column":4},"end":{"line":16,"column":5}},"11":{"start":{"line":12,"column":21},"end":{"line":12,"column":44}},"12":{"start":{"line":13,"column":8},"end":{"line":13,"column":35}},"13":{"start":{"line":15,"column":8},"end":{"line":15,"column":72}},"14":{"start":{"line":29,"column":0},"end":{"line":58,"column":3}},"15":{"start":{"line":29,"column":55},"end":{"line":58,"column":2}},"16":{"start":{"line":30,"column":4},"end":{"line":57,"column":5}},"17":{"start":{"line":31,"column":31},"end":{"line":31,"column":54}},"18":{"start":{"line":32,"column":27},"end":{"line":32,"column":46}},"19":{"start":{"line":35,"column":26},"end":{"line":35,"column":68}},"20":{"start":{"line":35,"column":54},"end":{"line":35,"column":66}},"21":{"start":{"line":37,"column":23},"end":{"line":51,"column":null}},"22":{"start":{"line":37,"column":75},"end":{"line":51,"column":10}},"23":{"start":{"line":38,"column":31},"end":{"line":38,"column":133}},"24":{"start":{"line":41,"column":39},"end":{"line":41,"column":101}},"25":{"start":{"line":43,"column":12},"end":{"line":49,"column":null}},"26":{"start":{"line":54,"column":8},"end":{"line":54,"column":37}},"27":{"start":{"line":56,"column":8},"end":{"line":56,"column":96}},"28":{"start":{"line":60,"column":0},"end":{"line":90,"column":3}},"29":{"start":{"line":60,"column":51},"end":{"line":90,"column":2}},"30":{"start":{"line":61,"column":4},"end":{"line":89,"column":5}},"31":{"start":{"line":62,"column":27},"end":{"line":62,"column":55}},"32":{"start":{"line":65,"column":8},"end":{"line":67,"column":9}},"33":{"start":{"line":66,"column":12},"end":{"line":66,"column":52}},"34":{"start":{"line":70,"column":29},"end":{"line":83,"column":10}},"35":{"start":{"line":85,"column":8},"end":{"line":85,"column":43}},"36":{"start":{"line":87,"column":8},"end":{"line":87,"column":67}},"37":{"start":{"line":88,"column":8},"end":{"line":88,"column":72}},"38":{"start":{"line":102,"column":0},"end":{"line":152,"column":3}},"39":{"start":{"line":102,"column":61},"end":{"line":152,"column":2}},"40":{"start":{"line":103,"column":4},"end":{"line":151,"column":5}},"41":{"start":{"line":104,"column":25},"end":{"line":104,"column":53}},"42":{"start":{"line":105,"column":36},"end":{"line":105,"column":38}},"43":{"start":{"line":107,"column":8},"end":{"line":126,"column":9}},"44":{"start":{"line":109,"column":12},"end":{"line":109,"column":55}},"45":{"start":{"line":112,"column":12},"end":{"line":125,"column":15}},"46":{"start":{"line":128,"column":27},"end":{"line":128,"column":46}},"47":{"start":{"line":129,"column":26},"end":{"line":129,"column":68}},"48":{"start":{"line":129,"column":54},"end":{"line":129,"column":66}},"49":{"start":{"line":131,"column":23},"end":{"line":145,"column":11}},"50":{"start":{"line":131,"column":77},"end":{"line":145,"column":10}},"51":{"start":{"line":132,"column":29},"end":{"line":132,"column":44}},"52":{"start":{"line":133,"column":31},"end":{"line":133,"column":112}},"53":{"start":{"line":135,"column":39},"end":{"line":135,"column":84}},"54":{"start":{"line":137,"column":12},"end":{"line":143,"column":null}},"55":{"start":{"line":147,"column":8},"end":{"line":147,"column":37}},"56":{"start":{"line":149,"column":8},"end":{"line":149,"column":60}},"57":{"start":{"line":150,"column":8},"end":{"line":150,"column":96}},"58":{"start":{"line":157,"column":0},"end":{"line":188,"column":3}},"59":{"start":{"line":157,"column":69},"end":{"line":188,"column":2}},"60":{"start":{"line":158,"column":4},"end":{"line":187,"column":5}},"61":{"start":{"line":159,"column":22},"end":{"line":159,"column":48}},"62":{"start":{"line":160,"column":8},"end":{"line":162,"column":9}},"63":{"start":{"line":161,"column":12},"end":{"line":161,"column":80}},"64":{"start":{"line":164,"column":25},"end":{"line":164,"column":65}},"65":{"start":{"line":166,"column":31},"end":{"line":166,"column":87}},"66":{"start":{"line":167,"column":27},"end":{"line":167,"column":46}},"67":{"start":{"line":169,"column":26},"end":{"line":169,"column":68}},"68":{"start":{"line":169,"column":54},"end":{"line":169,"column":66}},"69":{"start":{"line":171,"column":23},"end":{"line":182,"column":11}},"70":{"start":{"line":171,"column":75},"end":{"line":182,"column":10}},"71":{"start":{"line":172,"column":31},"end":{"line":172,"column":99}},"72":{"start":{"line":173,"column":39},"end":{"line":173,"column":101}},"73":{"start":{"line":174,"column":12},"end":{"line":180,"column":null}},"74":{"start":{"line":184,"column":8},"end":{"line":184,"column":37}},"75":{"start":{"line":186,"column":8},"end":{"line":186,"column":91}},"76":{"start":{"line":192,"column":0},"end":{"line":228,"column":3}},"77":{"start":{"line":192,"column":71},"end":{"line":228,"column":2}},"78":{"start":{"line":193,"column":4},"end":{"line":227,"column":5}},"79":{"start":{"line":194,"column":23},"end":{"line":194,"column":50}},"80":{"start":{"line":195,"column":8},"end":{"line":197,"column":9}},"81":{"start":{"line":196,"column":12},"end":{"line":196,"column":81}},"82":{"start":{"line":199,"column":25},"end":{"line":199,"column":67}},"83":{"start":{"line":200,"column":8},"end":{"line":200,"column":51}},"84":{"start":{"line":204,"column":31},"end":{"line":204,"column":87}},"85":{"start":{"line":205,"column":8},"end":{"line":205,"column":65}},"86":{"start":{"line":207,"column":27},"end":{"line":207,"column":46}},"87":{"start":{"line":209,"column":26},"end":{"line":209,"column":68}},"88":{"start":{"line":209,"column":54},"end":{"line":209,"column":66}},"89":{"start":{"line":211,"column":23},"end":{"line":222,"column":11}},"90":{"start":{"line":211,"column":75},"end":{"line":222,"column":10}},"91":{"start":{"line":212,"column":31},"end":{"line":212,"column":99}},"92":{"start":{"line":213,"column":39},"end":{"line":213,"column":101}},"93":{"start":{"line":214,"column":12},"end":{"line":220,"column":null}},"94":{"start":{"line":224,"column":8},"end":{"line":224,"column":37}},"95":{"start":{"line":226,"column":8},"end":{"line":226,"column":92}},"96":{"start":{"line":230,"column":0},"end":{"line":258,"column":3}},"97":{"start":{"line":230,"column":68},"end":{"line":258,"column":2}},"98":{"start":{"line":231,"column":4},"end":{"line":257,"column":5}},"99":{"start":{"line":232,"column":22},"end":{"line":232,"column":48}},"100":{"start":{"line":234,"column":31},"end":{"line":234,"column":73}},"101":{"start":{"line":235,"column":27},"end":{"line":235,"column":58}},"102":{"start":{"line":237,"column":8},"end":{"line":239,"column":9}},"103":{"start":{"line":238,"column":12},"end":{"line":238,"column":73}},"104":{"start":{"line":241,"column":23},"end":{"line":252,"column":11}},"105":{"start":{"line":241,"column":75},"end":{"line":252,"column":10}},"106":{"start":{"line":242,"column":39},"end":{"line":242,"column":101}},"107":{"start":{"line":244,"column":12},"end":{"line":250,"column":null}},"108":{"start":{"line":254,"column":8},"end":{"line":254,"column":37}},"109":{"start":{"line":256,"column":8},"end":{"line":256,"column":93}},"110":{"start":{"line":261,"column":0},"end":{"line":299,"column":3}},"111":{"start":{"line":261,"column":76},"end":{"line":299,"column":2}},"112":{"start":{"line":262,"column":4},"end":{"line":298,"column":5}},"113":{"start":{"line":263,"column":22},"end":{"line":263,"column":48}},"114":{"start":{"line":264,"column":22},"end":{"line":264,"column":48}},"115":{"start":{"line":266,"column":8},"end":{"line":268,"column":9}},"116":{"start":{"line":267,"column":12},"end":{"line":267,"column":90}},"117":{"start":{"line":270,"column":25},"end":{"line":270,"column":65}},"118":{"start":{"line":272,"column":31},"end":{"line":275,"column":10}},"119":{"start":{"line":277,"column":27},"end":{"line":277,"column":58}},"120":{"start":{"line":279,"column":8},"end":{"line":281,"column":9}},"121":{"start":{"line":280,"column":12},"end":{"line":280,"column":73}},"122":{"start":{"line":283,"column":23},"end":{"line":293,"column":11}},"123":{"start":{"line":283,"column":75},"end":{"line":293,"column":10}},"124":{"start":{"line":284,"column":39},"end":{"line":284,"column":101}},"125":{"start":{"line":285,"column":12},"end":{"line":291,"column":null}},"126":{"start":{"line":295,"column":8},"end":{"line":295,"column":37}},"127":{"start":{"line":297,"column":8},"end":{"line":297,"column":90}},"128":{"start":{"line":302,"column":0},"end":{"line":340,"column":3}},"129":{"start":{"line":302,"column":78},"end":{"line":340,"column":2}},"130":{"start":{"line":303,"column":4},"end":{"line":339,"column":5}},"131":{"start":{"line":304,"column":22},"end":{"line":304,"column":48}},"132":{"start":{"line":305,"column":23},"end":{"line":305,"column":50}},"133":{"start":{"line":307,"column":8},"end":{"line":309,"column":9}},"134":{"start":{"line":308,"column":12},"end":{"line":308,"column":91}},"135":{"start":{"line":311,"column":25},"end":{"line":311,"column":67}},"136":{"start":{"line":313,"column":31},"end":{"line":316,"column":10}},"137":{"start":{"line":318,"column":27},"end":{"line":318,"column":58}},"138":{"start":{"line":320,"column":8},"end":{"line":322,"column":9}},"139":{"start":{"line":321,"column":12},"end":{"line":321,"column":73}},"140":{"start":{"line":324,"column":23},"end":{"line":334,"column":11}},"141":{"start":{"line":324,"column":75},"end":{"line":334,"column":10}},"142":{"start":{"line":325,"column":39},"end":{"line":325,"column":101}},"143":{"start":{"line":326,"column":12},"end":{"line":332,"column":null}},"144":{"start":{"line":336,"column":8},"end":{"line":336,"column":37}},"145":{"start":{"line":338,"column":8},"end":{"line":338,"column":91}},"146":{"start":{"line":342,"column":0},"end":{"line":349,"column":null}},"147":{"start":{"line":342,"column":49},"end":{"line":349,"column":2}},"148":{"start":{"line":343,"column":4},"end":{"line":348,"column":5}},"149":{"start":{"line":344,"column":35},"end":{"line":344,"column":85}},"150":{"start":{"line":345,"column":8},"end":{"line":345,"column":37}},"151":{"start":{"line":347,"column":8},"end":{"line":347,"column":72}}},"fnMap":{"0":{"name":"(anonymous_8)","decl":{"start":{"line":10,"column":15},"end":{"line":10,"column":22}},"loc":{"start":{"line":10,"column":40},"end":{"line":17,"column":2}}},"1":{"name":"(anonymous_9)","decl":{"start":{"line":10,"column":40},"end":{"line":10,"column":null}},"loc":{"start":{"line":10,"column":40},"end":{"line":17,"column":1}}},"2":{"name":"(anonymous_10)","decl":{"start":{"line":29,"column":26},"end":{"line":29,"column":33}},"loc":{"start":{"line":29,"column":55},"end":{"line":58,"column":2}}},"3":{"name":"(anonymous_11)","decl":{"start":{"line":29,"column":55},"end":{"line":29,"column":null}},"loc":{"start":{"line":29,"column":55},"end":{"line":58,"column":1}}},"4":{"name":"(anonymous_12)","decl":{"start":{"line":35,"column":49},"end":{"line":35,"column":50}},"loc":{"start":{"line":35,"column":54},"end":{"line":35,"column":66}}},"5":{"name":"(anonymous_13)","decl":{"start":{"line":37,"column":60},"end":{"line":37,"column":66}},"loc":{"start":{"line":37,"column":75},"end":{"line":51,"column":10}}},"6":{"name":"(anonymous_14)","decl":{"start":{"line":37,"column":75},"end":{"line":37,"column":null}},"loc":{"start":{"line":37,"column":75},"end":{"line":51,"column":9}}},"7":{"name":"(anonymous_15)","decl":{"start":{"line":60,"column":22},"end":{"line":60,"column":29}},"loc":{"start":{"line":60,"column":51},"end":{"line":90,"column":2}}},"8":{"name":"(anonymous_16)","decl":{"start":{"line":60,"column":51},"end":{"line":60,"column":null}},"loc":{"start":{"line":60,"column":51},"end":{"line":90,"column":1}}},"9":{"name":"(anonymous_17)","decl":{"start":{"line":102,"column":32},"end":{"line":102,"column":39}},"loc":{"start":{"line":102,"column":61},"end":{"line":152,"column":2}}},"10":{"name":"(anonymous_18)","decl":{"start":{"line":102,"column":61},"end":{"line":102,"column":null}},"loc":{"start":{"line":102,"column":61},"end":{"line":152,"column":1}}},"11":{"name":"(anonymous_19)","decl":{"start":{"line":129,"column":49},"end":{"line":129,"column":50}},"loc":{"start":{"line":129,"column":54},"end":{"line":129,"column":66}}},"12":{"name":"(anonymous_20)","decl":{"start":{"line":131,"column":60},"end":{"line":131,"column":67}},"loc":{"start":{"line":131,"column":77},"end":{"line":145,"column":10}}},"13":{"name":"(anonymous_21)","decl":{"start":{"line":131,"column":77},"end":{"line":131,"column":null}},"loc":{"start":{"line":131,"column":77},"end":{"line":145,"column":9}}},"14":{"name":"(anonymous_22)","decl":{"start":{"line":157,"column":40},"end":{"line":157,"column":47}},"loc":{"start":{"line":157,"column":69},"end":{"line":188,"column":2}}},"15":{"name":"(anonymous_23)","decl":{"start":{"line":157,"column":69},"end":{"line":157,"column":null}},"loc":{"start":{"line":157,"column":69},"end":{"line":188,"column":1}}},"16":{"name":"(anonymous_24)","decl":{"start":{"line":169,"column":49},"end":{"line":169,"column":50}},"loc":{"start":{"line":169,"column":54},"end":{"line":169,"column":66}}},"17":{"name":"(anonymous_25)","decl":{"start":{"line":171,"column":60},"end":{"line":171,"column":66}},"loc":{"start":{"line":171,"column":75},"end":{"line":182,"column":10}}},"18":{"name":"(anonymous_26)","decl":{"start":{"line":171,"column":75},"end":{"line":171,"column":null}},"loc":{"start":{"line":171,"column":75},"end":{"line":182,"column":9}}},"19":{"name":"(anonymous_27)","decl":{"start":{"line":192,"column":42},"end":{"line":192,"column":49}},"loc":{"start":{"line":192,"column":71},"end":{"line":228,"column":2}}},"20":{"name":"(anonymous_28)","decl":{"start":{"line":192,"column":71},"end":{"line":192,"column":null}},"loc":{"start":{"line":192,"column":71},"end":{"line":228,"column":1}}},"21":{"name":"(anonymous_29)","decl":{"start":{"line":209,"column":49},"end":{"line":209,"column":50}},"loc":{"start":{"line":209,"column":54},"end":{"line":209,"column":66}}},"22":{"name":"(anonymous_30)","decl":{"start":{"line":211,"column":60},"end":{"line":211,"column":66}},"loc":{"start":{"line":211,"column":75},"end":{"line":222,"column":10}}},"23":{"name":"(anonymous_31)","decl":{"start":{"line":211,"column":75},"end":{"line":211,"column":null}},"loc":{"start":{"line":211,"column":75},"end":{"line":222,"column":9}}},"24":{"name":"(anonymous_32)","decl":{"start":{"line":230,"column":39},"end":{"line":230,"column":46}},"loc":{"start":{"line":230,"column":68},"end":{"line":258,"column":2}}},"25":{"name":"(anonymous_33)","decl":{"start":{"line":230,"column":68},"end":{"line":230,"column":null}},"loc":{"start":{"line":230,"column":68},"end":{"line":258,"column":1}}},"26":{"name":"(anonymous_34)","decl":{"start":{"line":241,"column":60},"end":{"line":241,"column":66}},"loc":{"start":{"line":241,"column":75},"end":{"line":252,"column":10}}},"27":{"name":"(anonymous_35)","decl":{"start":{"line":241,"column":75},"end":{"line":241,"column":null}},"loc":{"start":{"line":241,"column":75},"end":{"line":252,"column":9}}},"28":{"name":"(anonymous_36)","decl":{"start":{"line":261,"column":47},"end":{"line":261,"column":54}},"loc":{"start":{"line":261,"column":76},"end":{"line":299,"column":2}}},"29":{"name":"(anonymous_37)","decl":{"start":{"line":261,"column":76},"end":{"line":261,"column":null}},"loc":{"start":{"line":261,"column":76},"end":{"line":299,"column":1}}},"30":{"name":"(anonymous_38)","decl":{"start":{"line":283,"column":60},"end":{"line":283,"column":66}},"loc":{"start":{"line":283,"column":75},"end":{"line":293,"column":10}}},"31":{"name":"(anonymous_39)","decl":{"start":{"line":283,"column":75},"end":{"line":283,"column":null}},"loc":{"start":{"line":283,"column":75},"end":{"line":293,"column":9}}},"32":{"name":"(anonymous_40)","decl":{"start":{"line":302,"column":49},"end":{"line":302,"column":56}},"loc":{"start":{"line":302,"column":78},"end":{"line":340,"column":2}}},"33":{"name":"(anonymous_41)","decl":{"start":{"line":302,"column":78},"end":{"line":302,"column":null}},"loc":{"start":{"line":302,"column":78},"end":{"line":340,"column":1}}},"34":{"name":"(anonymous_42)","decl":{"start":{"line":324,"column":60},"end":{"line":324,"column":66}},"loc":{"start":{"line":324,"column":75},"end":{"line":334,"column":10}}},"35":{"name":"(anonymous_43)","decl":{"start":{"line":324,"column":75},"end":{"line":324,"column":null}},"loc":{"start":{"line":324,"column":75},"end":{"line":334,"column":9}}},"36":{"name":"(anonymous_44)","decl":{"start":{"line":342,"column":24},"end":{"line":342,"column":31}},"loc":{"start":{"line":342,"column":49},"end":{"line":349,"column":2}}},"37":{"name":"(anonymous_45)","decl":{"start":{"line":342,"column":49},"end":{"line":342,"column":null}},"loc":{"start":{"line":342,"column":49},"end":{"line":349,"column":1}}}},"branchMap":{"0":{"loc":{"start":{"line":38,"column":31},"end":{"line":38,"column":133}},"type":"cond-expr","locations":[{"start":{"line":38,"column":91},"end":{"line":38,"column":121}},{"start":{"line":38,"column":124},"end":{"line":38,"column":133}}]},"1":{"loc":{"start":{"line":38,"column":31},"end":{"line":38,"column":88}},"type":"binary-expr","locations":[{"start":{"line":38,"column":31},"end":{"line":38,"column":55}},{"start":{"line":38,"column":59},"end":{"line":38,"column":88}}]},"2":{"loc":{"start":{"line":45,"column":28},"end":{"line":45,"column":63}},"type":"cond-expr","locations":[{"start":{"line":45,"column":41},"end":{"line":45,"column":56}},{"start":{"line":45,"column":59},"end":{"line":45,"column":63}}]},"3":{"loc":{"start":{"line":46,"column":26},"end":{"line":46,"column":62}},"type":"cond-expr","locations":[{"start":{"line":46,"column":39},"end":{"line":46,"column":55}},{"start":{"line":46,"column":58},"end":{"line":46,"column":62}}]},"4":{"loc":{"start":{"line":47,"column":33},"end":{"line":47,"column":73}},"type":"cond-expr","locations":[{"start":{"line":47,"column":46},"end":{"line":47,"column":66}},{"start":{"line":47,"column":69},"end":{"line":47,"column":73}}]},"5":{"loc":{"start":{"line":65,"column":8},"end":{"line":67,"column":9}},"type":"if","locations":[{"start":{"line":65,"column":8},"end":{"line":67,"column":9}}]},"6":{"loc":{"start":{"line":107,"column":8},"end":{"line":126,"column":9}},"type":"if","locations":[{"start":{"line":107,"column":8},"end":{"line":126,"column":9}},{"start":{"line":110,"column":15},"end":{"line":126,"column":9}}]},"7":{"loc":{"start":{"line":133,"column":31},"end":{"line":133,"column":112}},"type":"cond-expr","locations":[{"start":{"line":133,"column":77},"end":{"line":133,"column":100}},{"start":{"line":133,"column":103},"end":{"line":133,"column":112}}]},"8":{"loc":{"start":{"line":133,"column":31},"end":{"line":133,"column":74}},"type":"binary-expr","locations":[{"start":{"line":133,"column":31},"end":{"line":133,"column":48}},{"start":{"line":133,"column":52},"end":{"line":133,"column":74}}]},"9":{"loc":{"start":{"line":139,"column":28},"end":{"line":139,"column":63}},"type":"cond-expr","locations":[{"start":{"line":139,"column":41},"end":{"line":139,"column":56}},{"start":{"line":139,"column":59},"end":{"line":139,"column":63}}]},"10":{"loc":{"start":{"line":140,"column":26},"end":{"line":140,"column":62}},"type":"cond-expr","locations":[{"start":{"line":140,"column":39},"end":{"line":140,"column":55}},{"start":{"line":140,"column":58},"end":{"line":140,"column":62}}]},"11":{"loc":{"start":{"line":141,"column":33},"end":{"line":141,"column":73}},"type":"cond-expr","locations":[{"start":{"line":141,"column":46},"end":{"line":141,"column":66}},{"start":{"line":141,"column":69},"end":{"line":141,"column":73}}]},"12":{"loc":{"start":{"line":160,"column":8},"end":{"line":162,"column":9}},"type":"if","locations":[{"start":{"line":160,"column":8},"end":{"line":162,"column":9}}]},"13":{"loc":{"start":{"line":160,"column":12},"end":{"line":160,"column":37}},"type":"binary-expr","locations":[{"start":{"line":160,"column":12},"end":{"line":160,"column":24}},{"start":{"line":160,"column":28},"end":{"line":160,"column":37}}]},"14":{"loc":{"start":{"line":172,"column":31},"end":{"line":172,"column":99}},"type":"cond-expr","locations":[{"start":{"line":172,"column":57},"end":{"line":172,"column":87}},{"start":{"line":172,"column":90},"end":{"line":172,"column":99}}]},"15":{"loc":{"start":{"line":176,"column":28},"end":{"line":176,"column":52}},"type":"binary-expr","locations":[{"start":{"line":176,"column":28},"end":{"line":176,"column":44}},{"start":{"line":176,"column":48},"end":{"line":176,"column":52}}]},"16":{"loc":{"start":{"line":176,"column":28},"end":{"line":176,"column":44}},"type":"cond-expr","locations":[{"start":{"line":176,"column":38},"end":{"line":176,"column":40}},{"start":{"line":176,"column":28},"end":{"line":176,"column":44}}]},"17":{"loc":{"start":{"line":176,"column":28},"end":{"line":176,"column":40}},"type":"binary-expr","locations":[{"start":{"line":176,"column":28},"end":{"line":176,"column":40}},{"start":{"line":176,"column":28},"end":{"line":176,"column":40}}]},"18":{"loc":{"start":{"line":177,"column":26},"end":{"line":177,"column":51}},"type":"binary-expr","locations":[{"start":{"line":177,"column":26},"end":{"line":177,"column":43}},{"start":{"line":177,"column":47},"end":{"line":177,"column":51}}]},"19":{"loc":{"start":{"line":177,"column":26},"end":{"line":177,"column":43}},"type":"cond-expr","locations":[{"start":{"line":177,"column":36},"end":{"line":177,"column":38}},{"start":{"line":177,"column":26},"end":{"line":177,"column":43}}]},"20":{"loc":{"start":{"line":177,"column":26},"end":{"line":177,"column":38}},"type":"binary-expr","locations":[{"start":{"line":177,"column":26},"end":{"line":177,"column":38}},{"start":{"line":177,"column":26},"end":{"line":177,"column":38}}]},"21":{"loc":{"start":{"line":178,"column":33},"end":{"line":178,"column":62}},"type":"binary-expr","locations":[{"start":{"line":178,"column":33},"end":{"line":178,"column":54}},{"start":{"line":178,"column":58},"end":{"line":178,"column":62}}]},"22":{"loc":{"start":{"line":178,"column":33},"end":{"line":178,"column":54}},"type":"cond-expr","locations":[{"start":{"line":178,"column":43},"end":{"line":178,"column":45}},{"start":{"line":178,"column":33},"end":{"line":178,"column":54}}]},"23":{"loc":{"start":{"line":178,"column":33},"end":{"line":178,"column":45}},"type":"binary-expr","locations":[{"start":{"line":178,"column":33},"end":{"line":178,"column":45}},{"start":{"line":178,"column":33},"end":{"line":178,"column":45}}]},"24":{"loc":{"start":{"line":195,"column":8},"end":{"line":197,"column":9}},"type":"if","locations":[{"start":{"line":195,"column":8},"end":{"line":197,"column":9}}]},"25":{"loc":{"start":{"line":195,"column":12},"end":{"line":195,"column":39}},"type":"binary-expr","locations":[{"start":{"line":195,"column":12},"end":{"line":195,"column":25}},{"start":{"line":195,"column":29},"end":{"line":195,"column":39}}]},"26":{"loc":{"start":{"line":212,"column":31},"end":{"line":212,"column":99}},"type":"cond-expr","locations":[{"start":{"line":212,"column":57},"end":{"line":212,"column":87}},{"start":{"line":212,"column":90},"end":{"line":212,"column":99}}]},"27":{"loc":{"start":{"line":216,"column":28},"end":{"line":216,"column":52}},"type":"binary-expr","locations":[{"start":{"line":216,"column":28},"end":{"line":216,"column":44}},{"start":{"line":216,"column":48},"end":{"line":216,"column":52}}]},"28":{"loc":{"start":{"line":216,"column":28},"end":{"line":216,"column":44}},"type":"cond-expr","locations":[{"start":{"line":216,"column":38},"end":{"line":216,"column":40}},{"start":{"line":216,"column":28},"end":{"line":216,"column":44}}]},"29":{"loc":{"start":{"line":216,"column":28},"end":{"line":216,"column":40}},"type":"binary-expr","locations":[{"start":{"line":216,"column":28},"end":{"line":216,"column":40}},{"start":{"line":216,"column":28},"end":{"line":216,"column":40}}]},"30":{"loc":{"start":{"line":217,"column":26},"end":{"line":217,"column":51}},"type":"binary-expr","locations":[{"start":{"line":217,"column":26},"end":{"line":217,"column":43}},{"start":{"line":217,"column":47},"end":{"line":217,"column":51}}]},"31":{"loc":{"start":{"line":217,"column":26},"end":{"line":217,"column":43}},"type":"cond-expr","locations":[{"start":{"line":217,"column":36},"end":{"line":217,"column":38}},{"start":{"line":217,"column":26},"end":{"line":217,"column":43}}]},"32":{"loc":{"start":{"line":217,"column":26},"end":{"line":217,"column":38}},"type":"binary-expr","locations":[{"start":{"line":217,"column":26},"end":{"line":217,"column":38}},{"start":{"line":217,"column":26},"end":{"line":217,"column":38}}]},"33":{"loc":{"start":{"line":218,"column":33},"end":{"line":218,"column":62}},"type":"binary-expr","locations":[{"start":{"line":218,"column":33},"end":{"line":218,"column":54}},{"start":{"line":218,"column":58},"end":{"line":218,"column":62}}]},"34":{"loc":{"start":{"line":218,"column":33},"end":{"line":218,"column":54}},"type":"cond-expr","locations":[{"start":{"line":218,"column":43},"end":{"line":218,"column":45}},{"start":{"line":218,"column":33},"end":{"line":218,"column":54}}]},"35":{"loc":{"start":{"line":218,"column":33},"end":{"line":218,"column":45}},"type":"binary-expr","locations":[{"start":{"line":218,"column":33},"end":{"line":218,"column":45}},{"start":{"line":218,"column":33},"end":{"line":218,"column":45}}]},"36":{"loc":{"start":{"line":237,"column":8},"end":{"line":239,"column":9}},"type":"if","locations":[{"start":{"line":237,"column":8},"end":{"line":239,"column":9}}]},"37":{"loc":{"start":{"line":266,"column":8},"end":{"line":268,"column":9}},"type":"if","locations":[{"start":{"line":266,"column":8},"end":{"line":268,"column":9}}]},"38":{"loc":{"start":{"line":266,"column":12},"end":{"line":266,"column":53}},"type":"binary-expr","locations":[{"start":{"line":266,"column":12},"end":{"line":266,"column":24}},{"start":{"line":266,"column":28},"end":{"line":266,"column":40}},{"start":{"line":266,"column":44},"end":{"line":266,"column":53}}]},"39":{"loc":{"start":{"line":279,"column":8},"end":{"line":281,"column":9}},"type":"if","locations":[{"start":{"line":279,"column":8},"end":{"line":281,"column":9}}]},"40":{"loc":{"start":{"line":307,"column":8},"end":{"line":309,"column":9}},"type":"if","locations":[{"start":{"line":307,"column":8},"end":{"line":309,"column":9}}]},"41":{"loc":{"start":{"line":307,"column":12},"end":{"line":307,"column":55}},"type":"binary-expr","locations":[{"start":{"line":307,"column":12},"end":{"line":307,"column":24}},{"start":{"line":307,"column":28},"end":{"line":307,"column":41}},{"start":{"line":307,"column":45},"end":{"line":307,"column":55}}]},"42":{"loc":{"start":{"line":320,"column":8},"end":{"line":322,"column":9}},"type":"if","locations":[{"start":{"line":320,"column":8},"end":{"line":322,"column":9}}]}},"s":{"0":0,"1":0,"2":0,"3":0,"4":0,"5":0,"6":0,"7":0,"8":0,"9":0,"10":0,"11":0,"12":0,"13":0,"14":0,"15":0,"16":0,"17":0,"18":0,"19":0,"20":0,"21":0,"22":0,"23":0,"24":0,"25":0,"26":0,"27":0,"28":0,"29":0,"30":0,"31":0,"32":0,"33":0,"34":0,"35":0,"36":0,"37":0,"38":0,"39":0,"40":0,"41":0,"42":0,"43":0,"44":0,"45":0,"46":0,"47":0,"48":0,"49":0,"50":0,"51":0,"52":0,"53":0,"54":0,"55":0,"56":0,"57":0,"58":0,"59":0,"60":0,"61":0,"62":0,"63":0,"64":0,"65":0,"66":0,"67":0,"68":0,"69":0,"70":0,"71":0,"72":0,"73":0,"74":0,"75":0,"76":0,"77":0,"78":0,"79":0,"80":0,"81":0,"82":0,"83":0,"84":0,"85":0,"86":0,"87":0,"88":0,"89":0,"90":0,"91":0,"92":0,"93":0,"94":0,"95":0,"96":0,"97":0,"98":0,"99":0,"100":0,"101":0,"102":0,"103":0,"104":0,"105":0,"106":0,"107":0,"108":0,"109":0,"110":0,"111":0,"112":0,"113":0,"114":0,"115":0,"116":0,"117":0,"118":0,"119":0,"120":0,"121":0,"122":0,"123":0,"124":0,"125":0,"126":0,"127":0,"128":0,"129":0,"130":0,"131":0,"132":0,"133":0,"134":0,"135":0,"136":0,"137":0,"138":0,"139":0,"140":0,"141":0,"142":0,"143":0,"144":0,"145":0,"146":0,"147":0,"148":0,"149":0,"150":0,"151":0},"f":{"0":0,"1":0,"2":0,"3":0,"4":0,"5":0,"6":0,"7":0,"8":0,"9":0,"10":0,"11":0,"12":0,"13":0,"14":0,"15":0,"16":0,"17":0,"18":0,"19":0,"20":0,"21":0,"22":0,"23":0,"24":0,"25":0,"26":0,"27":0,"28":0,"29":0,"30":0,"31":0,"32":0,"33":0,"34":0,"35":0,"36":0,"37":0},"b":{"0":[0,0],"1":[0,0],"2":[0,0],"3":[0,0],"4":[0,0],"5":[0],"6":[0,0],"7":[0,0],"8":[0,0],"9":[0,0],"10":[0,0],"11":[0,0],"12":[0],"13":[0,0],"14":[0,0],"15":[0,0],"16":[0,0],"17":[0,0],"18":[0,0],"19":[0,0],"20":[0,0],"21":[0,0],"22":[0,0],"23":[0,0],"24":[0],"25":[0,0],"26":[0,0],"27":[0,0],"28":[0,0],"29":[0,0],"30":[0,0],"31":[0,0],"32":[0,0],"33":[0,0],"34":[0,0],"35":[0,0],"36":[0],"37":[0],"38":[0,0,0],"39":[0],"40":[0],"41":[0,0,0],"42":[0]}}
,"H:\\3YP\\e20-3yp-Cattle-Management-System\\cms-backend\\src\\services\\controls.ts": {"path":"H:\\3YP\\e20-3yp-Cattle-Management-System\\cms-backend\\src\\services\\controls.ts","statementMap":{"0":{"start":{"line":1,"column":0},"end":{"line":1,"column":57}},"1":{"start":{"line":3,"column":0},"end":{"line":3,"column":51}},"2":{"start":{"line":26,"column":25},"end":{"line":26,"column":31}},"3":{"start":{"line":27,"column":27},"end":{"line":27,"column":29}},"4":{"start":{"line":29,"column":23},"end":{"line":29,"column":77}},"5":{"start":{"line":31,"column":4},"end":{"line":36,"column":5}},"6":{"start":{"line":32,"column":6},"end":{"line":35,"column":8}},"7":{"start":{"line":38,"column":23},"end":{"line":38,"column":44}},"8":{"start":{"line":40,"column":4},"end":{"line":46,"column":5}},"9":{"start":{"line":44,"column":6},"end":{"line":44,"column":21}},"10":{"start":{"line":45,"column":6},"end":{"line":45,"column":24}},"11":{"start":{"line":48,"column":4},"end":{"line":54,"column":5}},"12":{"start":{"line":52,"column":6},"end":{"line":52,"column":21}},"13":{"start":{"line":53,"column":6},"end":{"line":53,"column":24}},"14":{"start":{"line":56,"column":4},"end":{"line":68,"column":5}},"15":{"start":{"line":57,"column":38},"end":{"line":57,"column":60}},"16":{"start":{"line":58,"column":6},"end":{"line":67,"column":7}},"17":{"start":{"line":65,"column":8},"end":{"line":65,"column":23}},"18":{"start":{"line":66,"column":8},"end":{"line":66,"column":26}},"19":{"start":{"line":70,"column":4},"end":{"line":75,"column":5}},"20":{"start":{"line":71,"column":6},"end":{"line":74,"column":8}},"21":{"start":{"line":77,"column":4},"end":{"line":80,"column":6}},"22":{"start":{"line":11,"column":0},"end":{"line":11,"column":13}},"23":{"start":{"line":12,"column":17},"end":{"line":12,"column":30}},"24":{"start":{"line":83,"column":17},"end":{"line":83,"column":32}},"25":{"start":{"line":89,"column":25},"end":{"line":89,"column":31}},"26":{"start":{"line":90,"column":18},"end":{"line":90,"column":60}},"27":{"start":{"line":90,"column":37},"end":{"line":90,"column":60}},"28":{"start":{"line":92,"column":17},"end":{"line":92,"column":35}},"29":{"start":{"line":93,"column":17},"end":{"line":93,"column":35}},"30":{"start":{"line":96,"column":6},"end":{"line":100,"column":26}},"31":{"start":{"line":101,"column":14},"end":{"line":101,"column":60}},"32":{"start":{"line":102,"column":21},"end":{"line":102,"column":37}},"33":{"start":{"line":104,"column":4},"end":{"line":104,"column":20}},"34":{"start":{"line":107,"column":16},"end":{"line":107,"column":37}},"35":{"start":{"line":110,"column":24},"end":{"line":121,"column":4}},"36":{"start":{"line":111,"column":22},"end":{"line":111,"column":48}},"37":{"start":{"line":112,"column":4},"end":{"line":120,"column":7}},"38":{"start":{"line":113,"column":23},"end":{"line":117,"column":null}},"39":{"start":{"line":119,"column":6},"end":{"line":119,"column":41}}},"fnMap":{"0":{"name":"(anonymous_8)","decl":{"start":{"line":23,"column":9},"end":{"line":23,"column":15}},"loc":{"start":{"line":24,"column":20},"end":{"line":81,"column":null}}},"1":{"name":"(anonymous_10)","decl":{"start":{"line":83,"column":32},"end":{"line":83,"column":null}},"loc":{"start":{"line":88,"column":6},"end":{"line":105,"column":null}}},"2":{"name":"(anonymous_11)","decl":{"start":{"line":90,"column":18},"end":{"line":90,"column":19}},"loc":{"start":{"line":90,"column":37},"end":{"line":90,"column":60}}},"3":{"name":"(anonymous_12)","decl":{"start":{"line":107,"column":37},"end":{"line":107,"column":null}},"loc":{"start":{"line":110,"column":24},"end":{"line":121,"column":4}}},"4":{"name":"(anonymous_13)","decl":{"start":{"line":110,"column":24},"end":{"line":110,"column":null}},"loc":{"start":{"line":110,"column":24},"end":{"line":121,"column":3}}},"5":{"name":"(anonymous_14)","decl":{"start":{"line":112,"column":26},"end":{"line":112,"column":27}},"loc":{"start":{"line":112,"column":39},"end":{"line":120,"column":5}}}},"branchMap":{"0":{"loc":{"start":{"line":31,"column":4},"end":{"line":36,"column":5}},"type":"if","locations":[{"start":{"line":31,"column":4},"end":{"line":36,"column":5}}]},"1":{"loc":{"start":{"line":40,"column":4},"end":{"line":46,"column":5}},"type":"if","locations":[{"start":{"line":40,"column":4},"end":{"line":46,"column":5}}]},"2":{"loc":{"start":{"line":41,"column":6},"end":{"line":42,"column":58}},"type":"binary-expr","locations":[{"start":{"line":41,"column":6},"end":{"line":41,"column":58}},{"start":{"line":42,"column":6},"end":{"line":42,"column":58}}]},"3":{"loc":{"start":{"line":48,"column":4},"end":{"line":54,"column":5}},"type":"if","locations":[{"start":{"line":48,"column":4},"end":{"line":54,"column":5}}]},"4":{"loc":{"start":{"line":49,"column":6},"end":{"line":50,"column":62}},"type":"binary-expr","locations":[{"start":{"line":49,"column":6},"end":{"line":49,"column":62}},{"start":{"line":50,"column":6},"end":{"line":50,"column":62}}]},"5":{"loc":{"start":{"line":56,"column":4},"end":{"line":68,"column":5}},"type":"if","locations":[{"start":{"line":56,"column":4},"end":{"line":68,"column":5}}]},"6":{"loc":{"start":{"line":58,"column":6},"end":{"line":67,"column":7}},"type":"if","locations":[{"start":{"line":58,"column":6},"end":{"line":67,"column":7}}]},"7":{"loc":{"start":{"line":70,"column":4},"end":{"line":75,"column":5}},"type":"if","locations":[{"start":{"line":70,"column":4},"end":{"line":75,"column":5}}]}},"s":{"0":0,"1":0,"2":0,"3":0,"4":0,"5":0,"6":0,"7":0,"8":0,"9":0,"10":0,"11":0,"12":0,"13":0,"14":0,"15":0,"16":0,"17":0,"18":0,"19":0,"20":0,"21":0,"22":0,"23":0,"24":0,"25":0,"26":0,"27":0,"28":0,"29":0,"30":0,"31":0,"32":0,"33":0,"34":0,"35":0,"36":0,"37":0,"38":0,"39":0},"f":{"0":0,"1":0,"2":0,"3":0,"4":0,"5":0},"b":{"0":[0],"1":[0],"2":[0,0],"3":[0],"4":[0,0],"5":[0],"6":[0],"7":[0]}}
,"H:\\3YP\\e20-3yp-Cattle-Management-System\\cms-backend\\src\\services\\mqttClient.ts": {"path":"H:\\3YP\\e20-3yp-Cattle-Management-System\\cms-backend\\src\\services\\mqttClient.ts","statementMap":{"0":{"start":{"line":1,"column":0},"end":{"line":1,"column":60}},"1":{"start":{"line":3,"column":0},"end":{"line":3,"column":56}},"2":{"start":{"line":5,"column":0},"end":{"line":5,"column":45}},"3":{"start":{"line":6,"column":0},"end":{"line":6,"column":57}},"4":{"start":{"line":7,"column":0},"end":{"line":7,"column":24}},"5":{"start":{"line":8,"column":0},"end":{"line":8,"column":20}},"6":{"start":{"line":11,"column":20},"end":{"line":11,"column":65}},"7":{"start":{"line":27,"column":10},"end":{"line":27,"column":30}},"8":{"start":{"line":28,"column":10},"end":{"line":28,"column":56}},"9":{"start":{"line":46,"column":21},"end":{"line":46,"column":62}},"10":{"start":{"line":48,"column":20},"end":{"line":57,"column":6}},"11":{"start":{"line":59,"column":4},"end":{"line":59,"column":40}},"12":{"start":{"line":61,"column":4},"end":{"line":64,"column":7}},"13":{"start":{"line":62,"column":6},"end":{"line":62,"column":30}},"14":{"start":{"line":63,"column":6},"end":{"line":63,"column":42}},"15":{"start":{"line":66,"column":4},"end":{"line":68,"column":7}},"16":{"start":{"line":67,"column":6},"end":{"line":67,"column":40}},"17":{"start":{"line":75,"column":4},"end":{"line":78,"column":7}},"18":{"start":{"line":76,"column":6},"end":{"line":76,"column":31}},"19":{"start":{"line":77,"column":6},"end":{"line":77,"column":51}},"20":{"start":{"line":81,"column":4},"end":{"line":172,"column":7}},"21":{"start":{"line":81,"column":63},"end":{"line":172,"column":6}},"22":{"start":{"line":82,"column":6},"end":{"line":171,"column":7}},"23":{"start":{"line":87,"column":20},"end":{"line":87,"column":50}},"24":{"start":{"line":88,"column":8},"end":{"line":88,"column":72}},"25":{"start":{"line":91,"column":49},"end":{"line":102,"column":10}},"26":{"start":{"line":104,"column":66},"end":{"line":104,"column":77}},"27":{"start":{"line":106,"column":8},"end":{"line":168,"column":9}},"28":{"start":{"line":107,"column":10},"end":{"line":115,"column":12}},"29":{"start":{"line":116,"column":10},"end":{"line":119,"column":12}},"30":{"start":{"line":122,"column":10},"end":{"line":127,"column":12}},"31":{"start":{"line":130,"column":31},"end":{"line":130,"column":75}},"32":{"start":{"line":132,"column":10},"end":{"line":148,"column":11}},"33":{"start":{"line":133,"column":12},"end":{"line":133,"column":47}},"34":{"start":{"line":134,"column":12},"end":{"line":134,"column":51}},"35":{"start":{"line":135,"column":12},"end":{"line":135,"column":51}},"36":{"start":{"line":137,"column":12},"end":{"line":137,"column":38}},"37":{"start":{"line":138,"column":12},"end":{"line":140,"column":14}},"38":{"start":{"line":142,"column":12},"end":{"line":147,"column":14}},"39":{"start":{"line":151,"column":37},"end":{"line":152,"column":null}},"40":{"start":{"line":155,"column":10},"end":{"line":167,"column":13}},"41":{"start":{"line":156,"column":12},"end":{"line":166,"column":13}},"42":{"start":{"line":157,"column":14},"end":{"line":157,"column":60}},"43":{"start":{"line":158,"column":19},"end":{"line":166,"column":13}},"44":{"start":{"line":159,"column":14},"end":{"line":159,"column":71}},"45":{"start":{"line":160,"column":19},"end":{"line":166,"column":13}},"46":{"start":{"line":161,"column":14},"end":{"line":161,"column":61}},"47":{"start":{"line":162,"column":19},"end":{"line":166,"column":13}},"48":{"start":{"line":163,"column":14},"end":{"line":163,"column":62}},"49":{"start":{"line":164,"column":19},"end":{"line":166,"column":13}},"50":{"start":{"line":165,"column":14},"end":{"line":165,"column":75}},"51":{"start":{"line":170,"column":8},"end":{"line":170,"column":60}},"52":{"start":{"line":182,"column":4},"end":{"line":194,"column":5}},"53":{"start":{"line":183,"column":28},"end":{"line":188,"column":8}},"54":{"start":{"line":190,"column":6},"end":{"line":190,"column":33}},"55":{"start":{"line":191,"column":6},"end":{"line":191,"column":70}},"56":{"start":{"line":193,"column":6},"end":{"line":193,"column":58}},"57":{"start":{"line":204,"column":4},"end":{"line":216,"column":5}},"58":{"start":{"line":205,"column":28},"end":{"line":210,"column":8}},"59":{"start":{"line":212,"column":6},"end":{"line":212,"column":33}},"60":{"start":{"line":213,"column":6},"end":{"line":213,"column":77}},"61":{"start":{"line":215,"column":6},"end":{"line":215,"column":58}},"62":{"start":{"line":220,"column":4},"end":{"line":222,"column":5}},"63":{"start":{"line":221,"column":6},"end":{"line":221,"column":47}},"64":{"start":{"line":223,"column":4},"end":{"line":223,"column":32}},"65":{"start":{"line":227,"column":4},"end":{"line":229,"column":5}},"66":{"start":{"line":228,"column":6},"end":{"line":228,"column":51}},"67":{"start":{"line":230,"column":4},"end":{"line":230,"column":23}},"68":{"start":{"line":238,"column":4},"end":{"line":244,"column":5}},"69":{"start":{"line":239,"column":6},"end":{"line":241,"column":8}},"70":{"start":{"line":242,"column":6},"end":{"line":242,"column":68}},"71":{"start":{"line":242,"column":23},"end":{"line":242,"column":60}},"72":{"start":{"line":243,"column":6},"end":{"line":243,"column":13}},"73":{"start":{"line":245,"column":4},"end":{"line":251,"column":7}},"74":{"start":{"line":246,"column":6},"end":{"line":250,"column":7}},"75":{"start":{"line":247,"column":8},"end":{"line":247,"column":61}},"76":{"start":{"line":249,"column":8},"end":{"line":249,"column":57}},"77":{"start":{"line":258,"column":4},"end":{"line":264,"column":5}},"78":{"start":{"line":259,"column":6},"end":{"line":261,"column":8}},"79":{"start":{"line":262,"column":6},"end":{"line":262,"column":61}},"80":{"start":{"line":262,"column":23},"end":{"line":262,"column":53}},"81":{"start":{"line":263,"column":6},"end":{"line":263,"column":13}},"82":{"start":{"line":266,"column":4},"end":{"line":277,"column":7}},"83":{"start":{"line":267,"column":6},"end":{"line":276,"column":7}},"84":{"start":{"line":268,"column":8},"end":{"line":268,"column":63}},"85":{"start":{"line":270,"column":8},"end":{"line":270,"column":46}},"86":{"start":{"line":271,"column":8},"end":{"line":275,"column":9}},"87":{"start":{"line":272,"column":10},"end":{"line":274,"column":13}},"88":{"start":{"line":273,"column":12},"end":{"line":273,"column":79}},"89":{"start":{"line":281,"column":4},"end":{"line":281,"column":29}},"90":{"start":{"line":286,"column":13},"end":{"line":286,"column":52}}},"fnMap":{"0":{"name":"(anonymous_8)","decl":{"start":{"line":30,"column":2},"end":{"line":30,"column":null}},"loc":{"start":{"line":30,"column":2},"end":{"line":173,"column":3}}},"1":{"name":"(anonymous_9)","decl":{"start":{"line":61,"column":30},"end":{"line":61,"column":33}},"loc":{"start":{"line":61,"column":35},"end":{"line":64,"column":5}}},"2":{"name":"(anonymous_10)","decl":{"start":{"line":66,"column":28},"end":{"line":66,"column":29}},"loc":{"start":{"line":66,"column":36},"end":{"line":68,"column":5}}},"3":{"name":"(anonymous_11)","decl":{"start":{"line":75,"column":28},"end":{"line":75,"column":31}},"loc":{"start":{"line":75,"column":33},"end":{"line":78,"column":5}}},"4":{"name":"(anonymous_12)","decl":{"start":{"line":81,"column":30},"end":{"line":81,"column":37}},"loc":{"start":{"line":81,"column":63},"end":{"line":172,"column":6}}},"5":{"name":"(anonymous_13)","decl":{"start":{"line":81,"column":63},"end":{"line":81,"column":null}},"loc":{"start":{"line":81,"column":63},"end":{"line":172,"column":5}}},"6":{"name":"(anonymous_14)","decl":{"start":{"line":155,"column":25},"end":{"line":155,"column":26}},"loc":{"start":{"line":155,"column":48},"end":{"line":167,"column":11}}},"7":{"name":"(anonymous_15)","decl":{"start":{"line":176,"column":16},"end":{"line":176,"column":31}},"loc":{"start":{"line":180,"column":57},"end":{"line":195,"column":null}}},"8":{"name":"(anonymous_17)","decl":{"start":{"line":198,"column":16},"end":{"line":198,"column":37}},"loc":{"start":{"line":202,"column":57},"end":{"line":217,"column":null}}},"9":{"name":"(anonymous_19)","decl":{"start":{"line":219,"column":9},"end":{"line":219,"column":15}},"loc":{"start":{"line":219,"column":27},"end":{"line":224,"column":3}}},"10":{"name":"(anonymous_20)","decl":{"start":{"line":226,"column":9},"end":{"line":226,"column":18}},"loc":{"start":{"line":226,"column":18},"end":{"line":231,"column":3}}},"11":{"name":"(anonymous_21)","decl":{"start":{"line":233,"column":9},"end":{"line":233,"column":16}},"loc":{"start":{"line":236,"column":40},"end":{"line":252,"column":3}}},"12":{"name":"(anonymous_22)","decl":{"start":{"line":242,"column":17},"end":{"line":242,"column":20}},"loc":{"start":{"line":242,"column":23},"end":{"line":242,"column":60}}},"13":{"name":"(anonymous_23)","decl":{"start":{"line":245,"column":49},"end":{"line":245,"column":50}},"loc":{"start":{"line":245,"column":57},"end":{"line":251,"column":5}}},"14":{"name":"(anonymous_24)","decl":{"start":{"line":254,"column":9},"end":{"line":254,"column":18}},"loc":{"start":{"line":256,"column":42},"end":{"line":278,"column":3}}},"15":{"name":"(anonymous_25)","decl":{"start":{"line":262,"column":17},"end":{"line":262,"column":20}},"loc":{"start":{"line":262,"column":23},"end":{"line":262,"column":53}}},"16":{"name":"(anonymous_26)","decl":{"start":{"line":266,"column":42},"end":{"line":266,"column":43}},"loc":{"start":{"line":266,"column":59},"end":{"line":277,"column":5}}},"17":{"name":"(anonymous_27)","decl":{"start":{"line":272,"column":26},"end":{"line":272,"column":27}},"loc":{"start":{"line":272,"column":36},"end":{"line":274,"column":11}}},"18":{"name":"(anonymous_28)","decl":{"start":{"line":280,"column":9},"end":{"line":280,"column":24}},"loc":{"start":{"line":280,"column":24},"end":{"line":282,"column":3}}}},"branchMap":{"0":{"loc":{"start":{"line":11,"column":20},"end":{"line":11,"column":65}},"type":"binary-expr","locations":[{"start":{"line":11,"column":20},"end":{"line":11,"column":43}},{"start":{"line":11,"column":47},"end":{"line":11,"column":65}}]},"1":{"loc":{"start":{"line":96,"column":12},"end":{"line":101,"column":25}},"type":"cond-expr","locations":[{"start":{"line":97,"column":16},"end":{"line":100,"column":null}},{"start":{"line":101,"column":16},"end":{"line":101,"column":25}}]},"2":{"loc":{"start":{"line":96,"column":12},"end":{"line":96,"column":28}},"type":"binary-expr","locations":[{"start":{"line":96,"column":12},"end":{"line":96,"column":18}},{"start":{"line":96,"column":22},"end":{"line":96,"column":28}}]},"3":{"loc":{"start":{"line":106,"column":8},"end":{"line":168,"column":9}},"type":"if","locations":[{"start":{"line":106,"column":8},"end":{"line":168,"column":9}}]},"4":{"loc":{"start":{"line":132,"column":10},"end":{"line":148,"column":11}},"type":"if","locations":[{"start":{"line":132,"column":10},"end":{"line":148,"column":11}},{"start":{"line":141,"column":17},"end":{"line":148,"column":11}}]},"5":{"loc":{"start":{"line":156,"column":12},"end":{"line":166,"column":13}},"type":"if","locations":[{"start":{"line":156,"column":12},"end":{"line":166,"column":13}},{"start":{"line":158,"column":19},"end":{"line":166,"column":13}}]},"6":{"loc":{"start":{"line":158,"column":19},"end":{"line":166,"column":13}},"type":"if","locations":[{"start":{"line":158,"column":19},"end":{"line":166,"column":13}},{"start":{"line":160,"column":19},"end":{"line":166,"column":13}}]},"7":{"loc":{"start":{"line":160,"column":19},"end":{"line":166,"column":13}},"type":"if","locations":[{"start":{"line":160,"column":19},"end":{"line":166,"column":13}},{"start":{"line":162,"column":19},"end":{"line":166,"column":13}}]},"8":{"loc":{"start":{"line":162,"column":19},"end":{"line":166,"column":13}},"type":"if","locations":[{"start":{"line":162,"column":19},"end":{"line":166,"column":13}},{"start":{"line":164,"column":19},"end":{"line":166,"column":13}}]},"9":{"loc":{"start":{"line":164,"column":19},"end":{"line":166,"column":13}},"type":"if","locations":[{"start":{"line":164,"column":19},"end":{"line":166,"column":13}}]},"10":{"loc":{"start":{"line":220,"column":4},"end":{"line":222,"column":5}},"type":"if","locations":[{"start":{"line":220,"column":4},"end":{"line":222,"column":5}}]},"11":{"loc":{"start":{"line":227,"column":4},"end":{"line":229,"column":5}},"type":"if","locations":[{"start":{"line":227,"column":4},"end":{"line":229,"column":5}}]},"12":{"loc":{"start":{"line":238,"column":4},"end":{"line":244,"column":5}},"type":"if","locations":[{"start":{"line":238,"column":4},"end":{"line":244,"column":5}}]},"13":{"loc":{"start":{"line":246,"column":6},"end":{"line":250,"column":7}},"type":"if","locations":[{"start":{"line":246,"column":6},"end":{"line":250,"column":7}},{"start":{"line":248,"column":13},"end":{"line":250,"column":7}}]},"14":{"loc":{"start":{"line":258,"column":4},"end":{"line":264,"column":5}},"type":"if","locations":[{"start":{"line":258,"column":4},"end":{"line":264,"column":5}}]},"15":{"loc":{"start":{"line":267,"column":6},"end":{"line":276,"column":7}},"type":"if","locations":[{"start":{"line":267,"column":6},"end":{"line":276,"column":7}},{"start":{"line":269,"column":13},"end":{"line":276,"column":7}}]},"16":{"loc":{"start":{"line":271,"column":8},"end":{"line":275,"column":9}},"type":"if","locations":[{"start":{"line":271,"column":8},"end":{"line":275,"column":9}}]}},"s":{"0":0,"1":0,"2":0,"3":0,"4":0,"5":0,"6":0,"7":0,"8":0,"9":0,"10":0,"11":0,"12":0,"13":0,"14":0,"15":0,"16":0,"17":0,"18":0,"19":0,"20":0,"21":0,"22":0,"23":0,"24":0,"25":0,"26":0,"27":0,"28":0,"29":0,"30":0,"31":0,"32":0,"33":0,"34":0,"35":0,"36":0,"37":0,"38":0,"39":0,"40":0,"41":0,"42":0,"43":0,"44":0,"45":0,"46":0,"47":0,"48":0,"49":0,"50":0,"51":0,"52":0,"53":0,"54":0,"55":0,"56":0,"57":0,"58":0,"59":0,"60":0,"61":0,"62":0,"63":0,"64":0,"65":0,"66":0,"67":0,"68":0,"69":0,"70":0,"71":0,"72":0,"73":0,"74":0,"75":0,"76":0,"77":0,"78":0,"79":0,"80":0,"81":0,"82":0,"83":0,"84":0,"85":0,"86":0,"87":0,"88":0,"89":0,"90":0},"f":{"0":0,"1":0,"2":0,"3":0,"4":0,"5":0,"6":0,"7":0,"8":0,"9":0,"10":0,"11":0,"12":0,"13":0,"14":0,"15":0,"16":0,"17":0,"18":0},"b":{"0":[0,0],"1":[0,0],"2":[0,0],"3":[0],"4":[0,0],"5":[0,0],"6":[0,0],"7":[0,0],"8":[0,0],"9":[0],"10":[0],"11":[0],"12":[0],"13":[0,0],"14":[0],"15":[0,0],"16":[0]}}
}
