TN:
SF:src\app.ts
FNF:0
FNH:0
DA:1,1
DA:2,1
DA:3,1
DA:4,1
DA:6,1
DA:9,1
DA:13,1
DA:14,1
DA:17,1
DA:19,1
LF:10
LH:10
BRF:0
BRH:0
end_of_record
TN:
SF:src\controller\authController.ts
FN:15,(anonymous_8)
FN:27,(anonymous_9)
FN:36,(anonymous_10)
FN:36,(anonymous_11)
FN:94,(anonymous_12)
FN:94,(anonymous_13)
FN:118,(anonymous_14)
FN:118,(anonymous_15)
FN:142,(anonymous_16)
FN:142,(anonymous_17)
FN:169,(anonymous_18)
FN:169,(anonymous_19)
FN:186,(anonymous_20)
FN:186,(anonymous_21)
FNF:14
FNH:7
FNDA:1,(anonymous_8)
FNDA:0,(anonymous_9)
FNDA:4,(anonymous_10)
FNDA:4,(anonymous_11)
FNDA:3,(anonymous_12)
FNDA:3,(anonymous_13)
FNDA:0,(anonymous_14)
FNDA:0,(anonymous_15)
FNDA:0,(anonymous_16)
FNDA:0,(anonymous_17)
FNDA:1,(anonymous_18)
FNDA:1,(anonymous_19)
FNDA:0,(anonymous_20)
FNDA:0,(anonymous_21)
DA:2,1
DA:3,1
DA:4,1
DA:15,1
DA:16,1
DA:17,1
DA:20,1
DA:21,1
DA:22,1
DA:26,0
DA:27,0
DA:28,0
DA:32,0
DA:36,4
DA:37,4
DA:38,4
DA:43,4
DA:45,4
DA:46,4
DA:47,0
DA:50,4
DA:51,4
DA:53,4
DA:55,4
DA:56,4
DA:58,4
DA:61,3
DA:67,3
DA:74,3
DA:75,3
DA:76,3
DA:78,3
DA:85,3
DA:87,0
DA:88,0
DA:89,0
DA:94,3
DA:95,3
DA:97,3
DA:98,3
DA:99,3
DA:101,3
DA:109,3
DA:110,2
DA:112,1
DA:113,1
DA:118,1
DA:119,0
DA:120,0
DA:122,0
DA:125,0
DA:126,0
DA:127,0
DA:128,0
DA:132,0
DA:138,0
DA:142,1
DA:143,0
DA:144,0
DA:146,0
DA:147,0
DA:148,0
DA:151,0
DA:152,0
DA:153,0
DA:157,0
DA:158,0
DA:159,0
DA:161,0
DA:163,0
DA:164,0
DA:169,1
DA:170,1
DA:172,1
DA:173,1
DA:175,1
DA:176,0
DA:178,1
DA:180,0
DA:181,0
DA:186,1
DA:187,0
DA:188,0
DA:190,0
DA:191,0
DA:192,0
DA:193,0
DA:197,0
DA:198,0
DA:199,0
DA:200,0
DA:205,0
DA:206,0
DA:207,0
DA:208,0
DA:210,0
DA:211,0
DA:213,0
DA:214,0
LF:99
LH:47
BRDA:20,0,0,1
BRDA:26,1,0,0
BRDA:39,2,0,4
BRDA:39,2,1,0
BRDA:40,3,0,4
BRDA:40,3,1,0
BRDA:46,4,0,0
BRDA:46,5,0,4
BRDA:46,5,1,4
BRDA:51,6,0,4
BRDA:51,6,1,0
BRDA:53,7,0,0
BRDA:58,8,0,1
BRDA:120,9,0,0
BRDA:120,10,0,0
BRDA:120,10,1,0
BRDA:120,11,0,0
BRDA:120,11,1,0
BRDA:126,12,0,0
BRDA:144,13,0,0
BRDA:144,13,1,0
BRDA:144,14,0,0
BRDA:144,14,1,0
BRDA:148,15,0,0
BRDA:152,16,0,0
BRDA:170,17,0,0
BRDA:170,17,1,1
BRDA:170,18,0,1
BRDA:170,18,1,1
BRDA:175,19,0,0
BRDA:187,20,0,0
BRDA:187,20,1,0
BRDA:187,21,0,0
BRDA:187,21,1,0
BRDA:192,22,0,0
BRDA:197,23,0,0
BRDA:199,24,0,0
BRF:37
BRH:10
end_of_record
TN:
SF:src\controller\geoFenceController.ts
FN:3,(anonymous_8)
FN:3,(anonymous_9)
FN:15,(anonymous_10)
FN:15,(anonymous_11)
FNF:4
FNH:0
FNDA:0,(anonymous_8)
FNDA:0,(anonymous_9)
FNDA:0,(anonymous_10)
FNDA:0,(anonymous_11)
DA:1,0
DA:3,0
DA:4,0
DA:5,0
DA:6,0
DA:8,0
DA:15,0
DA:16,0
DA:17,0
DA:18,0
DA:25,0
DA:26,0
DA:28,0
LF:13
LH:0
BRF:0
BRH:0
end_of_record
TN:
SF:src\controller\refreshTokenController.ts
FN:5,(anonymous_8)
FN:5,(anonymous_9)
FN:23,(anonymous_10)
FNF:3
FNH:0
FNDA:0,(anonymous_8)
FNDA:0,(anonymous_9)
FNDA:0,(anonymous_10)
DA:2,1
DA:3,1
DA:5,1
DA:6,0
DA:7,0
DA:8,0
DA:10,0
DA:11,0
DA:12,0
DA:13,0
DA:14,0
DA:17,0
DA:18,0
DA:20,0
DA:24,0
DA:25,0
DA:27,0
DA:32,0
LF:18
LH:3
BRDA:7,0,0,0
BRDA:7,1,0,0
BRDA:7,1,1,0
BRDA:7,2,0,0
BRDA:7,2,1,0
BRDA:13,3,0,0
BRDA:17,4,0,0
BRDA:24,5,0,0
BRF:8
BRH:0
end_of_record
TN:
SF:src\middlewear\verifyJWT.ts
FN:18,(anonymous_1)
FN:25,(anonymous_2)
FNF:2
FNH:2
FNDA:2,(anonymous_1)
FNDA:1,(anonymous_2)
DA:2,1
DA:3,1
DA:18,1
DA:19,2
DA:20,2
DA:21,1
DA:22,1
DA:26,1
DA:27,1
DA:28,1
DA:33,1
LF:11
LH:11
BRDA:20,0,0,1
BRDA:26,1,0,0
BRF:2
BRH:1
end_of_record
TN:
SF:src\model\UserModel.ts
FNF:0
FNH:0
DA:1,1
DA:2,1
DA:3,1
DA:18,1
DA:47,1
DA:51,1
LF:6
LH:6
BRF:0
BRH:0
end_of_record
TN:
SF:src\model\cattle.ts
FNF:0
FNH:0
DA:1,0
DA:3,0
DA:21,0
DA:22,0
LF:4
LH:0
BRF:0
BRH:0
end_of_record
TN:
SF:src\model\geoFenceModel.ts
FN:3,(anonymous_1)
FNF:1
FNH:0
FNDA:0,(anonymous_1)
DA:1,0
DA:3,0
DA:4,0
DA:5,0
DA:8,0
DA:32,0
DA:33,0
LF:7
LH:0
BRDA:3,0,0,0
BRDA:3,0,1,0
BRF:2
BRH:0
end_of_record
TN:
SF:src\model\latestSensorData.ts
FNF:0
FNH:0
DA:1,0
DA:3,0
DA:16,0
DA:44,0
DA:45,0
LF:5
LH:0
BRF:0
BRH:0
end_of_record
TN:
SF:src\model\sensorData.ts
FNF:0
FNH:0
DA:1,0
DA:3,0
DA:16,0
DA:44,0
DA:45,0
LF:5
LH:0
BRF:0
BRH:0
end_of_record
TN:
SF:src\routes\api\authRoutes.ts
FNF:0
FNH:0
DA:1,1
DA:2,1
DA:10,1
DA:11,1
DA:13,1
DA:16,1
DA:17,1
DA:18,1
DA:19,1
DA:20,1
DA:21,1
DA:22,1
DA:24,1
LF:13
LH:13
BRF:0
BRH:0
end_of_record
TN:
SF:src\routes\api\cattleRoutes.ts
FN:7,(anonymous_8)
FN:7,(anonymous_9)
FN:17,(anonymous_10)
FN:17,(anonymous_11)
FN:31,(anonymous_12)
FN:31,(anonymous_13)
FN:53,(anonymous_14)
FN:53,(anonymous_15)
FN:80,(anonymous_16)
FN:80,(anonymous_17)
FNF:10
FNH:0
FNDA:0,(anonymous_8)
FNDA:0,(anonymous_9)
FNDA:0,(anonymous_10)
FNDA:0,(anonymous_11)
FNDA:0,(anonymous_12)
FNDA:0,(anonymous_13)
FNDA:0,(anonymous_14)
FNDA:0,(anonymous_15)
FNDA:0,(anonymous_16)
FNDA:0,(anonymous_17)
DA:1,0
DA:2,0
DA:5,0
DA:7,0
DA:8,0
DA:9,0
DA:10,0
DA:12,0
DA:13,0
DA:17,0
DA:18,0
DA:19,0
DA:20,0
DA:21,0
DA:23,0
DA:25,0
DA:26,0
DA:31,0
DA:32,0
DA:34,0
DA:35,0
DA:38,0
DA:39,0
DA:40,0
DA:41,0
DA:44,0
DA:45,0
DA:46,0
DA:48,0
DA:49,0
DA:53,0
DA:54,0
DA:55,0
DA:57,0
DA:58,0
DA:61,0
DA:62,0
DA:63,0
DA:66,0
DA:72,0
DA:75,0
DA:76,0
DA:80,0
DA:81,0
DA:83,0
DA:84,0
DA:85,0
DA:87,0
DA:90,0
DA:91,0
DA:96,0
LF:51
LH:0
BRDA:20,0,0,0
BRDA:34,1,0,0
BRDA:34,2,0,0
BRDA:34,2,1,0
BRDA:40,3,0,0
BRDA:57,4,0,0
BRDA:57,5,0,0
BRDA:57,5,1,0
BRDA:62,6,0,0
BRDA:84,7,0,0
BRF:10
BRH:0
end_of_record
TN:
SF:src\routes\api\geoFenceRoutes.ts
FNF:0
FNH:0
DA:1,0
DA:2,0
DA:4,0
DA:6,0
DA:7,0
DA:9,0
LF:6
LH:0
BRF:0
BRH:0
end_of_record
TN:
SF:src\routes\api\sensorDataRoutes.ts
FN:10,(anonymous_8)
FN:10,(anonymous_9)
FN:29,(anonymous_10)
FN:29,(anonymous_11)
FN:35,(anonymous_12)
FN:37,(anonymous_13)
FN:37,(anonymous_14)
FN:60,(anonymous_15)
FN:60,(anonymous_16)
FN:102,(anonymous_17)
FN:102,(anonymous_18)
FN:129,(anonymous_19)
FN:131,(anonymous_20)
FN:131,(anonymous_21)
FN:157,(anonymous_22)
FN:157,(anonymous_23)
FN:169,(anonymous_24)
FN:171,(anonymous_25)
FN:171,(anonymous_26)
FN:192,(anonymous_27)
FN:192,(anonymous_28)
FN:209,(anonymous_29)
FN:211,(anonymous_30)
FN:211,(anonymous_31)
FN:230,(anonymous_32)
FN:230,(anonymous_33)
FN:241,(anonymous_34)
FN:241,(anonymous_35)
FN:261,(anonymous_36)
FN:261,(anonymous_37)
FN:283,(anonymous_38)
FN:283,(anonymous_39)
FN:302,(anonymous_40)
FN:302,(anonymous_41)
FN:324,(anonymous_42)
FN:324,(anonymous_43)
FN:342,(anonymous_44)
FN:342,(anonymous_45)
FNF:38
FNH:0
FNDA:0,(anonymous_8)
FNDA:0,(anonymous_9)
FNDA:0,(anonymous_10)
FNDA:0,(anonymous_11)
FNDA:0,(anonymous_12)
FNDA:0,(anonymous_13)
FNDA:0,(anonymous_14)
FNDA:0,(anonymous_15)
FNDA:0,(anonymous_16)
FNDA:0,(anonymous_17)
FNDA:0,(anonymous_18)
FNDA:0,(anonymous_19)
FNDA:0,(anonymous_20)
FNDA:0,(anonymous_21)
FNDA:0,(anonymous_22)
FNDA:0,(anonymous_23)
FNDA:0,(anonymous_24)
FNDA:0,(anonymous_25)
FNDA:0,(anonymous_26)
FNDA:0,(anonymous_27)
FNDA:0,(anonymous_28)
FNDA:0,(anonymous_29)
FNDA:0,(anonymous_30)
FNDA:0,(anonymous_31)
FNDA:0,(anonymous_32)
FNDA:0,(anonymous_33)
FNDA:0,(anonymous_34)
FNDA:0,(anonymous_35)
FNDA:0,(anonymous_36)
FNDA:0,(anonymous_37)
FNDA:0,(anonymous_38)
FNDA:0,(anonymous_39)
FNDA:0,(anonymous_40)
FNDA:0,(anonymous_41)
FNDA:0,(anonymous_42)
FNDA:0,(anonymous_43)
FNDA:0,(anonymous_44)
FNDA:0,(anonymous_45)
DA:1,0
DA:2,0
DA:4,0
DA:5,0
DA:6,0
DA:7,0
DA:8,0
DA:10,0
DA:11,0
DA:12,0
DA:13,0
DA:15,0
DA:29,0
DA:30,0
DA:31,0
DA:32,0
DA:35,0
DA:37,0
DA:38,0
DA:41,0
DA:43,0
DA:54,0
DA:56,0
DA:60,0
DA:61,0
DA:62,0
DA:65,0
DA:66,0
DA:70,0
DA:85,0
DA:87,0
DA:88,0
DA:102,0
DA:103,0
DA:104,0
DA:105,0
DA:107,0
DA:109,0
DA:112,0
DA:128,0
DA:129,0
DA:131,0
DA:132,0
DA:133,0
DA:135,0
DA:137,0
DA:147,0
DA:149,0
DA:150,0
DA:157,0
DA:158,0
DA:159,0
DA:160,0
DA:161,0
DA:164,0
DA:166,0
DA:167,0
DA:169,0
DA:171,0
DA:172,0
DA:173,0
DA:174,0
DA:184,0
DA:186,0
DA:192,0
DA:193,0
DA:194,0
DA:195,0
DA:196,0
DA:199,0
DA:200,0
DA:204,0
DA:205,0
DA:207,0
DA:209,0
DA:211,0
DA:212,0
DA:213,0
DA:214,0
DA:224,0
DA:226,0
DA:230,0
DA:231,0
DA:232,0
DA:234,0
DA:235,0
DA:237,0
DA:238,0
DA:241,0
DA:242,0
DA:244,0
DA:254,0
DA:256,0
DA:261,0
DA:262,0
DA:263,0
DA:264,0
DA:266,0
DA:267,0
DA:270,0
DA:272,0
DA:277,0
DA:279,0
DA:280,0
DA:283,0
DA:284,0
DA:285,0
DA:295,0
DA:297,0
DA:302,0
DA:303,0
DA:304,0
DA:305,0
DA:307,0
DA:308,0
DA:311,0
DA:313,0
DA:318,0
DA:320,0
DA:321,0
DA:324,0
DA:325,0
DA:326,0
DA:336,0
DA:338,0
DA:342,0
DA:343,0
DA:344,0
DA:345,0
DA:347,0
DA:351,0
LF:131
LH:0
BRDA:38,0,0,0
BRDA:38,0,1,0
BRDA:38,1,0,0
BRDA:38,1,1,0
BRDA:45,2,0,0
BRDA:45,2,1,0
BRDA:46,3,0,0
BRDA:46,3,1,0
BRDA:47,4,0,0
BRDA:47,4,1,0
BRDA:65,5,0,0
BRDA:107,6,0,0
BRDA:107,6,1,0
BRDA:133,7,0,0
BRDA:133,7,1,0
BRDA:133,8,0,0
BRDA:133,8,1,0
BRDA:139,9,0,0
BRDA:139,9,1,0
BRDA:140,10,0,0
BRDA:140,10,1,0
BRDA:141,11,0,0
BRDA:141,11,1,0
BRDA:160,12,0,0
BRDA:160,13,0,0
BRDA:160,13,1,0
BRDA:172,14,0,0
BRDA:172,14,1,0
BRDA:176,15,0,0
BRDA:176,15,1,0
BRDA:176,16,0,0
BRDA:176,16,1,0
BRDA:176,17,0,0
BRDA:176,17,1,0
BRDA:177,18,0,0
BRDA:177,18,1,0
BRDA:177,19,0,0
BRDA:177,19,1,0
BRDA:177,20,0,0
BRDA:177,20,1,0
BRDA:178,21,0,0
BRDA:178,21,1,0
BRDA:178,22,0,0
BRDA:178,22,1,0
BRDA:178,23,0,0
BRDA:178,23,1,0
BRDA:195,24,0,0
BRDA:195,25,0,0
BRDA:195,25,1,0
BRDA:212,26,0,0
BRDA:212,26,1,0
BRDA:216,27,0,0
BRDA:216,27,1,0
BRDA:216,28,0,0
BRDA:216,28,1,0
BRDA:216,29,0,0
BRDA:216,29,1,0
BRDA:217,30,0,0
BRDA:217,30,1,0
BRDA:217,31,0,0
BRDA:217,31,1,0
BRDA:217,32,0,0
BRDA:217,32,1,0
BRDA:218,33,0,0
BRDA:218,33,1,0
BRDA:218,34,0,0
BRDA:218,34,1,0
BRDA:218,35,0,0
BRDA:218,35,1,0
BRDA:237,36,0,0
BRDA:266,37,0,0
BRDA:266,38,0,0
BRDA:266,38,1,0
BRDA:266,38,2,0
BRDA:279,39,0,0
BRDA:307,40,0,0
BRDA:307,41,0,0
BRDA:307,41,1,0
BRDA:307,41,2,0
BRDA:320,42,0,0
BRF:80
BRH:0
end_of_record
TN:
SF:src\services\controls.ts
FN:23,(anonymous_8)
FN:83,(anonymous_10)
FN:90,(anonymous_11)
FN:107,(anonymous_12)
FN:110,(anonymous_13)
FN:112,(anonymous_14)
FNF:6
FNH:0
FNDA:0,(anonymous_8)
FNDA:0,(anonymous_10)
FNDA:0,(anonymous_11)
FNDA:0,(anonymous_12)
FNDA:0,(anonymous_13)
FNDA:0,(anonymous_14)
DA:1,0
DA:3,0
DA:11,0
DA:12,0
DA:26,0
DA:27,0
DA:29,0
DA:31,0
DA:32,0
DA:38,0
DA:40,0
DA:44,0
DA:45,0
DA:48,0
DA:52,0
DA:53,0
DA:56,0
DA:57,0
DA:58,0
DA:65,0
DA:66,0
DA:70,0
DA:71,0
DA:77,0
DA:83,0
DA:89,0
DA:90,0
DA:92,0
DA:93,0
DA:96,0
DA:101,0
DA:102,0
DA:104,0
DA:107,0
DA:110,0
DA:111,0
DA:112,0
DA:113,0
DA:119,0
LF:39
LH:0
BRDA:31,0,0,0
BRDA:40,1,0,0
BRDA:41,2,0,0
BRDA:41,2,1,0
BRDA:48,3,0,0
BRDA:49,4,0,0
BRDA:49,4,1,0
BRDA:56,5,0,0
BRDA:58,6,0,0
BRDA:70,7,0,0
BRF:10
BRH:0
end_of_record
TN:
SF:src\services\mqttClient.ts
FN:30,(anonymous_8)
FN:61,(anonymous_9)
FN:66,(anonymous_10)
FN:75,(anonymous_11)
FN:81,(anonymous_12)
FN:81,(anonymous_13)
FN:155,(anonymous_14)
FN:176,(anonymous_15)
FN:198,(anonymous_17)
FN:219,(anonymous_19)
FN:226,(anonymous_20)
FN:233,(anonymous_21)
FN:242,(anonymous_22)
FN:245,(anonymous_23)
FN:254,(anonymous_24)
FN:262,(anonymous_25)
FN:266,(anonymous_26)
FN:272,(anonymous_27)
FN:280,(anonymous_28)
FNF:19
FNH:0
FNDA:0,(anonymous_8)
FNDA:0,(anonymous_9)
FNDA:0,(anonymous_10)
FNDA:0,(anonymous_11)
FNDA:0,(anonymous_12)
FNDA:0,(anonymous_13)
FNDA:0,(anonymous_14)
FNDA:0,(anonymous_15)
FNDA:0,(anonymous_17)
FNDA:0,(anonymous_19)
FNDA:0,(anonymous_20)
FNDA:0,(anonymous_21)
FNDA:0,(anonymous_22)
FNDA:0,(anonymous_23)
FNDA:0,(anonymous_24)
FNDA:0,(anonymous_25)
FNDA:0,(anonymous_26)
FNDA:0,(anonymous_27)
FNDA:0,(anonymous_28)
DA:1,0
DA:3,0
DA:5,0
DA:6,0
DA:7,0
DA:8,0
DA:11,0
DA:27,0
DA:28,0
DA:46,0
DA:48,0
DA:59,0
DA:61,0
DA:62,0
DA:63,0
DA:66,0
DA:67,0
DA:75,0
DA:76,0
DA:77,0
DA:81,0
DA:82,0
DA:87,0
DA:88,0
DA:91,0
DA:104,0
DA:106,0
DA:107,0
DA:116,0
DA:122,0
DA:130,0
DA:132,0
DA:133,0
DA:134,0
DA:135,0
DA:137,0
DA:138,0
DA:142,0
DA:151,0
DA:155,0
DA:156,0
DA:157,0
DA:158,0
DA:159,0
DA:160,0
DA:161,0
DA:162,0
DA:163,0
DA:164,0
DA:165,0
DA:170,0
DA:182,0
DA:183,0
DA:190,0
DA:191,0
DA:193,0
DA:204,0
DA:205,0
DA:212,0
DA:213,0
DA:215,0
DA:220,0
DA:221,0
DA:223,0
DA:227,0
DA:228,0
DA:230,0
DA:238,0
DA:239,0
DA:242,0
DA:243,0
DA:245,0
DA:246,0
DA:247,0
DA:249,0
DA:258,0
DA:259,0
DA:262,0
DA:263,0
DA:266,0
DA:267,0
DA:268,0
DA:270,0
DA:271,0
DA:272,0
DA:273,0
DA:281,0
DA:286,0
LF:88
LH:0
BRDA:11,0,0,0
BRDA:11,0,1,0
BRDA:96,1,0,0
BRDA:96,1,1,0
BRDA:96,2,0,0
BRDA:96,2,1,0
BRDA:106,3,0,0
BRDA:132,4,0,0
BRDA:132,4,1,0
BRDA:156,5,0,0
BRDA:156,5,1,0
BRDA:158,6,0,0
BRDA:158,6,1,0
BRDA:160,7,0,0
BRDA:160,7,1,0
BRDA:162,8,0,0
BRDA:162,8,1,0
BRDA:164,9,0,0
BRDA:220,10,0,0
BRDA:227,11,0,0
BRDA:238,12,0,0
BRDA:246,13,0,0
BRDA:246,13,1,0
BRDA:258,14,0,0
BRDA:267,15,0,0
BRDA:267,15,1,0
BRDA:271,16,0,0
BRF:27
BRH:0
end_of_record
