{"H:\\3YP\\e20-3yp-Cattle-Management-System\\cms-frontend\\src\\App.tsx": {"path":"H:\\3YP\\e20-3yp-Cattle-Management-System\\cms-frontend\\src\\App.tsx","statementMap":{"0":{"start":{"line":1,"column":0},"end":{"line":1,"column":47}},"1":{"start":{"line":2,"column":0},"end":{"line":2,"column":49}},"2":{"start":{"line":3,"column":0},"end":{"line":3,"column":35}},"3":{"start":{"line":4,"column":0},"end":{"line":4,"column":41}},"4":{"start":{"line":5,"column":0},"end":{"line":5,"column":null}},"5":{"start":{"line":12,"column":0},"end":{"line":12,"column":54}},"6":{"start":{"line":13,"column":0},"end":{"line":13,"column":55}},"7":{"start":{"line":14,"column":0},"end":{"line":14,"column":39}},"8":{"start":{"line":15,"column":0},"end":{"line":15,"column":41}},"9":{"start":{"line":16,"column":0},"end":{"line":16,"column":51}},"10":{"start":{"line":17,"column":0},"end":{"line":17,"column":48}},"11":{"start":{"line":18,"column":0},"end":{"line":18,"column":47}},"12":{"start":{"line":19,"column":0},"end":{"line":19,"column":43}},"13":{"start":{"line":20,"column":0},"end":{"line":20,"column":62}},"14":{"start":{"line":21,"column":0},"end":{"line":21,"column":43}},"15":{"start":{"line":24,"column":2},"end":{"line":66,"column":4}},"16":{"start":{"line":69,"column":0},"end":{"line":69,"column":19}}},"fnMap":{"0":{"name":"App","decl":{"start":{"line":23,"column":9},"end":{"line":23,"column":12}},"loc":{"start":{"line":23,"column":12},"end":{"line":67,"column":1}}}},"branchMap":{},"s":{"0":0,"1":0,"2":0,"3":0,"4":0,"5":0,"6":0,"7":0,"8":0,"9":0,"10":0,"11":0,"12":0,"13":0,"14":0,"15":0,"16":0},"f":{"0":0},"b":{}}
,"H:\\3YP\\e20-3yp-Cattle-Management-System\\cms-frontend\\src\\components\\AddCattleForm.tsx": {"path":"H:\\3YP\\e20-3yp-Cattle-Management-System\\cms-frontend\\src\\components\\AddCattleForm.tsx","statementMap":{"0":{"start":{"line":1,"column":0},"end":{"line":1,"column":35}},"1":{"start":{"line":2,"column":0},"end":{"line":2,"column":67}},"2":{"start":{"line":3,"column":0},"end":{"line":3,"column":53}},"3":{"start":{"line":4,"column":0},"end":{"line":4,"column":56}},"4":{"start":{"line":5,"column":0},"end":{"line":5,"column":58}},"5":{"start":{"line":7,"column":22},"end":{"line":76,"column":1}},"6":{"start":{"line":8,"column":35},"end":{"line":8,"column":60}},"7":{"start":{"line":13,"column":6},"end":{"line":13,"column":15}},"8":{"start":{"line":15,"column":29},"end":{"line":17,"column":3}},"9":{"start":{"line":16,"column":4},"end":{"line":16,"column":32}},"10":{"start":{"line":19,"column":19},"end":{"line":34,"column":3}},"11":{"start":{"line":20,"column":4},"end":{"line":33,"column":5}},"12":{"start":{"line":21,"column":27},"end":{"line":26,"column":8}},"13":{"start":{"line":27,"column":6},"end":{"line":27,"column":32}},"14":{"start":{"line":28,"column":23},"end":{"line":28,"column":52}},"15":{"start":{"line":29,"column":6},"end":{"line":29,"column":64}},"16":{"start":{"line":30,"column":6},"end":{"line":30,"column":27}},"17":{"start":{"line":32,"column":6},"end":{"line":32,"column":52}},"18":{"start":{"line":36,"column":2},"end":{"line":75,"column":4}},"19":{"start":{"line":78,"column":0},"end":{"line":78,"column":29}}},"fnMap":{"0":{"name":"(anonymous_1)","decl":{"start":{"line":7,"column":22},"end":{"line":7,"column":25}},"loc":{"start":{"line":7,"column":27},"end":{"line":76,"column":1}}},"1":{"name":"(anonymous_2)","decl":{"start":{"line":15,"column":29},"end":{"line":15,"column":32}},"loc":{"start":{"line":15,"column":34},"end":{"line":17,"column":3}}},"2":{"name":"(anonymous_3)","decl":{"start":{"line":19,"column":19},"end":{"line":19,"column":24}},"loc":{"start":{"line":19,"column":47},"end":{"line":34,"column":3}}}},"branchMap":{"0":{"loc":{"start":{"line":60,"column":13},"end":{"line":61,"column":null}},"type":"binary-expr","locations":[{"start":{"line":60,"column":13},"end":{"line":60,"column":49}},{"start":{"line":61,"column":14},"end":{"line":61,"column":73}}]}},"s":{"0":0,"1":0,"2":0,"3":0,"4":0,"5":0,"6":0,"7":0,"8":0,"9":0,"10":0,"11":0,"12":0,"13":0,"14":0,"15":0,"16":0,"17":0,"18":0,"19":0},"f":{"0":0,"1":0,"2":0},"b":{"0":[0,0]}}
,"H:\\3YP\\e20-3yp-Cattle-Management-System\\cms-frontend\\src\\components\\CattleCard.tsx": {"path":"H:\\3YP\\e20-3yp-Cattle-Management-System\\cms-frontend\\src\\components\\CattleCard.tsx","statementMap":{"0":{"start":{"line":1,"column":0},"end":{"line":1,"column":33}},"1":{"start":{"line":2,"column":0},"end":{"line":2,"column":67}},"2":{"start":{"line":4,"column":0},"end":{"line":4,"column":26}},"3":{"start":{"line":10,"column":19},"end":{"line":102,"column":1}},"4":{"start":{"line":11,"column":40},"end":{"line":11,"column":60}},"5":{"start":{"line":16,"column":6},"end":{"line":16,"column":15}},"6":{"start":{"line":18,"column":2},"end":{"line":101,"column":4}},"7":{"start":{"line":29,"column":16},"end":{"line":30,"column":null}},"8":{"start":{"line":37,"column":33},"end":{"line":37,"column":53}},"9":{"start":{"line":104,"column":0},"end":{"line":104,"column":26}}},"fnMap":{"0":{"name":"(anonymous_1)","decl":{"start":{"line":10,"column":19},"end":{"line":10,"column":20}},"loc":{"start":{"line":10,"column":51},"end":{"line":102,"column":1}}},"1":{"name":"(anonymous_2)","decl":{"start":{"line":28,"column":64},"end":{"line":28,"column":65}},"loc":{"start":{"line":29,"column":16},"end":{"line":30,"column":null}}},"2":{"name":"(anonymous_3)","decl":{"start":{"line":37,"column":27},"end":{"line":37,"column":30}},"loc":{"start":{"line":37,"column":33},"end":{"line":37,"column":53}}}},"branchMap":{"0":{"loc":{"start":{"line":33,"column":18},"end":{"line":35,"column":null}},"type":"cond-expr","locations":[{"start":{"line":34,"column":22},"end":{"line":34,"column":57}},{"start":{"line":35,"column":22},"end":{"line":35,"column":null}}]}},"s":{"0":0,"1":0,"2":0,"3":0,"4":0,"5":0,"6":0,"7":0,"8":0,"9":0},"f":{"0":0,"1":0,"2":0},"b":{"0":[0,0]}}
,"H:\\3YP\\e20-3yp-Cattle-Management-System\\cms-frontend\\src\\components\\CattleList.tsx": {"path":"H:\\3YP\\e20-3yp-Cattle-Management-System\\cms-frontend\\src\\components\\CattleList.tsx","statementMap":{"0":{"start":{"line":1,"column":0},"end":{"line":1,"column":56}},"1":{"start":{"line":2,"column":0},"end":{"line":2,"column":49}},"2":{"start":{"line":4,"column":0},"end":{"line":4,"column":53}},"3":{"start":{"line":5,"column":0},"end":{"line":5,"column":44}},"4":{"start":{"line":7,"column":0},"end":{"line":7,"column":26}},"5":{"start":{"line":8,"column":0},"end":{"line":8,"column":49}},"6":{"start":{"line":9,"column":0},"end":{"line":9,"column":47}},"7":{"start":{"line":10,"column":0},"end":{"line":10,"column":38}},"8":{"start":{"line":11,"column":0},"end":{"line":11,"column":30}},"9":{"start":{"line":12,"column":0},"end":{"line":12,"column":55}},"10":{"start":{"line":14,"column":19},"end":{"line":135,"column":1}},"11":{"start":{"line":20,"column":6},"end":{"line":20,"column":31}},"12":{"start":{"line":21,"column":23},"end":{"line":21,"column":59}},"13":{"start":{"line":22,"column":44},"end":{"line":22,"column":70}},"14":{"start":{"line":24,"column":4},"end":{"line":24,"column":37}},"15":{"start":{"line":26,"column":28},"end":{"line":29,"column":3}},"16":{"start":{"line":27,"column":4},"end":{"line":27,"column":38}},"17":{"start":{"line":28,"column":4},"end":{"line":28,"column":28}},"18":{"start":{"line":31,"column":24},"end":{"line":34,"column":3}},"19":{"start":{"line":32,"column":4},"end":{"line":32,"column":31}},"20":{"start":{"line":33,"column":4},"end":{"line":33,"column":35}},"21":{"start":{"line":36,"column":23},"end":{"line":36,"column":40}},"22":{"start":{"line":38,"column":25},"end":{"line":48,"column":3}},"23":{"start":{"line":39,"column":4},"end":{"line":47,"column":5}},"24":{"start":{"line":40,"column":23},"end":{"line":40,"column":77}},"25":{"start":{"line":41,"column":19},"end":{"line":41,"column":32}},"26":{"start":{"line":42,"column":6},"end":{"line":42,"column":37}},"27":{"start":{"line":43,"column":6},"end":{"line":43,"column":29}},"28":{"start":{"line":45,"column":6},"end":{"line":45,"column":58}},"29":{"start":{"line":46,"column":6},"end":{"line":46,"column":27}},"30":{"start":{"line":49,"column":2},"end":{"line":51,"column":9}},"31":{"start":{"line":50,"column":4},"end":{"line":50,"column":21}},"32":{"start":{"line":53,"column":2},"end":{"line":134,"column":4}},"33":{"start":{"line":83,"column":14},"end":{"line":84,"column":null}},"34":{"start":{"line":94,"column":28},"end":{"line":94,"column":67}},"35":{"start":{"line":96,"column":14},"end":{"line":97,"column":null}},"36":{"start":{"line":98,"column":31},"end":{"line":98,"column":60}},"37":{"start":{"line":137,"column":0},"end":{"line":137,"column":26}}},"fnMap":{"0":{"name":"(anonymous_1)","decl":{"start":{"line":14,"column":19},"end":{"line":14,"column":22}},"loc":{"start":{"line":14,"column":24},"end":{"line":135,"column":1}}},"1":{"name":"(anonymous_2)","decl":{"start":{"line":26,"column":28},"end":{"line":26,"column":29}},"loc":{"start":{"line":26,"column":55},"end":{"line":29,"column":3}}},"2":{"name":"(anonymous_3)","decl":{"start":{"line":31,"column":24},"end":{"line":31,"column":27}},"loc":{"start":{"line":31,"column":29},"end":{"line":34,"column":3}}},"3":{"name":"(anonymous_4)","decl":{"start":{"line":38,"column":25},"end":{"line":38,"column":30}},"loc":{"start":{"line":38,"column":36},"end":{"line":48,"column":3}}},"4":{"name":"(anonymous_5)","decl":{"start":{"line":49,"column":12},"end":{"line":49,"column":15}},"loc":{"start":{"line":49,"column":17},"end":{"line":51,"column":3}}},"5":{"name":"(anonymous_6)","decl":{"start":{"line":82,"column":18},"end":{"line":82,"column":19}},"loc":{"start":{"line":83,"column":14},"end":{"line":84,"column":null}}},"6":{"name":"(anonymous_7)","decl":{"start":{"line":94,"column":18},"end":{"line":94,"column":19}},"loc":{"start":{"line":94,"column":28},"end":{"line":94,"column":67}}},"7":{"name":"(anonymous_8)","decl":{"start":{"line":95,"column":17},"end":{"line":95,"column":18}},"loc":{"start":{"line":96,"column":14},"end":{"line":97,"column":null}}},"8":{"name":"(anonymous_9)","decl":{"start":{"line":98,"column":25},"end":{"line":98,"column":28}},"loc":{"start":{"line":98,"column":31},"end":{"line":98,"column":60}}}},"branchMap":{"0":{"loc":{"start":{"line":112,"column":22},"end":{"line":114,"column":null}},"type":"cond-expr","locations":[{"start":{"line":113,"column":26},"end":{"line":113,"column":40}},{"start":{"line":114,"column":26},"end":{"line":114,"column":null}}]},"1":{"loc":{"start":{"line":131,"column":7},"end":{"line":131,"column":45}},"type":"binary-expr","locations":[{"start":{"line":131,"column":7},"end":{"line":131,"column":24}},{"start":{"line":131,"column":28},"end":{"line":131,"column":45}}]},"2":{"loc":{"start":{"line":132,"column":7},"end":{"line":132,"column":71}},"type":"binary-expr","locations":[{"start":{"line":132,"column":7},"end":{"line":132,"column":21}},{"start":{"line":132,"column":25},"end":{"line":132,"column":71}}]}},"s":{"0":0,"1":0,"2":0,"3":0,"4":0,"5":0,"6":0,"7":0,"8":0,"9":0,"10":0,"11":0,"12":0,"13":0,"14":0,"15":0,"16":0,"17":0,"18":0,"19":0,"20":0,"21":0,"22":0,"23":0,"24":0,"25":0,"26":0,"27":0,"28":0,"29":0,"30":0,"31":0,"32":0,"33":0,"34":0,"35":0,"36":0,"37":0},"f":{"0":0,"1":0,"2":0,"3":0,"4":0,"5":0,"6":0,"7":0,"8":0},"b":{"0":[0,0],"1":[0,0],"2":[0,0]}}
,"H:\\3YP\\e20-3yp-Cattle-Management-System\\cms-frontend\\src\\components\\Dashboard.tsx": {"path":"H:\\3YP\\e20-3yp-Cattle-Management-System\\cms-frontend\\src\\components\\Dashboard.tsx","statementMap":{"0":{"start":{"line":1,"column":0},"end":{"line":1,"column":39}},"1":{"start":{"line":2,"column":0},"end":{"line":2,"column":48}},"2":{"start":{"line":3,"column":0},"end":{"line":3,"column":57}},"3":{"start":{"line":4,"column":0},"end":{"line":4,"column":45}},"4":{"start":{"line":5,"column":0},"end":{"line":5,"column":24}},"5":{"start":{"line":7,"column":18},"end":{"line":62,"column":1}},"6":{"start":{"line":8,"column":2},"end":{"line":61,"column":4}},"7":{"start":{"line":64,"column":0},"end":{"line":64,"column":25}}},"fnMap":{"0":{"name":"(anonymous_1)","decl":{"start":{"line":7,"column":18},"end":{"line":7,"column":21}},"loc":{"start":{"line":7,"column":23},"end":{"line":62,"column":1}}}},"branchMap":{},"s":{"0":0,"1":0,"2":0,"3":0,"4":0,"5":0,"6":0,"7":0},"f":{"0":0},"b":{}}
,"H:\\3YP\\e20-3yp-Cattle-Management-System\\cms-frontend\\src\\components\\LiveLocation.tsx": {"path":"H:\\3YP\\e20-3yp-Cattle-Management-System\\cms-frontend\\src\\components\\LiveLocation.tsx","statementMap":{"0":{"start":{"line":1,"column":0},"end":{"line":1,"column":44}},"1":{"start":{"line":2,"column":0},"end":{"line":2,"column":55}},"2":{"start":{"line":3,"column":0},"end":{"line":3,"column":24}},"3":{"start":{"line":6,"column":21},"end":{"line":119,"column":1}},"4":{"start":{"line":7,"column":44},"end":{"line":7,"column":70}},"5":{"start":{"line":8,"column":23},"end":{"line":8,"column":40}},"6":{"start":{"line":9,"column":25},"end":{"line":19,"column":3}},"7":{"start":{"line":10,"column":4},"end":{"line":18,"column":5}},"8":{"start":{"line":11,"column":23},"end":{"line":11,"column":77}},"9":{"start":{"line":12,"column":19},"end":{"line":12,"column":32}},"10":{"start":{"line":13,"column":6},"end":{"line":13,"column":37}},"11":{"start":{"line":14,"column":6},"end":{"line":14,"column":29}},"12":{"start":{"line":16,"column":6},"end":{"line":16,"column":58}},"13":{"start":{"line":17,"column":6},"end":{"line":17,"column":27}},"14":{"start":{"line":20,"column":2},"end":{"line":22,"column":9}},"15":{"start":{"line":21,"column":4},"end":{"line":21,"column":21}},"16":{"start":{"line":24,"column":2},"end":{"line":118,"column":4}},"17":{"start":{"line":48,"column":38},"end":{"line":48,"column":62}},"18":{"start":{"line":50,"column":20},"end":{"line":51,"column":null}},"19":{"start":{"line":103,"column":18},"end":{"line":103,"column":null}},"20":{"start":{"line":121,"column":0},"end":{"line":121,"column":28}}},"fnMap":{"0":{"name":"(anonymous_1)","decl":{"start":{"line":6,"column":21},"end":{"line":6,"column":24}},"loc":{"start":{"line":6,"column":26},"end":{"line":119,"column":1}}},"1":{"name":"(anonymous_2)","decl":{"start":{"line":9,"column":25},"end":{"line":9,"column":30}},"loc":{"start":{"line":9,"column":36},"end":{"line":19,"column":3}}},"2":{"name":"(anonymous_3)","decl":{"start":{"line":20,"column":12},"end":{"line":20,"column":15}},"loc":{"start":{"line":20,"column":17},"end":{"line":22,"column":3}}},"3":{"name":"(anonymous_4)","decl":{"start":{"line":48,"column":26},"end":{"line":48,"column":27}},"loc":{"start":{"line":48,"column":38},"end":{"line":48,"column":62}}},"4":{"name":"(anonymous_5)","decl":{"start":{"line":49,"column":23},"end":{"line":49,"column":24}},"loc":{"start":{"line":50,"column":20},"end":{"line":51,"column":null}}},"5":{"name":"(anonymous_6)","decl":{"start":{"line":102,"column":36},"end":{"line":102,"column":37}},"loc":{"start":{"line":103,"column":18},"end":{"line":103,"column":null}}}},"branchMap":{},"s":{"0":0,"1":0,"2":0,"3":0,"4":0,"5":0,"6":0,"7":0,"8":0,"9":0,"10":0,"11":0,"12":0,"13":0,"14":0,"15":0,"16":0,"17":0,"18":0,"19":0,"20":0},"f":{"0":0,"1":0,"2":0,"3":0,"4":0,"5":0},"b":{}}
,"H:\\3YP\\e20-3yp-Cattle-Management-System\\cms-frontend\\src\\components\\Login.tsx": {"path":"H:\\3YP\\e20-3yp-Cattle-Management-System\\cms-frontend\\src\\components\\Login.tsx","statementMap":{"0":{"start":{"line":1,"column":0},"end":{"line":1,"column":62}},"1":{"start":{"line":2,"column":0},"end":{"line":2,"column":62}},"2":{"start":{"line":3,"column":0},"end":{"line":3,"column":63}},"3":{"start":{"line":4,"column":0},"end":{"line":4,"column":49}},"4":{"start":{"line":5,"column":0},"end":{"line":5,"column":26}},"5":{"start":{"line":6,"column":0},"end":{"line":6,"column":53}},"6":{"start":{"line":7,"column":0},"end":{"line":7,"column":35}},"7":{"start":{"line":14,"column":14},"end":{"line":170,"column":1}},"8":{"start":{"line":15,"column":19},"end":{"line":15,"column":32}},"9":{"start":{"line":21,"column":6},"end":{"line":21,"column":27}},"10":{"start":{"line":22,"column":22},"end":{"line":22,"column":47}},"11":{"start":{"line":25,"column":23},"end":{"line":35,"column":3}},"12":{"start":{"line":26,"column":4},"end":{"line":26,"column":36}},"13":{"start":{"line":27,"column":4},"end":{"line":34,"column":7}},"14":{"start":{"line":37,"column":46},"end":{"line":76,"column":3}},"15":{"start":{"line":38,"column":4},"end":{"line":75,"column":5}},"16":{"start":{"line":39,"column":23},"end":{"line":39,"column":40}},"17":{"start":{"line":40,"column":26},"end":{"line":40,"column":51}},"18":{"start":{"line":41,"column":6},"end":{"line":41,"column":31}},"19":{"start":{"line":42,"column":6},"end":{"line":49,"column":9}},"20":{"start":{"line":50,"column":6},"end":{"line":50,"column":65}},"21":{"start":{"line":51,"column":6},"end":{"line":51,"column":29}},"22":{"start":{"line":53,"column":6},"end":{"line":53,"column":51}},"23":{"start":{"line":54,"column":6},"end":{"line":74,"column":7}},"24":{"start":{"line":55,"column":8},"end":{"line":55,"column":58}},"25":{"start":{"line":56,"column":8},"end":{"line":69,"column":9}},"26":{"start":{"line":57,"column":10},"end":{"line":59,"column":13}},"27":{"start":{"line":60,"column":15},"end":{"line":69,"column":9}},"28":{"start":{"line":61,"column":10},"end":{"line":63,"column":13}},"29":{"start":{"line":65,"column":10},"end":{"line":68,"column":13}},"30":{"start":{"line":71,"column":8},"end":{"line":73,"column":11}},"31":{"start":{"line":78,"column":2},"end":{"line":169,"column":4}},"32":{"start":{"line":150,"column":31},"end":{"line":150,"column":50}},"33":{"start":{"line":172,"column":0},"end":{"line":172,"column":21}}},"fnMap":{"0":{"name":"(anonymous_1)","decl":{"start":{"line":14,"column":14},"end":{"line":14,"column":17}},"loc":{"start":{"line":14,"column":19},"end":{"line":170,"column":1}}},"1":{"name":"(anonymous_2)","decl":{"start":{"line":25,"column":23},"end":{"line":25,"column":26}},"loc":{"start":{"line":25,"column":28},"end":{"line":35,"column":3}}},"2":{"name":"(anonymous_3)","decl":{"start":{"line":37,"column":46},"end":{"line":37,"column":51}},"loc":{"start":{"line":37,"column":61},"end":{"line":76,"column":3}}},"3":{"name":"(anonymous_4)","decl":{"start":{"line":150,"column":25},"end":{"line":150,"column":28}},"loc":{"start":{"line":150,"column":31},"end":{"line":150,"column":50}}}},"branchMap":{"0":{"loc":{"start":{"line":54,"column":6},"end":{"line":74,"column":7}},"type":"if","locations":[{"start":{"line":54,"column":6},"end":{"line":74,"column":7}},{"start":{"line":70,"column":13},"end":{"line":74,"column":7}}]},"1":{"loc":{"start":{"line":56,"column":8},"end":{"line":69,"column":9}},"type":"if","locations":[{"start":{"line":56,"column":8},"end":{"line":69,"column":9}},{"start":{"line":60,"column":15},"end":{"line":69,"column":9}}]},"2":{"loc":{"start":{"line":60,"column":15},"end":{"line":69,"column":9}},"type":"if","locations":[{"start":{"line":60,"column":15},"end":{"line":69,"column":9}},{"start":{"line":64,"column":15},"end":{"line":69,"column":9}}]},"3":{"loc":{"start":{"line":67,"column":14},"end":{"line":67,"column":74}},"type":"binary-expr","locations":[{"start":{"line":67,"column":14},"end":{"line":67,"column":42}},{"start":{"line":67,"column":46},"end":{"line":67,"column":74}}]},"4":{"loc":{"start":{"line":107,"column":15},"end":{"line":110,"column":null}},"type":"binary-expr","locations":[{"start":{"line":107,"column":15},"end":{"line":107,"column":27}},{"start":{"line":108,"column":16},"end":{"line":109,"column":null}}]},"5":{"loc":{"start":{"line":126,"column":15},"end":{"line":129,"column":null}},"type":"binary-expr","locations":[{"start":{"line":126,"column":15},"end":{"line":126,"column":30}},{"start":{"line":127,"column":16},"end":{"line":128,"column":null}}]},"6":{"loc":{"start":{"line":137,"column":17},"end":{"line":137,"column":58}},"type":"cond-expr","locations":[{"start":{"line":137,"column":32},"end":{"line":137,"column":47}},{"start":{"line":137,"column":50},"end":{"line":137,"column":58}}]},"7":{"loc":{"start":{"line":139,"column":15},"end":{"line":142,"column":null}},"type":"binary-expr","locations":[{"start":{"line":139,"column":15},"end":{"line":139,"column":26}},{"start":{"line":140,"column":16},"end":{"line":141,"column":null}}]}},"s":{"0":1,"1":1,"2":1,"3":1,"4":1,"5":1,"6":1,"7":1,"8":4,"9":4,"10":4,"11":4,"12":0,"13":0,"14":4,"15":1,"16":1,"17":1,"18":1,"19":1,"20":1,"21":1,"22":0,"23":0,"24":0,"25":0,"26":0,"27":0,"28":0,"29":0,"30":0,"31":4,"32":0,"33":1},"f":{"0":4,"1":0,"2":1,"3":0},"b":{"0":[0,0],"1":[0,0],"2":[0,0],"3":[0,0],"4":[4,0],"5":[4,0],"6":[1,3],"7":[4,0]}}
,"H:\\3YP\\e20-3yp-Cattle-Management-System\\cms-frontend\\src\\components\\Map.tsx": {"path":"H:\\3YP\\e20-3yp-Cattle-Management-System\\cms-frontend\\src\\components\\Map.tsx","statementMap":{"0":{"start":{"line":1,"column":0},"end":{"line":1,"column":34}},"1":{"start":{"line":2,"column":0},"end":{"line":2,"column":24}},"2":{"start":{"line":3,"column":0},"end":{"line":3,"column":34}},"3":{"start":{"line":13,"column":12},"end":{"line":46,"column":1}},"4":{"start":{"line":14,"column":2},"end":{"line":43,"column":9}},"5":{"start":{"line":16,"column":16},"end":{"line":16,"column":63}},"6":{"start":{"line":19,"column":4},"end":{"line":21,"column":6}},"7":{"start":{"line":24,"column":4},"end":{"line":38,"column":74}},"8":{"start":{"line":25,"column":26},"end":{"line":25,"column":41}},"9":{"start":{"line":27,"column":8},"end":{"line":36,"column":11}},"10":{"start":{"line":28,"column":24},"end":{"line":28,"column":33}},"11":{"start":{"line":29,"column":25},"end":{"line":32,"column":23}},"12":{"start":{"line":33,"column":10},"end":{"line":35,"column":12}},"13":{"start":{"line":38,"column":24},"end":{"line":38,"column":72}},"14":{"start":{"line":40,"column":4},"end":{"line":42,"column":6}},"15":{"start":{"line":41,"column":6},"end":{"line":41,"column":19}},"16":{"start":{"line":45,"column":2},"end":{"line":45,"column":64}},"17":{"start":{"line":48,"column":0},"end":{"line":48,"column":19}}},"fnMap":{"0":{"name":"(anonymous_1)","decl":{"start":{"line":13,"column":12},"end":{"line":13,"column":15}},"loc":{"start":{"line":13,"column":17},"end":{"line":46,"column":1}}},"1":{"name":"(anonymous_2)","decl":{"start":{"line":14,"column":12},"end":{"line":14,"column":15}},"loc":{"start":{"line":14,"column":17},"end":{"line":43,"column":3}}},"2":{"name":"(anonymous_3)","decl":{"start":{"line":25,"column":12},"end":{"line":25,"column":13}},"loc":{"start":{"line":25,"column":26},"end":{"line":25,"column":41}}},"3":{"name":"(anonymous_4)","decl":{"start":{"line":26,"column":12},"end":{"line":26,"column":13}},"loc":{"start":{"line":26,"column":21},"end":{"line":37,"column":7}}},"4":{"name":"(anonymous_5)","decl":{"start":{"line":27,"column":34},"end":{"line":27,"column":35}},"loc":{"start":{"line":27,"column":42},"end":{"line":36,"column":9}}},"5":{"name":"(anonymous_6)","decl":{"start":{"line":38,"column":13},"end":{"line":38,"column":14}},"loc":{"start":{"line":38,"column":24},"end":{"line":38,"column":72}}},"6":{"name":"(anonymous_7)","decl":{"start":{"line":40,"column":11},"end":{"line":40,"column":14}},"loc":{"start":{"line":40,"column":16},"end":{"line":42,"column":5}}}},"branchMap":{},"s":{"0":0,"1":0,"2":0,"3":0,"4":0,"5":0,"6":0,"7":0,"8":0,"9":0,"10":0,"11":0,"12":0,"13":0,"14":0,"15":0,"16":0,"17":0},"f":{"0":0,"1":0,"2":0,"3":0,"4":0,"5":0,"6":0},"b":{}}
,"H:\\3YP\\e20-3yp-Cattle-Management-System\\cms-frontend\\src\\components\\MapPage.tsx": {"path":"H:\\3YP\\e20-3yp-Cattle-Management-System\\cms-frontend\\src\\components\\MapPage.tsx","statementMap":{"0":{"start":{"line":1,"column":0},"end":{"line":1,"column":33}},"1":{"start":{"line":2,"column":0},"end":{"line":2,"column":42}},"2":{"start":{"line":3,"column":0},"end":{"line":3,"column":30}},"3":{"start":{"line":4,"column":0},"end":{"line":4,"column":46}},"4":{"start":{"line":6,"column":16},"end":{"line":25,"column":1}},"5":{"start":{"line":7,"column":21},"end":{"line":7,"column":51}},"6":{"start":{"line":8,"column":46},"end":{"line":8,"column":71}},"7":{"start":{"line":10,"column":2},"end":{"line":24,"column":4}},"8":{"start":{"line":27,"column":0},"end":{"line":27,"column":23}}},"fnMap":{"0":{"name":"(anonymous_1)","decl":{"start":{"line":6,"column":16},"end":{"line":6,"column":19}},"loc":{"start":{"line":6,"column":21},"end":{"line":25,"column":1}}}},"branchMap":{"0":{"loc":{"start":{"line":21,"column":7},"end":{"line":21,"column":61}},"type":"binary-expr","locations":[{"start":{"line":21,"column":7},"end":{"line":21,"column":41}},{"start":{"line":21,"column":45},"end":{"line":21,"column":61}}]},"1":{"loc":{"start":{"line":22,"column":7},"end":{"line":22,"column":53}},"type":"binary-expr","locations":[{"start":{"line":22,"column":7},"end":{"line":22,"column":37}},{"start":{"line":22,"column":41},"end":{"line":22,"column":53}}]}},"s":{"0":0,"1":0,"2":0,"3":0,"4":0,"5":0,"6":0,"7":0,"8":0},"f":{"0":0},"b":{"0":[0,0],"1":[0,0]}}
,"H:\\3YP\\e20-3yp-Cattle-Management-System\\cms-frontend\\src\\components\\Nav.tsx": {"path":"H:\\3YP\\e20-3yp-Cattle-Management-System\\cms-frontend\\src\\components\\Nav.tsx","statementMap":{"0":{"start":{"line":2,"column":0},"end":{"line":2,"column":45}},"1":{"start":{"line":3,"column":0},"end":{"line":3,"column":41}},"2":{"start":{"line":4,"column":0},"end":{"line":4,"column":44}},"3":{"start":{"line":12,"column":12},"end":{"line":68,"column":1}},"4":{"start":{"line":13,"column":2},"end":{"line":67,"column":4}},"5":{"start":{"line":29,"column":14},"end":{"line":30,"column":null}},"6":{"start":{"line":52,"column":14},"end":{"line":53,"column":null}},"7":{"start":{"line":70,"column":0},"end":{"line":70,"column":19}}},"fnMap":{"0":{"name":"(anonymous_1)","decl":{"start":{"line":12,"column":12},"end":{"line":12,"column":15}},"loc":{"start":{"line":12,"column":17},"end":{"line":68,"column":1}}},"1":{"name":"(anonymous_2)","decl":{"start":{"line":28,"column":27},"end":{"line":28,"column":28}},"loc":{"start":{"line":29,"column":14},"end":{"line":30,"column":null}}},"2":{"name":"(anonymous_3)","decl":{"start":{"line":51,"column":30},"end":{"line":51,"column":31}},"loc":{"start":{"line":52,"column":14},"end":{"line":53,"column":null}}}},"branchMap":{},"s":{"0":0,"1":0,"2":0,"3":0,"4":0,"5":0,"6":0,"7":0},"f":{"0":0,"1":0,"2":0},"b":{}}
,"H:\\3YP\\e20-3yp-Cattle-Management-System\\cms-frontend\\src\\components\\NavSub.tsx": {"path":"H:\\3YP\\e20-3yp-Cattle-Management-System\\cms-frontend\\src\\components\\NavSub.tsx","statementMap":{"0":{"start":{"line":9,"column":15},"end":{"line":31,"column":1}},"1":{"start":{"line":12,"column":2},"end":{"line":30,"column":4}},"2":{"start":{"line":16,"column":10},"end":{"line":17,"column":null}},"3":{"start":{"line":24,"column":27},"end":{"line":24,"column":43}},"4":{"start":{"line":33,"column":0},"end":{"line":33,"column":22}}},"fnMap":{"0":{"name":"(anonymous_0)","decl":{"start":{"line":9,"column":15},"end":{"line":9,"column":16}},"loc":{"start":{"line":9,"column":70},"end":{"line":31,"column":1}}},"1":{"name":"(anonymous_1)","decl":{"start":{"line":15,"column":21},"end":{"line":15,"column":22}},"loc":{"start":{"line":16,"column":10},"end":{"line":17,"column":null}}},"2":{"name":"(anonymous_2)","decl":{"start":{"line":24,"column":21},"end":{"line":24,"column":24}},"loc":{"start":{"line":24,"column":27},"end":{"line":24,"column":43}}}},"branchMap":{"0":{"loc":{"start":{"line":20,"column":16},"end":{"line":22,"column":null}},"type":"cond-expr","locations":[{"start":{"line":21,"column":20},"end":{"line":21,"column":55}},{"start":{"line":22,"column":20},"end":{"line":22,"column":null}}]}},"s":{"0":0,"1":0,"2":0,"3":0,"4":0},"f":{"0":0,"1":0,"2":0},"b":{"0":[0,0]}}
,"H:\\3YP\\e20-3yp-Cattle-Management-System\\cms-frontend\\src\\components\\NotificationDropDown.tsx": {"path":"H:\\3YP\\e20-3yp-Cattle-Management-System\\cms-frontend\\src\\components\\NotificationDropDown.tsx","statementMap":{"0":{"start":{"line":1,"column":29},"end":{"line":13,"column":1}},"1":{"start":{"line":2,"column":2},"end":{"line":12,"column":4}},"2":{"start":{"line":15,"column":0},"end":{"line":15,"column":36}}},"fnMap":{"0":{"name":"(anonymous_0)","decl":{"start":{"line":1,"column":29},"end":{"line":1,"column":32}},"loc":{"start":{"line":1,"column":34},"end":{"line":13,"column":1}}}},"branchMap":{},"s":{"0":0,"1":0,"2":0},"f":{"0":0},"b":{}}
,"H:\\3YP\\e20-3yp-Cattle-Management-System\\cms-frontend\\src\\components\\NotificationIcon.tsx": {"path":"H:\\3YP\\e20-3yp-Cattle-Management-System\\cms-frontend\\src\\components\\NotificationIcon.tsx","statementMap":{"0":{"start":{"line":1,"column":0},"end":{"line":1,"column":49}},"1":{"start":{"line":3,"column":25},"end":{"line":16,"column":1}},"2":{"start":{"line":4,"column":2},"end":{"line":15,"column":4}},"3":{"start":{"line":18,"column":0},"end":{"line":18,"column":32}}},"fnMap":{"0":{"name":"(anonymous_0)","decl":{"start":{"line":3,"column":25},"end":{"line":3,"column":26}},"loc":{"start":{"line":3,"column":58},"end":{"line":16,"column":1}}}},"branchMap":{"0":{"loc":{"start":{"line":9,"column":7},"end":{"line":12,"column":null}},"type":"binary-expr","locations":[{"start":{"line":9,"column":7},"end":{"line":9,"column":16}},{"start":{"line":10,"column":8},"end":{"line":11,"column":null}}]}},"s":{"0":0,"1":0,"2":0,"3":0},"f":{"0":0},"b":{"0":[0,0]}}
,"H:\\3YP\\e20-3yp-Cattle-Management-System\\cms-frontend\\src\\components\\Profile.tsx": {"path":"H:\\3YP\\e20-3yp-Cattle-Management-System\\cms-frontend\\src\\components\\Profile.tsx","statementMap":{"0":{"start":{"line":1,"column":0},"end":{"line":1,"column":57}},"1":{"start":{"line":2,"column":0},"end":{"line":2,"column":56}},"2":{"start":{"line":3,"column":0},"end":{"line":3,"column":null}},"3":{"start":{"line":8,"column":0},"end":{"line":8,"column":53}},"4":{"start":{"line":9,"column":0},"end":{"line":9,"column":26}},"5":{"start":{"line":10,"column":0},"end":{"line":10,"column":null}},"6":{"start":{"line":31,"column":16},"end":{"line":504,"column":1}},"7":{"start":{"line":32,"column":28},"end":{"line":32,"column":53}},"8":{"start":{"line":33,"column":36},"end":{"line":33,"column":51}},"9":{"start":{"line":34,"column":36},"end":{"line":34,"column":79}},"10":{"start":{"line":35,"column":32},"end":{"line":38,"column":17}},"11":{"start":{"line":39,"column":48},"end":{"line":39,"column":63}},"12":{"start":{"line":47,"column":6},"end":{"line":47,"column":37}},"13":{"start":{"line":55,"column":6},"end":{"line":55,"column":34}},"14":{"start":{"line":58,"column":2},"end":{"line":65,"column":16}},"15":{"start":{"line":59,"column":4},"end":{"line":64,"column":5}},"16":{"start":{"line":60,"column":20},"end":{"line":62,"column":14}},"17":{"start":{"line":61,"column":8},"end":{"line":61,"column":25}},"18":{"start":{"line":63,"column":6},"end":{"line":63,"column":39}},"19":{"start":{"line":63,"column":19},"end":{"line":63,"column":38}},"20":{"start":{"line":68,"column":2},"end":{"line":72,"column":33}},"21":{"start":{"line":69,"column":4},"end":{"line":71,"column":5}},"22":{"start":{"line":70,"column":6},"end":{"line":70,"column":22}},"23":{"start":{"line":75,"column":27},"end":{"line":80,"column":3}},"24":{"start":{"line":76,"column":4},"end":{"line":76,"column":24}},"25":{"start":{"line":77,"column":4},"end":{"line":77,"column":30}},"26":{"start":{"line":78,"column":4},"end":{"line":78,"column":19}},"27":{"start":{"line":79,"column":4},"end":{"line":79,"column":20}},"28":{"start":{"line":83,"column":2},"end":{"line":89,"column":23}},"29":{"start":{"line":84,"column":4},"end":{"line":88,"column":5}},"30":{"start":{"line":85,"column":6},"end":{"line":85,"column":36}},"31":{"start":{"line":86,"column":6},"end":{"line":86,"column":44}},"32":{"start":{"line":87,"column":6},"end":{"line":87,"column":42}},"33":{"start":{"line":92,"column":2},"end":{"line":116,"column":25}},"34":{"start":{"line":93,"column":29},"end":{"line":111,"column":5}},"35":{"start":{"line":94,"column":6},"end":{"line":110,"column":7}},"36":{"start":{"line":95,"column":25},"end":{"line":95,"column":63}},"37":{"start":{"line":96,"column":25},"end":{"line":96,"column":38}},"38":{"start":{"line":97,"column":8},"end":{"line":103,"column":11}},"39":{"start":{"line":105,"column":8},"end":{"line":105,"column":61}},"40":{"start":{"line":106,"column":8},"end":{"line":109,"column":11}},"41":{"start":{"line":113,"column":4},"end":{"line":115,"column":5}},"42":{"start":{"line":114,"column":6},"end":{"line":114,"column":25}},"43":{"start":{"line":118,"column":64},"end":{"line":150,"column":3}},"44":{"start":{"line":121,"column":4},"end":{"line":149,"column":5}},"45":{"start":{"line":122,"column":6},"end":{"line":127,"column":7}},"46":{"start":{"line":123,"column":8},"end":{"line":125,"column":11}},"47":{"start":{"line":126,"column":8},"end":{"line":126,"column":15}},"48":{"start":{"line":129,"column":6},"end":{"line":135,"column":8}},"49":{"start":{"line":137,"column":6},"end":{"line":137,"column":78}},"50":{"start":{"line":138,"column":6},"end":{"line":138,"column":22}},"51":{"start":{"line":139,"column":6},"end":{"line":139,"column":26}},"52":{"start":{"line":140,"column":6},"end":{"line":140,"column":32}},"53":{"start":{"line":142,"column":6},"end":{"line":142,"column":55}},"54":{"start":{"line":143,"column":6},"end":{"line":148,"column":7}},"55":{"start":{"line":144,"column":8},"end":{"line":147,"column":11}},"56":{"start":{"line":152,"column":60},"end":{"line":174,"column":3}},"57":{"start":{"line":153,"column":4},"end":{"line":173,"column":5}},"58":{"start":{"line":154,"column":6},"end":{"line":154,"column":54}},"59":{"start":{"line":155,"column":6},"end":{"line":161,"column":9}},"60":{"start":{"line":162,"column":6},"end":{"line":162,"column":77}},"61":{"start":{"line":163,"column":6},"end":{"line":163,"column":26}},"62":{"start":{"line":164,"column":6},"end":{"line":164,"column":32}},"63":{"start":{"line":166,"column":6},"end":{"line":166,"column":54}},"64":{"start":{"line":167,"column":6},"end":{"line":172,"column":7}},"65":{"start":{"line":168,"column":8},"end":{"line":171,"column":11}},"66":{"start":{"line":176,"column":2},"end":{"line":503,"column":4}},"67":{"start":{"line":196,"column":18},"end":{"line":196,"column":42}},"68":{"start":{"line":197,"column":18},"end":{"line":197,"column":44}},"69":{"start":{"line":198,"column":18},"end":{"line":198,"column":38}},"70":{"start":{"line":199,"column":18},"end":{"line":199,"column":33}},"71":{"start":{"line":200,"column":18},"end":{"line":200,"column":34}},"72":{"start":{"line":214,"column":31},"end":{"line":214,"column":55}},"73":{"start":{"line":225,"column":20},"end":{"line":225,"column":39}},"74":{"start":{"line":226,"column":20},"end":{"line":226,"column":44}},"75":{"start":{"line":234,"column":20},"end":{"line":234,"column":39}},"76":{"start":{"line":235,"column":20},"end":{"line":235,"column":45}},"77":{"start":{"line":384,"column":22},"end":{"line":384,"column":41}},"78":{"start":{"line":385,"column":22},"end":{"line":385,"column":48}},"79":{"start":{"line":479,"column":22},"end":{"line":479,"column":41}},"80":{"start":{"line":480,"column":22},"end":{"line":480,"column":48}},"81":{"start":{"line":481,"column":22},"end":{"line":481,"column":46}},"82":{"start":{"line":506,"column":0},"end":{"line":506,"column":23}}},"fnMap":{"0":{"name":"(anonymous_1)","decl":{"start":{"line":31,"column":16},"end":{"line":31,"column":19}},"loc":{"start":{"line":31,"column":21},"end":{"line":504,"column":1}}},"1":{"name":"(anonymous_2)","decl":{"start":{"line":58,"column":12},"end":{"line":58,"column":15}},"loc":{"start":{"line":58,"column":17},"end":{"line":65,"column":3}}},"2":{"name":"(anonymous_3)","decl":{"start":{"line":60,"column":31},"end":{"line":60,"column":34}},"loc":{"start":{"line":60,"column":36},"end":{"line":62,"column":7}}},"3":{"name":"(anonymous_4)","decl":{"start":{"line":63,"column":13},"end":{"line":63,"column":16}},"loc":{"start":{"line":63,"column":19},"end":{"line":63,"column":38}}},"4":{"name":"(anonymous_5)","decl":{"start":{"line":68,"column":12},"end":{"line":68,"column":15}},"loc":{"start":{"line":68,"column":17},"end":{"line":72,"column":3}}},"5":{"name":"(anonymous_6)","decl":{"start":{"line":75,"column":27},"end":{"line":75,"column":30}},"loc":{"start":{"line":75,"column":32},"end":{"line":80,"column":3}}},"6":{"name":"(anonymous_7)","decl":{"start":{"line":83,"column":12},"end":{"line":83,"column":15}},"loc":{"start":{"line":83,"column":17},"end":{"line":89,"column":3}}},"7":{"name":"(anonymous_8)","decl":{"start":{"line":92,"column":12},"end":{"line":92,"column":15}},"loc":{"start":{"line":92,"column":17},"end":{"line":116,"column":3}}},"8":{"name":"(anonymous_9)","decl":{"start":{"line":93,"column":29},"end":{"line":93,"column":34}},"loc":{"start":{"line":93,"column":40},"end":{"line":111,"column":5}}},"9":{"name":"(anonymous_10)","decl":{"start":{"line":118,"column":64},"end":{"line":118,"column":69}},"loc":{"start":{"line":120,"column":6},"end":{"line":150,"column":3}}},"10":{"name":"(anonymous_11)","decl":{"start":{"line":152,"column":60},"end":{"line":152,"column":65}},"loc":{"start":{"line":152,"column":75},"end":{"line":174,"column":3}}},"11":{"name":"(anonymous_12)","decl":{"start":{"line":195,"column":25},"end":{"line":195,"column":28}},"loc":{"start":{"line":195,"column":30},"end":{"line":201,"column":17}}},"12":{"name":"(anonymous_13)","decl":{"start":{"line":214,"column":25},"end":{"line":214,"column":28}},"loc":{"start":{"line":214,"column":31},"end":{"line":214,"column":55}}},"13":{"name":"(anonymous_14)","decl":{"start":{"line":224,"column":27},"end":{"line":224,"column":30}},"loc":{"start":{"line":224,"column":32},"end":{"line":227,"column":19}}},"14":{"name":"(anonymous_15)","decl":{"start":{"line":233,"column":27},"end":{"line":233,"column":30}},"loc":{"start":{"line":233,"column":32},"end":{"line":236,"column":19}}},"15":{"name":"(anonymous_16)","decl":{"start":{"line":383,"column":29},"end":{"line":383,"column":32}},"loc":{"start":{"line":383,"column":34},"end":{"line":386,"column":21}}},"16":{"name":"(anonymous_17)","decl":{"start":{"line":478,"column":29},"end":{"line":478,"column":32}},"loc":{"start":{"line":478,"column":34},"end":{"line":482,"column":21}}}},"branchMap":{"0":{"loc":{"start":{"line":59,"column":4},"end":{"line":64,"column":5}},"type":"if","locations":[{"start":{"line":59,"column":4},"end":{"line":64,"column":5}}]},"1":{"loc":{"start":{"line":69,"column":4},"end":{"line":71,"column":5}},"type":"if","locations":[{"start":{"line":69,"column":4},"end":{"line":71,"column":5}}]},"2":{"loc":{"start":{"line":84,"column":4},"end":{"line":88,"column":5}},"type":"if","locations":[{"start":{"line":84,"column":4},"end":{"line":88,"column":5}}]},"3":{"loc":{"start":{"line":113,"column":4},"end":{"line":115,"column":5}},"type":"if","locations":[{"start":{"line":113,"column":4},"end":{"line":115,"column":5}}]},"4":{"loc":{"start":{"line":122,"column":6},"end":{"line":127,"column":7}},"type":"if","locations":[{"start":{"line":122,"column":6},"end":{"line":127,"column":7}}]},"5":{"loc":{"start":{"line":143,"column":6},"end":{"line":148,"column":7}},"type":"if","locations":[{"start":{"line":143,"column":6},"end":{"line":148,"column":7}}]},"6":{"loc":{"start":{"line":146,"column":16},"end":{"line":146,"column":76}},"type":"binary-expr","locations":[{"start":{"line":146,"column":16},"end":{"line":146,"column":45}},{"start":{"line":146,"column":49},"end":{"line":146,"column":76}}]},"7":{"loc":{"start":{"line":167,"column":6},"end":{"line":172,"column":7}},"type":"if","locations":[{"start":{"line":167,"column":6},"end":{"line":172,"column":7}}]},"8":{"loc":{"start":{"line":170,"column":16},"end":{"line":170,"column":75}},"type":"binary-expr","locations":[{"start":{"line":170,"column":16},"end":{"line":170,"column":45}},{"start":{"line":170,"column":49},"end":{"line":170,"column":75}}]},"9":{"loc":{"start":{"line":180,"column":11},"end":{"line":189,"column":null}},"type":"binary-expr","locations":[{"start":{"line":180,"column":11},"end":{"line":180,"column":18}},{"start":{"line":181,"column":12},"end":{"line":188,"column":null}}]},"10":{"loc":{"start":{"line":183,"column":16},"end":{"line":185,"column":null}},"type":"cond-expr","locations":[{"start":{"line":184,"column":20},"end":{"line":184,"column":49}},{"start":{"line":185,"column":20},"end":{"line":185,"column":null}}]},"11":{"loc":{"start":{"line":203,"column":18},"end":{"line":205,"column":null}},"type":"cond-expr","locations":[{"start":{"line":204,"column":22},"end":{"line":204,"column":47}},{"start":{"line":205,"column":22},"end":{"line":205,"column":null}}]},"12":{"loc":{"start":{"line":212,"column":13},"end":{"line":219,"column":null}},"type":"binary-expr","locations":[{"start":{"line":212,"column":13},"end":{"line":212,"column":23}},{"start":{"line":212,"column":27},"end":{"line":212,"column":43}},{"start":{"line":213,"column":14},"end":{"line":217,"column":null}}]},"13":{"loc":{"start":{"line":221,"column":13},"end":{"line":241,"column":null}},"type":"binary-expr","locations":[{"start":{"line":221,"column":13},"end":{"line":221,"column":28}},{"start":{"line":221,"column":32},"end":{"line":221,"column":42}},{"start":{"line":222,"column":14},"end":{"line":240,"column":null}}]},"14":{"loc":{"start":{"line":245,"column":11},"end":{"line":498,"column":null}},"type":"cond-expr","locations":[{"start":{"line":246,"column":12},"end":{"line":399,"column":null}},{"start":{"line":402,"column":12},"end":{"line":497,"column":null}}]},"15":{"loc":{"start":{"line":259,"column":21},"end":{"line":271,"column":null}},"type":"cond-expr","locations":[{"start":{"line":260,"column":22},"end":{"line":266,"column":null}},{"start":{"line":269,"column":22},"end":{"line":270,"column":null}}]},"16":{"loc":{"start":{"line":270,"column":25},"end":{"line":270,"column":52}},"type":"binary-expr","locations":[{"start":{"line":270,"column":25},"end":{"line":270,"column":39}},{"start":{"line":270,"column":43},"end":{"line":270,"column":52}}]},"17":{"loc":{"start":{"line":273,"column":21},"end":{"line":276,"column":null}},"type":"binary-expr","locations":[{"start":{"line":273,"column":21},"end":{"line":273,"column":30}},{"start":{"line":273,"column":34},"end":{"line":273,"column":57}},{"start":{"line":274,"column":22},"end":{"line":275,"column":null}}]},"18":{"loc":{"start":{"line":292,"column":21},"end":{"line":304,"column":null}},"type":"cond-expr","locations":[{"start":{"line":293,"column":22},"end":{"line":299,"column":null}},{"start":{"line":302,"column":22},"end":{"line":303,"column":null}}]},"19":{"loc":{"start":{"line":303,"column":25},"end":{"line":303,"column":51}},"type":"binary-expr","locations":[{"start":{"line":303,"column":25},"end":{"line":303,"column":38}},{"start":{"line":303,"column":42},"end":{"line":303,"column":51}}]},"20":{"loc":{"start":{"line":306,"column":21},"end":{"line":309,"column":null}},"type":"binary-expr","locations":[{"start":{"line":306,"column":21},"end":{"line":306,"column":30}},{"start":{"line":306,"column":34},"end":{"line":306,"column":56}},{"start":{"line":307,"column":22},"end":{"line":308,"column":null}}]},"21":{"loc":{"start":{"line":325,"column":21},"end":{"line":335,"column":null}},"type":"cond-expr","locations":[{"start":{"line":326,"column":22},"end":{"line":332,"column":null}},{"start":{"line":335,"column":22},"end":{"line":335,"column":72}}]},"22":{"loc":{"start":{"line":337,"column":21},"end":{"line":340,"column":null}},"type":"binary-expr","locations":[{"start":{"line":337,"column":21},"end":{"line":337,"column":30}},{"start":{"line":337,"column":34},"end":{"line":337,"column":53}},{"start":{"line":338,"column":22},"end":{"line":339,"column":null}}]},"23":{"loc":{"start":{"line":356,"column":21},"end":{"line":368,"column":null}},"type":"cond-expr","locations":[{"start":{"line":357,"column":22},"end":{"line":363,"column":null}},{"start":{"line":366,"column":22},"end":{"line":367,"column":null}}]},"24":{"loc":{"start":{"line":367,"column":25},"end":{"line":367,"column":50}},"type":"binary-expr","locations":[{"start":{"line":367,"column":25},"end":{"line":367,"column":37}},{"start":{"line":367,"column":41},"end":{"line":367,"column":50}}]},"25":{"loc":{"start":{"line":370,"column":21},"end":{"line":373,"column":null}},"type":"binary-expr","locations":[{"start":{"line":370,"column":21},"end":{"line":370,"column":30}},{"start":{"line":370,"column":34},"end":{"line":370,"column":55}},{"start":{"line":371,"column":22},"end":{"line":372,"column":null}}]},"26":{"loc":{"start":{"line":379,"column":15},"end":{"line":398,"column":null}},"type":"binary-expr","locations":[{"start":{"line":379,"column":15},"end":{"line":379,"column":24}},{"start":{"line":380,"column":16},"end":{"line":397,"column":null}}]},"27":{"loc":{"start":{"line":396,"column":21},"end":{"line":396,"column":71}},"type":"cond-expr","locations":[{"start":{"line":396,"column":43},"end":{"line":396,"column":54}},{"start":{"line":396,"column":57},"end":{"line":396,"column":71}}]},"28":{"loc":{"start":{"line":422,"column":19},"end":{"line":425,"column":null}},"type":"binary-expr","locations":[{"start":{"line":422,"column":19},"end":{"line":422,"column":28}},{"start":{"line":422,"column":32},"end":{"line":422,"column":62}},{"start":{"line":423,"column":20},"end":{"line":424,"column":null}}]},"29":{"loc":{"start":{"line":444,"column":19},"end":{"line":447,"column":null}},"type":"binary-expr","locations":[{"start":{"line":444,"column":19},"end":{"line":444,"column":28}},{"start":{"line":444,"column":32},"end":{"line":444,"column":58}},{"start":{"line":445,"column":20},"end":{"line":446,"column":null}}]},"30":{"loc":{"start":{"line":466,"column":19},"end":{"line":469,"column":null}},"type":"binary-expr","locations":[{"start":{"line":466,"column":19},"end":{"line":466,"column":28}},{"start":{"line":466,"column":32},"end":{"line":466,"column":62}},{"start":{"line":467,"column":20},"end":{"line":468,"column":null}}]},"31":{"loc":{"start":{"line":474,"column":15},"end":{"line":496,"column":null}},"type":"binary-expr","locations":[{"start":{"line":474,"column":15},"end":{"line":474,"column":24}},{"start":{"line":475,"column":16},"end":{"line":495,"column":null}}]},"32":{"loc":{"start":{"line":492,"column":21},"end":{"line":494,"column":41}},"type":"cond-expr","locations":[{"start":{"line":493,"column":24},"end":{"line":493,"column":46}},{"start":{"line":494,"column":24},"end":{"line":494,"column":41}}]}},"s":{"0":1,"1":1,"2":1,"3":1,"4":1,"5":1,"6":1,"7":12,"8":12,"9":12,"10":12,"11":12,"12":12,"13":12,"14":12,"15":5,"16":2,"17":0,"18":2,"19":2,"20":12,"21":4,"22":1,"23":12,"24":0,"25":0,"26":0,"27":0,"28":12,"29":3,"30":3,"31":3,"32":3,"33":12,"34":3,"35":3,"36":3,"37":3,"38":3,"39":0,"40":0,"41":3,"42":3,"43":12,"44":1,"45":1,"46":0,"47":0,"48":1,"49":1,"50":1,"51":1,"52":1,"53":0,"54":0,"55":0,"56":12,"57":1,"58":1,"59":1,"60":1,"61":1,"62":1,"63":0,"64":0,"65":0,"66":12,"67":0,"68":0,"69":0,"70":0,"71":0,"72":2,"73":1,"74":1,"75":1,"76":1,"77":0,"78":0,"79":0,"80":0,"81":0,"82":1},"f":{"0":12,"1":5,"2":0,"3":2,"4":4,"5":0,"6":3,"7":3,"8":3,"9":1,"10":1,"11":0,"12":2,"13":1,"14":1,"15":0,"16":0},"b":{"0":[2],"1":[1],"2":[3],"3":[3],"4":[0],"5":[0],"6":[0,0],"7":[0],"8":[0,0],"9":[12,2],"10":[2,0],"11":[8,4],"12":[12,7,5],"13":[12,7,2],"14":[8,4],"15":[2,6],"16":[6,0],"17":[8,2,0],"18":[2,6],"19":[6,0],"20":[8,2,0],"21":[2,6],"22":[8,2,0],"23":[2,6],"24":[6,0],"25":[8,2,0],"26":[8,2],"27":[1,1],"28":[4,3,0],"29":[4,3,0],"30":[4,3,0],"31":[4,3],"32":[1,2]}}
,"H:\\3YP\\e20-3yp-Cattle-Management-System\\cms-frontend\\src\\components\\RequireAuth.tsx": {"path":"H:\\3YP\\e20-3yp-Cattle-Management-System\\cms-frontend\\src\\components\\RequireAuth.tsx","statementMap":{"0":{"start":{"line":1,"column":0},"end":{"line":1,"column":65}},"1":{"start":{"line":2,"column":0},"end":{"line":2,"column":35}},"2":{"start":{"line":3,"column":0},"end":{"line":3,"column":53}},"3":{"start":{"line":6,"column":20},"end":{"line":15,"column":1}},"4":{"start":{"line":7,"column":19},"end":{"line":7,"column":44}},"5":{"start":{"line":8,"column":19},"end":{"line":8,"column":32}},"6":{"start":{"line":10,"column":2},"end":{"line":14,"column":4}},"7":{"start":{"line":17,"column":0},"end":{"line":17,"column":27}}},"fnMap":{"0":{"name":"(anonymous_1)","decl":{"start":{"line":6,"column":20},"end":{"line":6,"column":23}},"loc":{"start":{"line":6,"column":25},"end":{"line":15,"column":1}}}},"branchMap":{"0":{"loc":{"start":{"line":10,"column":9},"end":{"line":13,"column":null}},"type":"cond-expr","locations":[{"start":{"line":11,"column":4},"end":{"line":11,"column":14}},{"start":{"line":13,"column":4},"end":{"line":13,"column":63}}]}},"s":{"0":0,"1":0,"2":0,"3":0,"4":0,"5":0,"6":0,"7":0},"f":{"0":0},"b":{"0":[0,0]}}
,"H:\\3YP\\e20-3yp-Cattle-Management-System\\cms-frontend\\src\\components\\Signup.tsx": {"path":"H:\\3YP\\e20-3yp-Cattle-Management-System\\cms-frontend\\src\\components\\Signup.tsx","statementMap":{"0":{"start":{"line":1,"column":0},"end":{"line":1,"column":57}},"1":{"start":{"line":2,"column":0},"end":{"line":2,"column":62}},"2":{"start":{"line":3,"column":0},"end":{"line":3,"column":47}},"3":{"start":{"line":4,"column":0},"end":{"line":4,"column":50}},"4":{"start":{"line":5,"column":0},"end":{"line":5,"column":26}},"5":{"start":{"line":15,"column":15},"end":{"line":194,"column":1}},"6":{"start":{"line":16,"column":19},"end":{"line":16,"column":32}},"7":{"start":{"line":22,"column":6},"end":{"line":22,"column":27}},"8":{"start":{"line":24,"column":46},"end":{"line":43,"column":3}},"9":{"start":{"line":25,"column":4},"end":{"line":42,"column":5}},"10":{"start":{"line":26,"column":6},"end":{"line":26,"column":25}},"11":{"start":{"line":27,"column":6},"end":{"line":27,"column":24}},"12":{"start":{"line":28,"column":6},"end":{"line":28,"column":25}},"13":{"start":{"line":30,"column":6},"end":{"line":30,"column":51}},"14":{"start":{"line":31,"column":6},"end":{"line":41,"column":7}},"15":{"start":{"line":32,"column":8},"end":{"line":40,"column":9}},"16":{"start":{"line":33,"column":10},"end":{"line":35,"column":13}},"17":{"start":{"line":37,"column":10},"end":{"line":39,"column":13}},"18":{"start":{"line":45,"column":2},"end":{"line":193,"column":4}},"19":{"start":{"line":175,"column":31},"end":{"line":175,"column":49}},"20":{"start":{"line":196,"column":0},"end":{"line":196,"column":22}}},"fnMap":{"0":{"name":"(anonymous_1)","decl":{"start":{"line":15,"column":15},"end":{"line":15,"column":18}},"loc":{"start":{"line":15,"column":20},"end":{"line":194,"column":1}}},"1":{"name":"(anonymous_2)","decl":{"start":{"line":24,"column":46},"end":{"line":24,"column":51}},"loc":{"start":{"line":24,"column":61},"end":{"line":43,"column":3}}},"2":{"name":"(anonymous_3)","decl":{"start":{"line":175,"column":25},"end":{"line":175,"column":28}},"loc":{"start":{"line":175,"column":31},"end":{"line":175,"column":49}}}},"branchMap":{"0":{"loc":{"start":{"line":31,"column":6},"end":{"line":41,"column":7}},"type":"if","locations":[{"start":{"line":31,"column":6},"end":{"line":41,"column":7}}]},"1":{"loc":{"start":{"line":32,"column":8},"end":{"line":40,"column":9}},"type":"if","locations":[{"start":{"line":32,"column":8},"end":{"line":40,"column":9}},{"start":{"line":36,"column":15},"end":{"line":40,"column":9}}]},"2":{"loc":{"start":{"line":71,"column":15},"end":{"line":74,"column":null}},"type":"binary-expr","locations":[{"start":{"line":71,"column":15},"end":{"line":71,"column":31}},{"start":{"line":72,"column":16},"end":{"line":73,"column":null}}]},"3":{"loc":{"start":{"line":93,"column":15},"end":{"line":96,"column":null}},"type":"binary-expr","locations":[{"start":{"line":93,"column":15},"end":{"line":93,"column":30}},{"start":{"line":94,"column":16},"end":{"line":95,"column":null}}]},"4":{"loc":{"start":{"line":115,"column":15},"end":{"line":118,"column":null}},"type":"binary-expr","locations":[{"start":{"line":115,"column":15},"end":{"line":115,"column":27}},{"start":{"line":116,"column":16},"end":{"line":117,"column":null}}]},"5":{"loc":{"start":{"line":133,"column":15},"end":{"line":136,"column":null}},"type":"binary-expr","locations":[{"start":{"line":133,"column":15},"end":{"line":133,"column":29}},{"start":{"line":134,"column":16},"end":{"line":135,"column":null}}]},"6":{"loc":{"start":{"line":156,"column":15},"end":{"line":159,"column":null}},"type":"binary-expr","locations":[{"start":{"line":156,"column":15},"end":{"line":156,"column":30}},{"start":{"line":157,"column":16},"end":{"line":158,"column":null}}]},"7":{"loc":{"start":{"line":164,"column":17},"end":{"line":164,"column":59}},"type":"cond-expr","locations":[{"start":{"line":164,"column":32},"end":{"line":164,"column":47}},{"start":{"line":164,"column":50},"end":{"line":164,"column":59}}]},"8":{"loc":{"start":{"line":166,"column":15},"end":{"line":169,"column":null}},"type":"binary-expr","locations":[{"start":{"line":166,"column":15},"end":{"line":166,"column":26}},{"start":{"line":167,"column":16},"end":{"line":168,"column":null}}]}},"s":{"0":1,"1":1,"2":1,"3":1,"4":1,"5":1,"6":4,"7":4,"8":4,"9":1,"10":1,"11":1,"12":1,"13":0,"14":0,"15":0,"16":0,"17":0,"18":4,"19":0,"20":1},"f":{"0":4,"1":1,"2":0},"b":{"0":[0],"1":[0,0],"2":[4,0],"3":[4,0],"4":[4,0],"5":[4,0],"6":[4,0],"7":[1,3],"8":[4,0]}}
,"H:\\3YP\\e20-3yp-Cattle-Management-System\\cms-frontend\\src\\components\\TopNav.tsx": {"path":"H:\\3YP\\e20-3yp-Cattle-Management-System\\cms-frontend\\src\\components\\TopNav.tsx","statementMap":{"0":{"start":{"line":1,"column":0},"end":{"line":1,"column":33}},"1":{"start":{"line":2,"column":0},"end":{"line":2,"column":47}},"2":{"start":{"line":3,"column":0},"end":{"line":3,"column":50}},"3":{"start":{"line":4,"column":0},"end":{"line":4,"column":58}},"4":{"start":{"line":5,"column":0},"end":{"line":5,"column":47}},"5":{"start":{"line":7,"column":15},"end":{"line":39,"column":1}},"6":{"start":{"line":8,"column":36},"end":{"line":8,"column":51}},"7":{"start":{"line":9,"column":19},"end":{"line":9,"column":32}},"8":{"start":{"line":12,"column":23},"end":{"line":19,"column":3}},"9":{"start":{"line":13,"column":17},"end":{"line":13,"column":48}},"10":{"start":{"line":14,"column":4},"end":{"line":14,"column":34}},"11":{"start":{"line":14,"column":15},"end":{"line":14,"column":34}},"12":{"start":{"line":17,"column":18},"end":{"line":17,"column":62}},"13":{"start":{"line":18,"column":4},"end":{"line":18,"column":17}},"14":{"start":{"line":21,"column":2},"end":{"line":38,"column":4}},"15":{"start":{"line":29,"column":30},"end":{"line":29,"column":48}},"16":{"start":{"line":30,"column":30},"end":{"line":30,"column":49}},"17":{"start":{"line":41,"column":0},"end":{"line":41,"column":22}}},"fnMap":{"0":{"name":"(anonymous_1)","decl":{"start":{"line":7,"column":15},"end":{"line":7,"column":18}},"loc":{"start":{"line":7,"column":20},"end":{"line":39,"column":1}}},"1":{"name":"(anonymous_2)","decl":{"start":{"line":12,"column":23},"end":{"line":12,"column":26}},"loc":{"start":{"line":12,"column":28},"end":{"line":19,"column":3}}},"2":{"name":"(anonymous_3)","decl":{"start":{"line":29,"column":24},"end":{"line":29,"column":27}},"loc":{"start":{"line":29,"column":30},"end":{"line":29,"column":48}}},"3":{"name":"(anonymous_4)","decl":{"start":{"line":30,"column":24},"end":{"line":30,"column":27}},"loc":{"start":{"line":30,"column":30},"end":{"line":30,"column":49}}}},"branchMap":{"0":{"loc":{"start":{"line":14,"column":4},"end":{"line":14,"column":34}},"type":"if","locations":[{"start":{"line":14,"column":4},"end":{"line":14,"column":34}}]},"1":{"loc":{"start":{"line":33,"column":11},"end":{"line":33,"column":48}},"type":"binary-expr","locations":[{"start":{"line":33,"column":11},"end":{"line":33,"column":20}},{"start":{"line":33,"column":24},"end":{"line":33,"column":48}}]}},"s":{"0":0,"1":0,"2":0,"3":0,"4":0,"5":0,"6":0,"7":0,"8":0,"9":0,"10":0,"11":0,"12":0,"13":0,"14":0,"15":0,"16":0,"17":0},"f":{"0":0,"1":0,"2":0,"3":0},"b":{"0":[0],"1":[0,0]}}
,"H:\\3YP\\e20-3yp-Cattle-Management-System\\cms-frontend\\src\\components\\GeoFence\\AddGeoFence.tsx": {"path":"H:\\3YP\\e20-3yp-Cattle-Management-System\\cms-frontend\\src\\components\\GeoFence\\AddGeoFence.tsx","statementMap":{"0":{"start":{"line":1,"column":0},"end":{"line":1,"column":44}},"1":{"start":{"line":2,"column":0},"end":{"line":2,"column":40}},"2":{"start":{"line":3,"column":0},"end":{"line":3,"column":41}},"3":{"start":{"line":4,"column":0},"end":{"line":4,"column":39}},"4":{"start":{"line":6,"column":17},"end":{"line":212,"column":1}},"5":{"start":{"line":7,"column":40},"end":{"line":7,"column":54}},"6":{"start":{"line":8,"column":34},"end":{"line":8,"column":69}},"7":{"start":{"line":9,"column":34},"end":{"line":9,"column":46}},"8":{"start":{"line":10,"column":30},"end":{"line":10,"column":43}},"9":{"start":{"line":11,"column":50},"end":{"line":14,"column":17}},"10":{"start":{"line":16,"column":31},"end":{"line":18,"column":3}},"11":{"start":{"line":17,"column":4},"end":{"line":17,"column":38}},"12":{"start":{"line":20,"column":2},"end":{"line":22,"column":25}},"13":{"start":{"line":21,"column":4},"end":{"line":21,"column":19}},"14":{"start":{"line":25,"column":23},"end":{"line":28,"column":3}},"15":{"start":{"line":26,"column":18},"end":{"line":26,"column":69}},"16":{"start":{"line":27,"column":4},"end":{"line":27,"column":21}},"17":{"start":{"line":30,"column":21},"end":{"line":59,"column":3}},"18":{"start":{"line":31,"column":4},"end":{"line":34,"column":5}},"19":{"start":{"line":32,"column":6},"end":{"line":32,"column":58}},"20":{"start":{"line":33,"column":6},"end":{"line":33,"column":13}},"21":{"start":{"line":36,"column":25},"end":{"line":42,"column":6}},"22":{"start":{"line":44,"column":4},"end":{"line":44,"column":30}},"23":{"start":{"line":45,"column":21},"end":{"line":49,"column":6}},"24":{"start":{"line":51,"column":4},"end":{"line":51,"column":50}},"25":{"start":{"line":52,"column":4},"end":{"line":52,"column":39}},"26":{"start":{"line":55,"column":4},"end":{"line":55,"column":30}},"27":{"start":{"line":56,"column":4},"end":{"line":56,"column":19}},"28":{"start":{"line":57,"column":4},"end":{"line":57,"column":24}},"29":{"start":{"line":58,"column":4},"end":{"line":58,"column":20}},"30":{"start":{"line":61,"column":2},"end":{"line":211,"column":4}},"31":{"start":{"line":149,"column":31},"end":{"line":149,"column":50}},"32":{"start":{"line":159,"column":31},"end":{"line":159,"column":52}},"33":{"start":{"line":182,"column":29},"end":{"line":182,"column":56}},"34":{"start":{"line":214,"column":0},"end":{"line":214,"column":24}}},"fnMap":{"0":{"name":"(anonymous_1)","decl":{"start":{"line":6,"column":17},"end":{"line":6,"column":20}},"loc":{"start":{"line":6,"column":22},"end":{"line":212,"column":1}}},"1":{"name":"(anonymous_2)","decl":{"start":{"line":16,"column":31},"end":{"line":16,"column":32}},"loc":{"start":{"line":16,"column":60},"end":{"line":18,"column":3}}},"2":{"name":"(anonymous_3)","decl":{"start":{"line":20,"column":12},"end":{"line":20,"column":15}},"loc":{"start":{"line":20,"column":17},"end":{"line":22,"column":3}}},"3":{"name":"(anonymous_4)","decl":{"start":{"line":25,"column":23},"end":{"line":25,"column":24}},"loc":{"start":{"line":25,"column":66},"end":{"line":28,"column":3}}},"4":{"name":"(anonymous_5)","decl":{"start":{"line":30,"column":21},"end":{"line":30,"column":26}},"loc":{"start":{"line":30,"column":32},"end":{"line":59,"column":3}}},"5":{"name":"(anonymous_6)","decl":{"start":{"line":149,"column":25},"end":{"line":149,"column":28}},"loc":{"start":{"line":149,"column":31},"end":{"line":149,"column":50}}},"6":{"name":"(anonymous_7)","decl":{"start":{"line":159,"column":25},"end":{"line":159,"column":28}},"loc":{"start":{"line":159,"column":31},"end":{"line":159,"column":52}}},"7":{"name":"(anonymous_8)","decl":{"start":{"line":182,"column":22},"end":{"line":182,"column":23}},"loc":{"start":{"line":182,"column":29},"end":{"line":182,"column":56}}}},"branchMap":{"0":{"loc":{"start":{"line":31,"column":4},"end":{"line":34,"column":5}},"type":"if","locations":[{"start":{"line":31,"column":4},"end":{"line":34,"column":5}}]},"1":{"loc":{"start":{"line":69,"column":11},"end":{"line":92,"column":null}},"type":"cond-expr","locations":[{"start":{"line":70,"column":12},"end":{"line":70,"column":null}},{"start":{"line":74,"column":12},"end":{"line":91,"column":null}}]},"2":{"loc":{"start":{"line":142,"column":18},"end":{"line":144,"column":null}},"type":"cond-expr","locations":[{"start":{"line":143,"column":22},"end":{"line":143,"column":46}},{"start":{"line":144,"column":22},"end":{"line":144,"column":null}}]},"3":{"loc":{"start":{"line":151,"column":18},"end":{"line":153,"column":null}},"type":"cond-expr","locations":[{"start":{"line":152,"column":22},"end":{"line":152,"column":34}},{"start":{"line":153,"column":22},"end":{"line":153,"column":null}}]},"4":{"loc":{"start":{"line":161,"column":18},"end":{"line":163,"column":null}},"type":"cond-expr","locations":[{"start":{"line":162,"column":22},"end":{"line":162,"column":34}},{"start":{"line":163,"column":22},"end":{"line":163,"column":null}}]},"5":{"loc":{"start":{"line":194,"column":12},"end":{"line":196,"column":null}},"type":"cond-expr","locations":[{"start":{"line":195,"column":16},"end":{"line":195,"column":48}},{"start":{"line":196,"column":16},"end":{"line":196,"column":null}}]}},"s":{"0":0,"1":0,"2":0,"3":0,"4":0,"5":0,"6":0,"7":0,"8":0,"9":0,"10":0,"11":0,"12":0,"13":0,"14":0,"15":0,"16":0,"17":0,"18":0,"19":0,"20":0,"21":0,"22":0,"23":0,"24":0,"25":0,"26":0,"27":0,"28":0,"29":0,"30":0,"31":0,"32":0,"33":0,"34":0},"f":{"0":0,"1":0,"2":0,"3":0,"4":0,"5":0,"6":0,"7":0},"b":{"0":[0],"1":[0,0],"2":[0,0],"3":[0,0],"4":[0,0],"5":[0,0]}}
,"H:\\3YP\\e20-3yp-Cattle-Management-System\\cms-frontend\\src\\components\\GeoFence\\DeleteGeoFence.tsx": {"path":"H:\\3YP\\e20-3yp-Cattle-Management-System\\cms-frontend\\src\\components\\GeoFence\\DeleteGeoFence.tsx","statementMap":{"0":{"start":{"line":1,"column":0},"end":{"line":1,"column":24}},"1":{"start":{"line":2,"column":0},"end":{"line":2,"column":52}},"2":{"start":{"line":3,"column":0},"end":{"line":3,"column":41}},"3":{"start":{"line":13,"column":23},"end":{"line":82,"column":1}},"4":{"start":{"line":15,"column":17},"end":{"line":15,"column":43}},"5":{"start":{"line":17,"column":27},"end":{"line":47,"column":3}},"6":{"start":{"line":18,"column":4},"end":{"line":46,"column":5}},"7":{"start":{"line":19,"column":23},"end":{"line":19,"column":53}},"8":{"start":{"line":20,"column":24},"end":{"line":20,"column":37}},"9":{"start":{"line":22,"column":6},"end":{"line":22,"column":29}},"10":{"start":{"line":23,"column":6},"end":{"line":43,"column":9}},"11":{"start":{"line":24,"column":58},"end":{"line":24,"column":66}},"12":{"start":{"line":25,"column":8},"end":{"line":42,"column":9}},"13":{"start":{"line":26,"column":25},"end":{"line":31,"column":35}},"14":{"start":{"line":32,"column":10},"end":{"line":32,"column":27}},"15":{"start":{"line":35,"column":25},"end":{"line":40,"column":35}},"16":{"start":{"line":41,"column":10},"end":{"line":41,"column":70}},"17":{"start":{"line":45,"column":6},"end":{"line":45,"column":44}},"18":{"start":{"line":49,"column":2},"end":{"line":60,"column":9}},"19":{"start":{"line":50,"column":16},"end":{"line":50,"column":63}},"20":{"start":{"line":51,"column":4},"end":{"line":53,"column":6}},"21":{"start":{"line":55,"column":4},"end":{"line":55,"column":23}},"22":{"start":{"line":57,"column":4},"end":{"line":59,"column":6}},"23":{"start":{"line":58,"column":6},"end":{"line":58,"column":19}},"24":{"start":{"line":62,"column":2},"end":{"line":81,"column":4}},"25":{"start":{"line":84,"column":0},"end":{"line":84,"column":30}}},"fnMap":{"0":{"name":"(anonymous_1)","decl":{"start":{"line":13,"column":23},"end":{"line":13,"column":26}},"loc":{"start":{"line":13,"column":28},"end":{"line":82,"column":1}}},"1":{"name":"(anonymous_2)","decl":{"start":{"line":17,"column":27},"end":{"line":17,"column":32}},"loc":{"start":{"line":17,"column":38},"end":{"line":47,"column":3}}},"2":{"name":"(anonymous_3)","decl":{"start":{"line":23,"column":24},"end":{"line":23,"column":25}},"loc":{"start":{"line":23,"column":56},"end":{"line":43,"column":7}}},"3":{"name":"(anonymous_4)","decl":{"start":{"line":49,"column":12},"end":{"line":49,"column":15}},"loc":{"start":{"line":49,"column":17},"end":{"line":60,"column":3}}},"4":{"name":"(anonymous_5)","decl":{"start":{"line":57,"column":11},"end":{"line":57,"column":14}},"loc":{"start":{"line":57,"column":16},"end":{"line":59,"column":5}}}},"branchMap":{"0":{"loc":{"start":{"line":25,"column":8},"end":{"line":42,"column":9}},"type":"if","locations":[{"start":{"line":25,"column":8},"end":{"line":42,"column":9}},{"start":{"line":34,"column":15},"end":{"line":42,"column":9}}]}},"s":{"0":0,"1":0,"2":0,"3":0,"4":0,"5":0,"6":0,"7":0,"8":0,"9":0,"10":0,"11":0,"12":0,"13":0,"14":0,"15":0,"16":0,"17":0,"18":0,"19":0,"20":0,"21":0,"22":0,"23":0,"24":0,"25":0},"f":{"0":0,"1":0,"2":0,"3":0,"4":0},"b":{"0":[0,0]}}
,"H:\\3YP\\e20-3yp-Cattle-Management-System\\cms-frontend\\src\\components\\GeoFence\\GeoFenceMap.tsx": {"path":"H:\\3YP\\e20-3yp-Cattle-Management-System\\cms-frontend\\src\\components\\GeoFence\\GeoFenceMap.tsx","statementMap":{"0":{"start":{"line":1,"column":0},"end":{"line":1,"column":52}},"1":{"start":{"line":2,"column":0},"end":{"line":2,"column":24}},"2":{"start":{"line":3,"column":0},"end":{"line":3,"column":34}},"3":{"start":{"line":4,"column":0},"end":{"line":4,"column":41}},"4":{"start":{"line":20,"column":20},"end":{"line":142,"column":1}},"5":{"start":{"line":25,"column":17},"end":{"line":25,"column":43}},"6":{"start":{"line":26,"column":20},"end":{"line":26,"column":49}},"7":{"start":{"line":27,"column":20},"end":{"line":27,"column":49}},"8":{"start":{"line":28,"column":50},"end":{"line":31,"column":17}},"9":{"start":{"line":33,"column":27},"end":{"line":62,"column":3}},"10":{"start":{"line":34,"column":4},"end":{"line":61,"column":5}},"11":{"start":{"line":35,"column":23},"end":{"line":35,"column":53}},"12":{"start":{"line":36,"column":24},"end":{"line":36,"column":37}},"13":{"start":{"line":38,"column":6},"end":{"line":58,"column":9}},"14":{"start":{"line":39,"column":58},"end":{"line":39,"column":66}},"15":{"start":{"line":40,"column":8},"end":{"line":57,"column":9}},"16":{"start":{"line":41,"column":25},"end":{"line":46,"column":35}},"17":{"start":{"line":47,"column":10},"end":{"line":47,"column":27}},"18":{"start":{"line":50,"column":25},"end":{"line":55,"column":35}},"19":{"start":{"line":56,"column":10},"end":{"line":56,"column":70}},"20":{"start":{"line":60,"column":6},"end":{"line":60,"column":44}},"21":{"start":{"line":64,"column":2},"end":{"line":133,"column":9}},"22":{"start":{"line":66,"column":16},"end":{"line":66,"column":63}},"23":{"start":{"line":67,"column":4},"end":{"line":67,"column":25}},"24":{"start":{"line":70,"column":4},"end":{"line":72,"column":6}},"25":{"start":{"line":75,"column":4},"end":{"line":109,"column":9}},"26":{"start":{"line":77,"column":29},"end":{"line":77,"column":37}},"27":{"start":{"line":78,"column":8},"end":{"line":78,"column":42}},"28":{"start":{"line":81,"column":8},"end":{"line":83,"column":9}},"29":{"start":{"line":82,"column":10},"end":{"line":82,"column":45}},"30":{"start":{"line":84,"column":8},"end":{"line":86,"column":9}},"31":{"start":{"line":85,"column":10},"end":{"line":85,"column":45}},"32":{"start":{"line":89,"column":23},"end":{"line":89,"column":54}},"33":{"start":{"line":90,"column":8},"end":{"line":96,"column":23}},"34":{"start":{"line":97,"column":8},"end":{"line":97,"column":35}},"35":{"start":{"line":100,"column":23},"end":{"line":105,"column":21}},"36":{"start":{"line":106,"column":8},"end":{"line":106,"column":35}},"37":{"start":{"line":108,"column":8},"end":{"line":108,"column":35}},"38":{"start":{"line":112,"column":4},"end":{"line":126,"column":74}},"39":{"start":{"line":113,"column":26},"end":{"line":113,"column":41}},"40":{"start":{"line":115,"column":8},"end":{"line":124,"column":11}},"41":{"start":{"line":116,"column":24},"end":{"line":116,"column":33}},"42":{"start":{"line":117,"column":25},"end":{"line":120,"column":23}},"43":{"start":{"line":121,"column":10},"end":{"line":123,"column":12}},"44":{"start":{"line":126,"column":24},"end":{"line":126,"column":72}},"45":{"start":{"line":128,"column":4},"end":{"line":128,"column":23}},"46":{"start":{"line":130,"column":4},"end":{"line":132,"column":6}},"47":{"start":{"line":131,"column":6},"end":{"line":131,"column":19}},"48":{"start":{"line":135,"column":2},"end":{"line":139,"column":15}},"49":{"start":{"line":136,"column":4},"end":{"line":138,"column":5}},"50":{"start":{"line":137,"column":6},"end":{"line":137,"column":42}},"51":{"start":{"line":141,"column":2},"end":{"line":141,"column":64}},"52":{"start":{"line":144,"column":0},"end":{"line":144,"column":27}}},"fnMap":{"0":{"name":"(anonymous_1)","decl":{"start":{"line":20,"column":20},"end":{"line":20,"column":21}},"loc":{"start":{"line":24,"column":27},"end":{"line":142,"column":1}}},"1":{"name":"(anonymous_2)","decl":{"start":{"line":33,"column":27},"end":{"line":33,"column":32}},"loc":{"start":{"line":33,"column":38},"end":{"line":62,"column":3}}},"2":{"name":"(anonymous_3)","decl":{"start":{"line":38,"column":24},"end":{"line":38,"column":25}},"loc":{"start":{"line":38,"column":56},"end":{"line":58,"column":7}}},"3":{"name":"(anonymous_4)","decl":{"start":{"line":64,"column":12},"end":{"line":64,"column":15}},"loc":{"start":{"line":64,"column":17},"end":{"line":133,"column":3}}},"4":{"name":"(anonymous_5)","decl":{"start":{"line":76,"column":22},"end":{"line":76,"column":27}},"loc":{"start":{"line":76,"column":55},"end":{"line":109,"column":7}}},"5":{"name":"(anonymous_6)","decl":{"start":{"line":113,"column":12},"end":{"line":113,"column":13}},"loc":{"start":{"line":113,"column":26},"end":{"line":113,"column":41}}},"6":{"name":"(anonymous_7)","decl":{"start":{"line":114,"column":12},"end":{"line":114,"column":13}},"loc":{"start":{"line":114,"column":21},"end":{"line":125,"column":7}}},"7":{"name":"(anonymous_8)","decl":{"start":{"line":115,"column":34},"end":{"line":115,"column":35}},"loc":{"start":{"line":115,"column":42},"end":{"line":124,"column":9}}},"8":{"name":"(anonymous_9)","decl":{"start":{"line":126,"column":13},"end":{"line":126,"column":14}},"loc":{"start":{"line":126,"column":24},"end":{"line":126,"column":72}}},"9":{"name":"(anonymous_10)","decl":{"start":{"line":130,"column":11},"end":{"line":130,"column":14}},"loc":{"start":{"line":130,"column":16},"end":{"line":132,"column":5}}},"10":{"name":"(anonymous_11)","decl":{"start":{"line":135,"column":12},"end":{"line":135,"column":15}},"loc":{"start":{"line":135,"column":17},"end":{"line":139,"column":3}}}},"branchMap":{"0":{"loc":{"start":{"line":40,"column":8},"end":{"line":57,"column":9}},"type":"if","locations":[{"start":{"line":40,"column":8},"end":{"line":57,"column":9}},{"start":{"line":49,"column":15},"end":{"line":57,"column":9}}]},"1":{"loc":{"start":{"line":75,"column":4},"end":{"line":109,"column":8}},"type":"binary-expr","locations":[{"start":{"line":75,"column":4},"end":{"line":75,"column":15}},{"start":{"line":76,"column":6},"end":{"line":109,"column":8}}]},"2":{"loc":{"start":{"line":81,"column":8},"end":{"line":83,"column":9}},"type":"if","locations":[{"start":{"line":81,"column":8},"end":{"line":83,"column":9}}]},"3":{"loc":{"start":{"line":84,"column":8},"end":{"line":86,"column":9}},"type":"if","locations":[{"start":{"line":84,"column":8},"end":{"line":86,"column":9}}]},"4":{"loc":{"start":{"line":136,"column":4},"end":{"line":138,"column":5}},"type":"if","locations":[{"start":{"line":136,"column":4},"end":{"line":138,"column":5}}]},"5":{"loc":{"start":{"line":136,"column":8},"end":{"line":136,"column":45}},"type":"binary-expr","locations":[{"start":{"line":136,"column":8},"end":{"line":136,"column":24}},{"start":{"line":136,"column":28},"end":{"line":136,"column":45}}]}},"s":{"0":0,"1":0,"2":0,"3":0,"4":0,"5":0,"6":0,"7":0,"8":0,"9":0,"10":0,"11":0,"12":0,"13":0,"14":0,"15":0,"16":0,"17":0,"18":0,"19":0,"20":0,"21":0,"22":0,"23":0,"24":0,"25":0,"26":0,"27":0,"28":0,"29":0,"30":0,"31":0,"32":0,"33":0,"34":0,"35":0,"36":0,"37":0,"38":0,"39":0,"40":0,"41":0,"42":0,"43":0,"44":0,"45":0,"46":0,"47":0,"48":0,"49":0,"50":0,"51":0,"52":0},"f":{"0":0,"1":0,"2":0,"3":0,"4":0,"5":0,"6":0,"7":0,"8":0,"9":0,"10":0},"b":{"0":[0,0],"1":[0,0],"2":[0],"3":[0],"4":[0],"5":[0,0]}}
,"H:\\3YP\\e20-3yp-Cattle-Management-System\\cms-frontend\\src\\components\\GeoFence\\GeoFencePage.tsx": {"path":"H:\\3YP\\e20-3yp-Cattle-Management-System\\cms-frontend\\src\\components\\GeoFence\\GeoFencePage.tsx","statementMap":{"0":{"start":{"line":1,"column":0},"end":{"line":1,"column":33}},"1":{"start":{"line":2,"column":0},"end":{"line":2,"column":31}},"2":{"start":{"line":3,"column":0},"end":{"line":3,"column":40}},"3":{"start":{"line":4,"column":0},"end":{"line":4,"column":46}},"4":{"start":{"line":6,"column":21},"end":{"line":24,"column":1}},"5":{"start":{"line":7,"column":26},"end":{"line":7,"column":63}},"6":{"start":{"line":8,"column":46},"end":{"line":8,"column":71}},"7":{"start":{"line":9,"column":2},"end":{"line":23,"column":4}},"8":{"start":{"line":26,"column":0},"end":{"line":26,"column":28}}},"fnMap":{"0":{"name":"(anonymous_1)","decl":{"start":{"line":6,"column":21},"end":{"line":6,"column":24}},"loc":{"start":{"line":6,"column":26},"end":{"line":24,"column":1}}}},"branchMap":{"0":{"loc":{"start":{"line":20,"column":7},"end":{"line":20,"column":60}},"type":"binary-expr","locations":[{"start":{"line":20,"column":7},"end":{"line":20,"column":41}},{"start":{"line":20,"column":45},"end":{"line":20,"column":60}}]},"1":{"loc":{"start":{"line":21,"column":7},"end":{"line":21,"column":66}},"type":"binary-expr","locations":[{"start":{"line":21,"column":7},"end":{"line":21,"column":44}},{"start":{"line":21,"column":48},"end":{"line":21,"column":66}}]}},"s":{"0":0,"1":0,"2":0,"3":0,"4":0,"5":0,"6":0,"7":0,"8":0},"f":{"0":0},"b":{"0":[0,0],"1":[0,0]}}
,"H:\\3YP\\e20-3yp-Cattle-Management-System\\cms-frontend\\src\\constants\\index.ts": {"path":"H:\\3YP\\e20-3yp-Cattle-Management-System\\cms-frontend\\src\\constants\\index.ts","statementMap":{"0":{"start":{"line":1,"column":0},"end":{"line":1,"column":45}},"1":{"start":{"line":2,"column":0},"end":{"line":2,"column":43}},"2":{"start":{"line":3,"column":0},"end":{"line":3,"column":50}},"3":{"start":{"line":4,"column":0},"end":{"line":4,"column":41}},"4":{"start":{"line":6,"column":0},"end":{"line":6,"column":49}},"5":{"start":{"line":7,"column":0},"end":{"line":7,"column":52}},"6":{"start":{"line":8,"column":0},"end":{"line":8,"column":46}},"7":{"start":{"line":9,"column":0},"end":{"line":9,"column":43}},"8":{"start":{"line":11,"column":13},"end":{"line":16,"column":2}},"9":{"start":{"line":18,"column":13},"end":{"line":23,"column":2}}},"fnMap":{},"branchMap":{},"s":{"0":0,"1":0,"2":0,"3":0,"4":0,"5":0,"6":0,"7":0,"8":0,"9":0},"f":{},"b":{}}
,"H:\\3YP\\e20-3yp-Cattle-Management-System\\cms-frontend\\src\\context\\ContextWrapper.tsx": {"path":"H:\\3YP\\e20-3yp-Cattle-Management-System\\cms-frontend\\src\\context\\ContextWrapper.tsx","statementMap":{"0":{"start":{"line":1,"column":0},"end":{"line":1,"column":55}},"1":{"start":{"line":2,"column":0},"end":{"line":2,"column":44}},"2":{"start":{"line":17,"column":23},"end":{"line":53,"column":1}},"3":{"start":{"line":18,"column":52},"end":{"line":18,"column":67}},"4":{"start":{"line":19,"column":46},"end":{"line":19,"column":61}},"5":{"start":{"line":20,"column":26},"end":{"line":32,"column":4}},"6":{"start":{"line":22,"column":22},"end":{"line":22,"column":50}},"7":{"start":{"line":23,"column":4},"end":{"line":31,"column":10}},"8":{"start":{"line":35,"column":2},"end":{"line":37,"column":13}},"9":{"start":{"line":36,"column":4},"end":{"line":36,"column":55}},"10":{"start":{"line":39,"column":2},"end":{"line":52,"column":4}},"11":{"start":{"line":55,"column":0},"end":{"line":55,"column":30}}},"fnMap":{"0":{"name":"(anonymous_1)","decl":{"start":{"line":17,"column":23},"end":{"line":17,"column":24}},"loc":{"start":{"line":17,"column":61},"end":{"line":53,"column":1}}},"1":{"name":"(anonymous_2)","decl":{"start":{"line":20,"column":45},"end":{"line":20,"column":48}},"loc":{"start":{"line":20,"column":50},"end":{"line":32,"column":3}}},"2":{"name":"(anonymous_3)","decl":{"start":{"line":35,"column":12},"end":{"line":35,"column":15}},"loc":{"start":{"line":35,"column":17},"end":{"line":37,"column":3}}}},"branchMap":{"0":{"loc":{"start":{"line":23,"column":11},"end":{"line":31,"column":10}},"type":"cond-expr","locations":[{"start":{"line":24,"column":8},"end":{"line":24,"column":29}},{"start":{"line":25,"column":8},"end":{"line":31,"column":10}}]}},"s":{"0":0,"1":0,"2":0,"3":0,"4":0,"5":0,"6":0,"7":0,"8":0,"9":0,"10":0,"11":0},"f":{"0":0,"1":0,"2":0},"b":{"0":[0,0]}}
,"H:\\3YP\\e20-3yp-Cattle-Management-System\\cms-frontend\\src\\context\\GlobalContext.tsx": {"path":"H:\\3YP\\e20-3yp-Cattle-Management-System\\cms-frontend\\src\\context\\GlobalContext.tsx","statementMap":{"0":{"start":{"line":1,"column":0},"end":{"line":1,"column":26}},"1":{"start":{"line":22,"column":22},"end":{"line":36,"column":2}},"2":{"start":{"line":38,"column":0},"end":{"line":38,"column":29}}},"fnMap":{"0":{"name":"(anonymous_1)","decl":{"start":{"line":24,"column":24},"end":{"line":24,"column":27}},"loc":{"start":{"line":24,"column":29},"end":{"line":24,"column":32}}},"1":{"name":"(anonymous_2)","decl":{"start":{"line":26,"column":21},"end":{"line":26,"column":24}},"loc":{"start":{"line":26,"column":26},"end":{"line":26,"column":29}}},"2":{"name":"(anonymous_3)","decl":{"start":{"line":35,"column":11},"end":{"line":35,"column":14}},"loc":{"start":{"line":35,"column":16},"end":{"line":35,"column":19}}}},"branchMap":{},"s":{"0":3,"1":3,"2":3},"f":{"0":0,"1":0,"2":0},"b":{}}
,"H:\\3YP\\e20-3yp-Cattle-Management-System\\cms-frontend\\src\\hooks\\UseAxiosPrivate.tsx": {"path":"H:\\3YP\\e20-3yp-Cattle-Management-System\\cms-frontend\\src\\hooks\\UseAxiosPrivate.tsx","statementMap":{"0":{"start":{"line":1,"column":0},"end":{"line":1,"column":46}},"1":{"start":{"line":2,"column":0},"end":{"line":2,"column":48}},"2":{"start":{"line":3,"column":0},"end":{"line":3,"column":49}},"3":{"start":{"line":4,"column":0},"end":{"line":4,"column":53}},"4":{"start":{"line":6,"column":24},"end":{"line":42,"column":1}},"5":{"start":{"line":7,"column":18},"end":{"line":7,"column":35}},"6":{"start":{"line":8,"column":19},"end":{"line":8,"column":44}},"7":{"start":{"line":10,"column":2},"end":{"line":39,"column":22}},"8":{"start":{"line":11,"column":29},"end":{"line":18,"column":null}},"9":{"start":{"line":13,"column":8},"end":{"line":15,"column":9}},"10":{"start":{"line":14,"column":10},"end":{"line":14,"column":74}},"11":{"start":{"line":16,"column":8},"end":{"line":16,"column":22}},"12":{"start":{"line":18,"column":17},"end":{"line":18,"column":38}},"13":{"start":{"line":21,"column":30},"end":{"line":32,"column":null}},"14":{"start":{"line":22,"column":20},"end":{"line":22,"column":28}},"15":{"start":{"line":24,"column":28},"end":{"line":24,"column":41}},"16":{"start":{"line":25,"column":8},"end":{"line":30,"column":9}},"17":{"start":{"line":26,"column":10},"end":{"line":26,"column":34}},"18":{"start":{"line":27,"column":33},"end":{"line":27,"column":48}},"19":{"start":{"line":28,"column":10},"end":{"line":28,"column":76}},"20":{"start":{"line":29,"column":10},"end":{"line":29,"column":43}},"21":{"start":{"line":31,"column":8},"end":{"line":31,"column":37}},"22":{"start":{"line":35,"column":4},"end":{"line":38,"column":6}},"23":{"start":{"line":36,"column":6},"end":{"line":36,"column":64}},"24":{"start":{"line":37,"column":6},"end":{"line":37,"column":66}},"25":{"start":{"line":41,"column":2},"end":{"line":41,"column":22}},"26":{"start":{"line":44,"column":0},"end":{"line":44,"column":31}}},"fnMap":{"0":{"name":"(anonymous_1)","decl":{"start":{"line":6,"column":24},"end":{"line":6,"column":27}},"loc":{"start":{"line":6,"column":29},"end":{"line":42,"column":1}}},"1":{"name":"(anonymous_2)","decl":{"start":{"line":10,"column":12},"end":{"line":10,"column":15}},"loc":{"start":{"line":10,"column":17},"end":{"line":39,"column":3}}},"2":{"name":"(anonymous_3)","decl":{"start":{"line":12,"column":6},"end":{"line":12,"column":7}},"loc":{"start":{"line":12,"column":17},"end":{"line":17,"column":7}}},"3":{"name":"(anonymous_4)","decl":{"start":{"line":18,"column":6},"end":{"line":18,"column":7}},"loc":{"start":{"line":18,"column":17},"end":{"line":18,"column":38}}},"4":{"name":"(anonymous_5)","decl":{"start":{"line":22,"column":6},"end":{"line":22,"column":7}},"loc":{"start":{"line":22,"column":20},"end":{"line":22,"column":28}}},"5":{"name":"(anonymous_6)","decl":{"start":{"line":23,"column":6},"end":{"line":23,"column":11}},"loc":{"start":{"line":23,"column":22},"end":{"line":32,"column":7}}},"6":{"name":"(anonymous_7)","decl":{"start":{"line":35,"column":11},"end":{"line":35,"column":14}},"loc":{"start":{"line":35,"column":16},"end":{"line":38,"column":5}}}},"branchMap":{"0":{"loc":{"start":{"line":13,"column":8},"end":{"line":15,"column":9}},"type":"if","locations":[{"start":{"line":13,"column":8},"end":{"line":15,"column":9}}]},"1":{"loc":{"start":{"line":25,"column":8},"end":{"line":30,"column":9}},"type":"if","locations":[{"start":{"line":25,"column":8},"end":{"line":30,"column":9}}]},"2":{"loc":{"start":{"line":25,"column":12},"end":{"line":25,"column":65}},"type":"binary-expr","locations":[{"start":{"line":25,"column":12},"end":{"line":25,"column":43}},{"start":{"line":25,"column":47},"end":{"line":25,"column":65}}]}},"s":{"0":0,"1":0,"2":0,"3":0,"4":0,"5":0,"6":0,"7":0,"8":0,"9":0,"10":0,"11":0,"12":0,"13":0,"14":0,"15":0,"16":0,"17":0,"18":0,"19":0,"20":0,"21":0,"22":0,"23":0,"24":0,"25":0,"26":0},"f":{"0":0,"1":0,"2":0,"3":0,"4":0,"5":0,"6":0},"b":{"0":[0],"1":[0],"2":[0,0]}}
,"H:\\3YP\\e20-3yp-Cattle-Management-System\\cms-frontend\\src\\hooks\\useRefreshToken.tsx": {"path":"H:\\3YP\\e20-3yp-Cattle-Management-System\\cms-frontend\\src\\hooks\\useRefreshToken.tsx","statementMap":{"0":{"start":{"line":1,"column":0},"end":{"line":1,"column":35}},"1":{"start":{"line":2,"column":0},"end":{"line":2,"column":53}},"2":{"start":{"line":3,"column":0},"end":{"line":3,"column":26}},"3":{"start":{"line":5,"column":24},"end":{"line":22,"column":1}},"4":{"start":{"line":6,"column":22},"end":{"line":6,"column":47}},"5":{"start":{"line":7,"column":18},"end":{"line":20,"column":3}},"6":{"start":{"line":8,"column":21},"end":{"line":10,"column":6}},"7":{"start":{"line":11,"column":4},"end":{"line":18,"column":7}},"8":{"start":{"line":12,"column":6},"end":{"line":12,"column":40}},"9":{"start":{"line":13,"column":6},"end":{"line":13,"column":45}},"10":{"start":{"line":14,"column":6},"end":{"line":17,"column":8}},"11":{"start":{"line":19,"column":4},"end":{"line":19,"column":37}},"12":{"start":{"line":21,"column":2},"end":{"line":21,"column":17}},"13":{"start":{"line":24,"column":0},"end":{"line":24,"column":31}}},"fnMap":{"0":{"name":"(anonymous_1)","decl":{"start":{"line":5,"column":24},"end":{"line":5,"column":27}},"loc":{"start":{"line":5,"column":29},"end":{"line":22,"column":1}}},"1":{"name":"(anonymous_2)","decl":{"start":{"line":7,"column":18},"end":{"line":7,"column":23}},"loc":{"start":{"line":7,"column":29},"end":{"line":20,"column":3}}},"2":{"name":"(anonymous_3)","decl":{"start":{"line":11,"column":12},"end":{"line":11,"column":13}},"loc":{"start":{"line":11,"column":21},"end":{"line":18,"column":5}}}},"branchMap":{},"s":{"0":0,"1":0,"2":0,"3":0,"4":0,"5":0,"6":0,"7":0,"8":0,"9":0,"10":0,"11":0,"12":0,"13":0},"f":{"0":0,"1":0,"2":0},"b":{}}
,"H:\\3YP\\e20-3yp-Cattle-Management-System\\cms-frontend\\src\\services\\AuthServices.tsx": {"path":"H:\\3YP\\e20-3yp-Cattle-Management-System\\cms-frontend\\src\\services\\AuthServices.tsx","statementMap":{"0":{"start":{"line":1,"column":0},"end":{"line":1,"column":26}},"1":{"start":{"line":29,"column":17},"end":{"line":29,"column":40}},"2":{"start":{"line":32,"column":16},"end":{"line":32,"column":45}},"3":{"start":{"line":33,"column":14},"end":{"line":33,"column":42}},"4":{"start":{"line":34,"column":24},"end":{"line":34,"column":62}},"5":{"start":{"line":35,"column":25},"end":{"line":35,"column":60}},"6":{"start":{"line":36,"column":28},"end":{"line":36,"column":65}},"7":{"start":{"line":38,"column":22},"end":{"line":43,"column":4}},"8":{"start":{"line":39,"column":2},"end":{"line":43,"column":4}},"9":{"start":{"line":38,"column":13},"end":{"line":38,"column":22}},"10":{"start":{"line":45,"column":21},"end":{"line":50,"column":4}},"11":{"start":{"line":46,"column":2},"end":{"line":50,"column":4}},"12":{"start":{"line":45,"column":13},"end":{"line":45,"column":21}},"13":{"start":{"line":52,"column":30},"end":{"line":58,"column":4}},"14":{"start":{"line":53,"column":2},"end":{"line":58,"column":4}},"15":{"start":{"line":52,"column":13},"end":{"line":52,"column":30}},"16":{"start":{"line":60,"column":30},"end":{"line":66,"column":4}},"17":{"start":{"line":61,"column":2},"end":{"line":66,"column":4}},"18":{"start":{"line":60,"column":13},"end":{"line":60,"column":30}},"19":{"start":{"line":68,"column":33},"end":{"line":74,"column":4}},"20":{"start":{"line":69,"column":2},"end":{"line":74,"column":4}},"21":{"start":{"line":68,"column":13},"end":{"line":68,"column":33}}},"fnMap":{"0":{"name":"(anonymous_1)","decl":{"start":{"line":38,"column":22},"end":{"line":38,"column":23}},"loc":{"start":{"line":39,"column":2},"end":{"line":43,"column":4}}},"1":{"name":"(anonymous_2)","decl":{"start":{"line":45,"column":21},"end":{"line":45,"column":22}},"loc":{"start":{"line":46,"column":2},"end":{"line":50,"column":4}}},"2":{"name":"(anonymous_3)","decl":{"start":{"line":52,"column":30},"end":{"line":52,"column":31}},"loc":{"start":{"line":53,"column":2},"end":{"line":58,"column":4}}},"3":{"name":"(anonymous_4)","decl":{"start":{"line":60,"column":30},"end":{"line":60,"column":31}},"loc":{"start":{"line":61,"column":2},"end":{"line":66,"column":4}}},"4":{"name":"(anonymous_5)","decl":{"start":{"line":68,"column":33},"end":{"line":68,"column":34}},"loc":{"start":{"line":69,"column":2},"end":{"line":74,"column":4}}}},"branchMap":{},"s":{"0":0,"1":0,"2":0,"3":0,"4":0,"5":0,"6":0,"7":0,"8":0,"9":0,"10":0,"11":0,"12":0,"13":0,"14":0,"15":0,"16":0,"17":0,"18":0,"19":0,"20":0,"21":0},"f":{"0":0,"1":0,"2":0,"3":0,"4":0},"b":{}}
,"H:\\3YP\\e20-3yp-Cattle-Management-System\\cms-frontend\\src\\services\\Axios.tsx": {"path":"H:\\3YP\\e20-3yp-Cattle-Management-System\\cms-frontend\\src\\services\\Axios.tsx","statementMap":{"0":{"start":{"line":1,"column":0},"end":{"line":1,"column":26}},"1":{"start":{"line":4,"column":17},"end":{"line":4,"column":40}},"2":{"start":{"line":6,"column":0},"end":{"line":8,"column":3}},"3":{"start":{"line":10,"column":13},"end":{"line":14,"column":3}}},"fnMap":{},"branchMap":{},"s":{"0":0,"1":0,"2":0,"3":0},"f":{},"b":{}}
,"H:\\3YP\\e20-3yp-Cattle-Management-System\\cms-frontend\\src\\services\\CattleListService.tsx": {"path":"H:\\3YP\\e20-3yp-Cattle-Management-System\\cms-frontend\\src\\services\\CattleListService.tsx","statementMap":{"0":{"start":{"line":1,"column":0},"end":{"line":1,"column":20}},"1":{"start":{"line":3,"column":0},"end":{"line":3,"column":28}},"2":{"start":{"line":7,"column":28},"end":{"line":7,"column":75}},"3":{"start":{"line":7,"column":34},"end":{"line":7,"column":75}},"4":{"start":{"line":7,"column":13},"end":{"line":7,"column":28}},"5":{"start":{"line":9,"column":25},"end":{"line":15,"column":1}},"6":{"start":{"line":10,"column":2},"end":{"line":14,"column":5}},"7":{"start":{"line":9,"column":13},"end":{"line":9,"column":25}}},"fnMap":{"0":{"name":"(anonymous_1)","decl":{"start":{"line":7,"column":28},"end":{"line":7,"column":31}},"loc":{"start":{"line":7,"column":34},"end":{"line":7,"column":75}}},"1":{"name":"(anonymous_2)","decl":{"start":{"line":9,"column":25},"end":{"line":9,"column":26}},"loc":{"start":{"line":9,"column":39},"end":{"line":15,"column":1}}}},"branchMap":{},"s":{"0":0,"1":0,"2":0,"3":0,"4":0,"5":0,"6":0,"7":0},"f":{"0":0,"1":0},"b":{}}
}
