TN:
SF:src\App.tsx
FN:23,App
FNF:1
FNH:0
FNDA:0,App
DA:1,0
DA:2,0
DA:3,0
DA:4,0
DA:5,0
DA:12,0
DA:13,0
DA:14,0
DA:15,0
DA:16,0
DA:17,0
DA:18,0
DA:19,0
DA:20,0
DA:21,0
DA:24,0
DA:69,0
LF:17
LH:0
BRF:0
BRH:0
end_of_record
TN:
SF:src\components\AddCattleForm.tsx
FN:7,(anonymous_1)
FN:15,(anonymous_2)
FN:19,(anonymous_3)
FNF:3
FNH:0
FNDA:0,(anonymous_1)
FNDA:0,(anonymous_2)
FNDA:0,(anonymous_3)
DA:1,0
DA:2,0
DA:3,0
DA:4,0
DA:5,0
DA:7,0
DA:8,0
DA:13,0
DA:15,0
DA:16,0
DA:19,0
DA:20,0
DA:21,0
DA:27,0
DA:28,0
DA:29,0
DA:30,0
DA:32,0
DA:36,0
DA:78,0
LF:20
LH:0
BRDA:60,0,0,0
BRDA:60,0,1,0
BRF:2
BRH:0
end_of_record
TN:
SF:src\components\CattleCard.tsx
FN:10,(anonymous_1)
FN:28,(anonymous_2)
FN:37,(anonymous_3)
FNF:3
FNH:0
FNDA:0,(anonymous_1)
FNDA:0,(anonymous_2)
FNDA:0,(anonymous_3)
DA:1,0
DA:2,0
DA:4,0
DA:10,0
DA:11,0
DA:16,0
DA:18,0
DA:29,0
DA:37,0
DA:104,0
LF:10
LH:0
BRDA:33,0,0,0
BRDA:33,0,1,0
BRF:2
BRH:0
end_of_record
TN:
SF:src\components\CattleList.tsx
FN:14,(anonymous_1)
FN:26,(anonymous_2)
FN:31,(anonymous_3)
FN:38,(anonymous_4)
FN:49,(anonymous_5)
FN:82,(anonymous_6)
FN:94,(anonymous_7)
FN:95,(anonymous_8)
FN:98,(anonymous_9)
FNF:9
FNH:0
FNDA:0,(anonymous_1)
FNDA:0,(anonymous_2)
FNDA:0,(anonymous_3)
FNDA:0,(anonymous_4)
FNDA:0,(anonymous_5)
FNDA:0,(anonymous_6)
FNDA:0,(anonymous_7)
FNDA:0,(anonymous_8)
FNDA:0,(anonymous_9)
DA:1,0
DA:2,0
DA:4,0
DA:5,0
DA:7,0
DA:8,0
DA:9,0
DA:10,0
DA:11,0
DA:12,0
DA:14,0
DA:20,0
DA:21,0
DA:22,0
DA:24,0
DA:26,0
DA:27,0
DA:28,0
DA:31,0
DA:32,0
DA:33,0
DA:36,0
DA:38,0
DA:39,0
DA:40,0
DA:41,0
DA:42,0
DA:43,0
DA:45,0
DA:46,0
DA:49,0
DA:50,0
DA:53,0
DA:83,0
DA:94,0
DA:96,0
DA:98,0
DA:137,0
LF:38
LH:0
BRDA:112,0,0,0
BRDA:112,0,1,0
BRDA:131,1,0,0
BRDA:131,1,1,0
BRDA:132,2,0,0
BRDA:132,2,1,0
BRF:6
BRH:0
end_of_record
TN:
SF:src\components\Dashboard.tsx
FN:7,(anonymous_1)
FNF:1
FNH:0
FNDA:0,(anonymous_1)
DA:1,0
DA:2,0
DA:3,0
DA:4,0
DA:5,0
DA:7,0
DA:8,0
DA:64,0
LF:8
LH:0
BRF:0
BRH:0
end_of_record
TN:
SF:src\components\LiveLocation.tsx
FN:6,(anonymous_1)
FN:9,(anonymous_2)
FN:20,(anonymous_3)
FN:48,(anonymous_4)
FN:49,(anonymous_5)
FN:102,(anonymous_6)
FNF:6
FNH:0
FNDA:0,(anonymous_1)
FNDA:0,(anonymous_2)
FNDA:0,(anonymous_3)
FNDA:0,(anonymous_4)
FNDA:0,(anonymous_5)
FNDA:0,(anonymous_6)
DA:1,0
DA:2,0
DA:3,0
DA:6,0
DA:7,0
DA:8,0
DA:9,0
DA:10,0
DA:11,0
DA:12,0
DA:13,0
DA:14,0
DA:16,0
DA:17,0
DA:20,0
DA:21,0
DA:24,0
DA:48,0
DA:50,0
DA:103,0
DA:121,0
LF:21
LH:0
BRF:0
BRH:0
end_of_record
TN:
SF:src\components\Login.tsx
FN:14,(anonymous_1)
FN:25,(anonymous_2)
FN:37,(anonymous_3)
FN:150,(anonymous_4)
FNF:4
FNH:2
FNDA:4,(anonymous_1)
FNDA:0,(anonymous_2)
FNDA:1,(anonymous_3)
FNDA:0,(anonymous_4)
DA:1,1
DA:2,1
DA:3,1
DA:4,1
DA:5,1
DA:6,1
DA:7,1
DA:14,1
DA:15,4
DA:21,4
DA:22,4
DA:25,4
DA:26,0
DA:27,0
DA:37,4
DA:38,1
DA:39,1
DA:40,1
DA:41,1
DA:42,1
DA:50,1
DA:51,1
DA:53,0
DA:54,0
DA:55,0
DA:56,0
DA:57,0
DA:60,0
DA:61,0
DA:65,0
DA:71,0
DA:78,4
DA:150,0
DA:172,1
LF:34
LH:22
BRDA:54,0,0,0
BRDA:54,0,1,0
BRDA:56,1,0,0
BRDA:56,1,1,0
BRDA:60,2,0,0
BRDA:60,2,1,0
BRDA:67,3,0,0
BRDA:67,3,1,0
BRDA:107,4,0,4
BRDA:107,4,1,0
BRDA:126,5,0,4
BRDA:126,5,1,0
BRDA:137,6,0,1
BRDA:137,6,1,3
BRDA:139,7,0,4
BRDA:139,7,1,0
BRF:16
BRH:5
end_of_record
TN:
SF:src\components\Map.tsx
FN:13,(anonymous_1)
FN:14,(anonymous_2)
FN:25,(anonymous_3)
FN:26,(anonymous_4)
FN:27,(anonymous_5)
FN:38,(anonymous_6)
FN:40,(anonymous_7)
FNF:7
FNH:0
FNDA:0,(anonymous_1)
FNDA:0,(anonymous_2)
FNDA:0,(anonymous_3)
FNDA:0,(anonymous_4)
FNDA:0,(anonymous_5)
FNDA:0,(anonymous_6)
FNDA:0,(anonymous_7)
DA:1,0
DA:2,0
DA:3,0
DA:13,0
DA:14,0
DA:16,0
DA:19,0
DA:24,0
DA:25,0
DA:27,0
DA:28,0
DA:29,0
DA:33,0
DA:38,0
DA:40,0
DA:41,0
DA:45,0
DA:48,0
LF:18
LH:0
BRF:0
BRH:0
end_of_record
TN:
SF:src\components\MapPage.tsx
FN:6,(anonymous_1)
FNF:1
FNH:0
FNDA:0,(anonymous_1)
DA:1,0
DA:2,0
DA:3,0
DA:4,0
DA:6,0
DA:7,0
DA:8,0
DA:10,0
DA:27,0
LF:9
LH:0
BRDA:21,0,0,0
BRDA:21,0,1,0
BRDA:22,1,0,0
BRDA:22,1,1,0
BRF:4
BRH:0
end_of_record
TN:
SF:src\components\Nav.tsx
FN:12,(anonymous_1)
FN:28,(anonymous_2)
FN:51,(anonymous_3)
FNF:3
FNH:0
FNDA:0,(anonymous_1)
FNDA:0,(anonymous_2)
FNDA:0,(anonymous_3)
DA:2,0
DA:3,0
DA:4,0
DA:12,0
DA:13,0
DA:29,0
DA:52,0
DA:70,0
LF:8
LH:0
BRF:0
BRH:0
end_of_record
TN:
SF:src\components\NavSub.tsx
FN:9,(anonymous_0)
FN:15,(anonymous_1)
FN:24,(anonymous_2)
FNF:3
FNH:0
FNDA:0,(anonymous_0)
FNDA:0,(anonymous_1)
FNDA:0,(anonymous_2)
DA:9,0
DA:12,0
DA:16,0
DA:24,0
DA:33,0
LF:5
LH:0
BRDA:20,0,0,0
BRDA:20,0,1,0
BRF:2
BRH:0
end_of_record
TN:
SF:src\components\NotificationDropDown.tsx
FN:1,(anonymous_0)
FNF:1
FNH:0
FNDA:0,(anonymous_0)
DA:1,0
DA:2,0
DA:15,0
LF:3
LH:0
BRF:0
BRH:0
end_of_record
TN:
SF:src\components\NotificationIcon.tsx
FN:3,(anonymous_0)
FNF:1
FNH:0
FNDA:0,(anonymous_0)
DA:1,0
DA:3,0
DA:4,0
DA:18,0
LF:4
LH:0
BRDA:9,0,0,0
BRDA:9,0,1,0
BRF:2
BRH:0
end_of_record
TN:
SF:src\components\Profile.tsx
FN:31,(anonymous_1)
FN:58,(anonymous_2)
FN:60,(anonymous_3)
FN:63,(anonymous_4)
FN:68,(anonymous_5)
FN:75,(anonymous_6)
FN:83,(anonymous_7)
FN:92,(anonymous_8)
FN:93,(anonymous_9)
FN:118,(anonymous_10)
FN:152,(anonymous_11)
FN:195,(anonymous_12)
FN:214,(anonymous_13)
FN:224,(anonymous_14)
FN:233,(anonymous_15)
FN:383,(anonymous_16)
FN:478,(anonymous_17)
FNF:17
FNH:12
FNDA:12,(anonymous_1)
FNDA:5,(anonymous_2)
FNDA:0,(anonymous_3)
FNDA:2,(anonymous_4)
FNDA:4,(anonymous_5)
FNDA:0,(anonymous_6)
FNDA:3,(anonymous_7)
FNDA:3,(anonymous_8)
FNDA:3,(anonymous_9)
FNDA:1,(anonymous_10)
FNDA:1,(anonymous_11)
FNDA:0,(anonymous_12)
FNDA:2,(anonymous_13)
FNDA:1,(anonymous_14)
FNDA:1,(anonymous_15)
FNDA:0,(anonymous_16)
FNDA:0,(anonymous_17)
DA:1,1
DA:2,1
DA:3,1
DA:8,1
DA:9,1
DA:10,1
DA:31,1
DA:32,12
DA:33,12
DA:34,12
DA:35,12
DA:39,12
DA:47,12
DA:55,12
DA:58,12
DA:59,5
DA:60,2
DA:61,0
DA:63,2
DA:68,12
DA:69,4
DA:70,1
DA:75,12
DA:76,0
DA:77,0
DA:78,0
DA:79,0
DA:83,12
DA:84,3
DA:85,3
DA:86,3
DA:87,3
DA:92,12
DA:93,3
DA:94,3
DA:95,3
DA:96,3
DA:97,3
DA:105,0
DA:106,0
DA:113,3
DA:114,3
DA:118,12
DA:121,1
DA:122,1
DA:123,0
DA:126,0
DA:129,1
DA:137,1
DA:138,1
DA:139,1
DA:140,1
DA:142,0
DA:143,0
DA:144,0
DA:152,12
DA:153,1
DA:154,1
DA:155,1
DA:162,1
DA:163,1
DA:164,1
DA:166,0
DA:167,0
DA:168,0
DA:176,12
DA:196,0
DA:197,0
DA:198,0
DA:199,0
DA:200,0
DA:214,2
DA:225,1
DA:226,1
DA:234,1
DA:235,1
DA:384,0
DA:385,0
DA:479,0
DA:480,0
DA:481,0
DA:506,1
LF:82
LH:57
BRDA:59,0,0,2
BRDA:69,1,0,1
BRDA:84,2,0,3
BRDA:113,3,0,3
BRDA:122,4,0,0
BRDA:143,5,0,0
BRDA:146,6,0,0
BRDA:146,6,1,0
BRDA:167,7,0,0
BRDA:170,8,0,0
BRDA:170,8,1,0
BRDA:180,9,0,12
BRDA:180,9,1,2
BRDA:183,10,0,2
BRDA:183,10,1,0
BRDA:203,11,0,8
BRDA:203,11,1,4
BRDA:212,12,0,12
BRDA:212,12,1,7
BRDA:212,12,2,5
BRDA:221,13,0,12
BRDA:221,13,1,7
BRDA:221,13,2,2
BRDA:245,14,0,8
BRDA:245,14,1,4
BRDA:259,15,0,2
BRDA:259,15,1,6
BRDA:270,16,0,6
BRDA:270,16,1,0
BRDA:273,17,0,8
BRDA:273,17,1,2
BRDA:273,17,2,0
BRDA:292,18,0,2
BRDA:292,18,1,6
BRDA:303,19,0,6
BRDA:303,19,1,0
BRDA:306,20,0,8
BRDA:306,20,1,2
BRDA:306,20,2,0
BRDA:325,21,0,2
BRDA:325,21,1,6
BRDA:337,22,0,8
BRDA:337,22,1,2
BRDA:337,22,2,0
BRDA:356,23,0,2
BRDA:356,23,1,6
BRDA:367,24,0,6
BRDA:367,24,1,0
BRDA:370,25,0,8
BRDA:370,25,1,2
BRDA:370,25,2,0
BRDA:379,26,0,8
BRDA:379,26,1,2
BRDA:396,27,0,1
BRDA:396,27,1,1
BRDA:422,28,0,4
BRDA:422,28,1,3
BRDA:422,28,2,0
BRDA:444,29,0,4
BRDA:444,29,1,3
BRDA:444,29,2,0
BRDA:466,30,0,4
BRDA:466,30,1,3
BRDA:466,30,2,0
BRDA:474,31,0,4
BRDA:474,31,1,3
BRDA:492,32,0,1
BRDA:492,32,1,2
BRF:68
BRH:50
end_of_record
TN:
SF:src\components\RequireAuth.tsx
FN:6,(anonymous_1)
FNF:1
FNH:0
FNDA:0,(anonymous_1)
DA:1,0
DA:2,0
DA:3,0
DA:6,0
DA:7,0
DA:8,0
DA:10,0
DA:17,0
LF:8
LH:0
BRDA:10,0,0,0
BRDA:10,0,1,0
BRF:2
BRH:0
end_of_record
TN:
SF:src\components\Signup.tsx
FN:15,(anonymous_1)
FN:24,(anonymous_2)
FN:175,(anonymous_3)
FNF:3
FNH:2
FNDA:4,(anonymous_1)
FNDA:1,(anonymous_2)
FNDA:0,(anonymous_3)
DA:1,1
DA:2,1
DA:3,1
DA:4,1
DA:5,1
DA:15,1
DA:16,4
DA:22,4
DA:24,4
DA:25,1
DA:26,1
DA:27,1
DA:28,1
DA:30,0
DA:31,0
DA:32,0
DA:33,0
DA:37,0
DA:45,4
DA:175,0
DA:196,1
LF:21
LH:15
BRDA:31,0,0,0
BRDA:32,1,0,0
BRDA:32,1,1,0
BRDA:71,2,0,4
BRDA:71,2,1,0
BRDA:93,3,0,4
BRDA:93,3,1,0
BRDA:115,4,0,4
BRDA:115,4,1,0
BRDA:133,5,0,4
BRDA:133,5,1,0
BRDA:156,6,0,4
BRDA:156,6,1,0
BRDA:164,7,0,1
BRDA:164,7,1,3
BRDA:166,8,0,4
BRDA:166,8,1,0
BRF:17
BRH:8
end_of_record
TN:
SF:src\components\TopNav.tsx
FN:7,(anonymous_1)
FN:12,(anonymous_2)
FN:29,(anonymous_3)
FN:30,(anonymous_4)
FNF:4
FNH:0
FNDA:0,(anonymous_1)
FNDA:0,(anonymous_2)
FNDA:0,(anonymous_3)
FNDA:0,(anonymous_4)
DA:1,0
DA:2,0
DA:3,0
DA:4,0
DA:5,0
DA:7,0
DA:8,0
DA:9,0
DA:12,0
DA:13,0
DA:14,0
DA:17,0
DA:18,0
DA:21,0
DA:29,0
DA:30,0
DA:41,0
LF:17
LH:0
BRDA:14,0,0,0
BRDA:33,1,0,0
BRDA:33,1,1,0
BRF:3
BRH:0
end_of_record
TN:
SF:src\components\GeoFence\AddGeoFence.tsx
FN:6,(anonymous_1)
FN:16,(anonymous_2)
FN:20,(anonymous_3)
FN:25,(anonymous_4)
FN:30,(anonymous_5)
FN:149,(anonymous_6)
FN:159,(anonymous_7)
FN:182,(anonymous_8)
FNF:8
FNH:0
FNDA:0,(anonymous_1)
FNDA:0,(anonymous_2)
FNDA:0,(anonymous_3)
FNDA:0,(anonymous_4)
FNDA:0,(anonymous_5)
FNDA:0,(anonymous_6)
FNDA:0,(anonymous_7)
FNDA:0,(anonymous_8)
DA:1,0
DA:2,0
DA:3,0
DA:4,0
DA:6,0
DA:7,0
DA:8,0
DA:9,0
DA:10,0
DA:11,0
DA:16,0
DA:17,0
DA:20,0
DA:21,0
DA:25,0
DA:26,0
DA:27,0
DA:30,0
DA:31,0
DA:32,0
DA:33,0
DA:36,0
DA:44,0
DA:45,0
DA:51,0
DA:52,0
DA:55,0
DA:56,0
DA:57,0
DA:58,0
DA:61,0
DA:149,0
DA:159,0
DA:182,0
DA:214,0
LF:35
LH:0
BRDA:31,0,0,0
BRDA:69,1,0,0
BRDA:69,1,1,0
BRDA:142,2,0,0
BRDA:142,2,1,0
BRDA:151,3,0,0
BRDA:151,3,1,0
BRDA:161,4,0,0
BRDA:161,4,1,0
BRDA:194,5,0,0
BRDA:194,5,1,0
BRF:11
BRH:0
end_of_record
TN:
SF:src\components\GeoFence\DeleteGeoFence.tsx
FN:13,(anonymous_1)
FN:17,(anonymous_2)
FN:23,(anonymous_3)
FN:49,(anonymous_4)
FN:57,(anonymous_5)
FNF:5
FNH:0
FNDA:0,(anonymous_1)
FNDA:0,(anonymous_2)
FNDA:0,(anonymous_3)
FNDA:0,(anonymous_4)
FNDA:0,(anonymous_5)
DA:1,0
DA:2,0
DA:3,0
DA:13,0
DA:15,0
DA:17,0
DA:18,0
DA:19,0
DA:20,0
DA:22,0
DA:23,0
DA:24,0
DA:25,0
DA:26,0
DA:32,0
DA:35,0
DA:41,0
DA:45,0
DA:49,0
DA:50,0
DA:51,0
DA:55,0
DA:57,0
DA:58,0
DA:62,0
DA:84,0
LF:26
LH:0
BRDA:25,0,0,0
BRDA:25,0,1,0
BRF:2
BRH:0
end_of_record
TN:
SF:src\components\GeoFence\GeoFenceMap.tsx
FN:20,(anonymous_1)
FN:33,(anonymous_2)
FN:38,(anonymous_3)
FN:64,(anonymous_4)
FN:76,(anonymous_5)
FN:113,(anonymous_6)
FN:114,(anonymous_7)
FN:115,(anonymous_8)
FN:126,(anonymous_9)
FN:130,(anonymous_10)
FN:135,(anonymous_11)
FNF:11
FNH:0
FNDA:0,(anonymous_1)
FNDA:0,(anonymous_2)
FNDA:0,(anonymous_3)
FNDA:0,(anonymous_4)
FNDA:0,(anonymous_5)
FNDA:0,(anonymous_6)
FNDA:0,(anonymous_7)
FNDA:0,(anonymous_8)
FNDA:0,(anonymous_9)
FNDA:0,(anonymous_10)
FNDA:0,(anonymous_11)
DA:1,0
DA:2,0
DA:3,0
DA:4,0
DA:20,0
DA:25,0
DA:26,0
DA:27,0
DA:28,0
DA:33,0
DA:34,0
DA:35,0
DA:36,0
DA:38,0
DA:39,0
DA:40,0
DA:41,0
DA:47,0
DA:50,0
DA:56,0
DA:60,0
DA:64,0
DA:66,0
DA:67,0
DA:70,0
DA:75,0
DA:77,0
DA:78,0
DA:81,0
DA:82,0
DA:84,0
DA:85,0
DA:89,0
DA:90,0
DA:97,0
DA:100,0
DA:106,0
DA:108,0
DA:112,0
DA:113,0
DA:115,0
DA:116,0
DA:117,0
DA:121,0
DA:126,0
DA:128,0
DA:130,0
DA:131,0
DA:135,0
DA:136,0
DA:137,0
DA:141,0
DA:144,0
LF:53
LH:0
BRDA:40,0,0,0
BRDA:40,0,1,0
BRDA:75,1,0,0
BRDA:75,1,1,0
BRDA:81,2,0,0
BRDA:84,3,0,0
BRDA:136,4,0,0
BRDA:136,5,0,0
BRDA:136,5,1,0
BRF:9
BRH:0
end_of_record
TN:
SF:src\components\GeoFence\GeoFencePage.tsx
FN:6,(anonymous_1)
FNF:1
FNH:0
FNDA:0,(anonymous_1)
DA:1,0
DA:2,0
DA:3,0
DA:4,0
DA:6,0
DA:7,0
DA:8,0
DA:9,0
DA:26,0
LF:9
LH:0
BRDA:20,0,0,0
BRDA:20,0,1,0
BRDA:21,1,0,0
BRDA:21,1,1,0
BRF:4
BRH:0
end_of_record
TN:
SF:src\constants\index.ts
FNF:0
FNH:0
DA:1,0
DA:2,0
DA:3,0
DA:4,0
DA:6,0
DA:7,0
DA:8,0
DA:9,0
DA:11,0
DA:18,0
LF:10
LH:0
BRF:0
BRH:0
end_of_record
TN:
SF:src\context\ContextWrapper.tsx
FN:17,(anonymous_1)
FN:20,(anonymous_2)
FN:35,(anonymous_3)
FNF:3
FNH:0
FNDA:0,(anonymous_1)
FNDA:0,(anonymous_2)
FNDA:0,(anonymous_3)
DA:1,0
DA:2,0
DA:17,0
DA:18,0
DA:19,0
DA:20,0
DA:22,0
DA:23,0
DA:35,0
DA:36,0
DA:39,0
DA:55,0
LF:12
LH:0
BRDA:23,0,0,0
BRDA:23,0,1,0
BRF:2
BRH:0
end_of_record
TN:
SF:src\context\GlobalContext.tsx
FN:24,(anonymous_1)
FN:26,(anonymous_2)
FN:35,(anonymous_3)
FNF:3
FNH:0
FNDA:0,(anonymous_1)
FNDA:0,(anonymous_2)
FNDA:0,(anonymous_3)
DA:1,3
DA:22,3
DA:38,3
LF:3
LH:3
BRF:0
BRH:0
end_of_record
TN:
SF:src\hooks\UseAxiosPrivate.tsx
FN:6,(anonymous_1)
FN:10,(anonymous_2)
FN:12,(anonymous_3)
FN:18,(anonymous_4)
FN:22,(anonymous_5)
FN:23,(anonymous_6)
FN:35,(anonymous_7)
FNF:7
FNH:0
FNDA:0,(anonymous_1)
FNDA:0,(anonymous_2)
FNDA:0,(anonymous_3)
FNDA:0,(anonymous_4)
FNDA:0,(anonymous_5)
FNDA:0,(anonymous_6)
FNDA:0,(anonymous_7)
DA:1,0
DA:2,0
DA:3,0
DA:4,0
DA:6,0
DA:7,0
DA:8,0
DA:10,0
DA:11,0
DA:13,0
DA:14,0
DA:16,0
DA:18,0
DA:21,0
DA:22,0
DA:24,0
DA:25,0
DA:26,0
DA:27,0
DA:28,0
DA:29,0
DA:31,0
DA:35,0
DA:36,0
DA:37,0
DA:41,0
DA:44,0
LF:27
LH:0
BRDA:13,0,0,0
BRDA:25,1,0,0
BRDA:25,2,0,0
BRDA:25,2,1,0
BRF:4
BRH:0
end_of_record
TN:
SF:src\hooks\useRefreshToken.tsx
FN:5,(anonymous_1)
FN:7,(anonymous_2)
FN:11,(anonymous_3)
FNF:3
FNH:0
FNDA:0,(anonymous_1)
FNDA:0,(anonymous_2)
FNDA:0,(anonymous_3)
DA:1,0
DA:2,0
DA:3,0
DA:5,0
DA:6,0
DA:7,0
DA:8,0
DA:11,0
DA:12,0
DA:13,0
DA:14,0
DA:19,0
DA:21,0
DA:24,0
LF:14
LH:0
BRF:0
BRH:0
end_of_record
TN:
SF:src\services\AuthServices.tsx
FN:38,(anonymous_1)
FN:45,(anonymous_2)
FN:52,(anonymous_3)
FN:60,(anonymous_4)
FN:68,(anonymous_5)
FNF:5
FNH:0
FNDA:0,(anonymous_1)
FNDA:0,(anonymous_2)
FNDA:0,(anonymous_3)
FNDA:0,(anonymous_4)
FNDA:0,(anonymous_5)
DA:1,0
DA:29,0
DA:32,0
DA:33,0
DA:34,0
DA:35,0
DA:36,0
DA:38,0
DA:39,0
DA:45,0
DA:46,0
DA:52,0
DA:53,0
DA:60,0
DA:61,0
DA:68,0
DA:69,0
LF:17
LH:0
BRF:0
BRH:0
end_of_record
TN:
SF:src\services\Axios.tsx
FNF:0
FNH:0
DA:1,0
DA:4,0
DA:6,0
DA:10,0
LF:4
LH:0
BRF:0
BRH:0
end_of_record
TN:
SF:src\services\CattleListService.tsx
FN:7,(anonymous_1)
FN:9,(anonymous_2)
FNF:2
FNH:0
FNDA:0,(anonymous_1)
FNDA:0,(anonymous_2)
DA:1,0
DA:3,0
DA:7,0
DA:9,0
DA:10,0
LF:5
LH:0
BRF:0
BRH:0
end_of_record
